<?xml version="1.0" encoding="UTF-8"?>
<coverage generated="1610902297336" clover="3.2.0">
  <project timestamp="1610902297336" name="All files">
    <metrics statements="795" coveredstatements="742" conditionals="450" coveredconditionals="364" methods="118" coveredmethods="113" elements="1363" coveredelements="1219" complexity="0" loc="795" ncloc="795" packages="2" files="19" classes="19"/>
    <package name="src">
      <metrics statements="590" coveredstatements="577" conditionals="307" coveredconditionals="280" methods="92" coveredmethods="90"/>
      <file name="add-async.js" path="/Users/javve/git/list.js/src/add-async.js">
        <metrics statements="11" coveredstatements="11" conditionals="4" coveredconditionals="4" methods="3" coveredmethods="3"/>
        <line num="1" count="17" type="stmt"/>
        <line num="2" count="91" type="stmt"/>
        <line num="3" count="3" type="stmt"/>
        <line num="4" count="3" type="cond" truecount="2" falsecount="0"/>
        <line num="5" count="3" type="stmt"/>
        <line num="6" count="3" type="cond" truecount="2" falsecount="0"/>
        <line num="7" count="1" type="stmt"/>
        <line num="8" count="1" type="stmt"/>
        <line num="11" count="2" type="stmt"/>
        <line num="12" count="2" type="stmt"/>
        <line num="15" count="91" type="stmt"/>
      </file>
      <file name="filter.js" path="/Users/javve/git/list.js/src/filter.js">
        <metrics statements="19" coveredstatements="19" conditionals="8" coveredconditionals="8" methods="2" coveredmethods="2"/>
        <line num="1" count="17" type="stmt"/>
        <line num="3" count="90" type="cond" truecount="2" falsecount="0"/>
        <line num="4" count="90" type="cond" truecount="2" falsecount="0"/>
        <line num="6" count="90" type="stmt"/>
        <line num="7" count="69" type="stmt"/>
        <line num="8" count="69" type="stmt"/>
        <line num="9" count="69" type="stmt"/>
        <line num="10" count="69" type="cond" truecount="2" falsecount="0"/>
        <line num="11" count="47" type="stmt"/>
        <line num="13" count="22" type="stmt"/>
        <line num="14" count="22" type="stmt"/>
        <line num="15" count="22" type="stmt"/>
        <line num="16" count="122" type="stmt"/>
        <line num="17" count="122" type="cond" truecount="2" falsecount="0"/>
        <line num="18" count="70" type="stmt"/>
        <line num="20" count="52" type="stmt"/>
        <line num="24" count="69" type="stmt"/>
        <line num="25" count="69" type="stmt"/>
        <line num="26" count="69" type="stmt"/>
      </file>
      <file name="fuzzy-search.js" path="/Users/javve/git/list.js/src/fuzzy-search.js">
        <metrics statements="32" coveredstatements="32" conditionals="14" coveredconditionals="11" methods="6" coveredmethods="6"/>
        <line num="1" count="17" type="stmt"/>
        <line num="2" count="17" type="stmt"/>
        <line num="3" count="17" type="stmt"/>
        <line num="4" count="17" type="stmt"/>
        <line num="5" count="17" type="stmt"/>
        <line num="6" count="17" type="stmt"/>
        <line num="8" count="17" type="stmt"/>
        <line num="9" count="90" type="cond" truecount="2" falsecount="0"/>
        <line num="11" count="90" type="stmt"/>
        <line num="22" count="90" type="stmt"/>
        <line num="25" count="5" type="cond" truecount="1" falsecount="1"/>
        <line num="27" count="5" type="stmt"/>
        <line num="28" count="50" type="stmt"/>
        <line num="32" count="50" type="stmt"/>
        <line num="33" count="50" type="stmt"/>
        <line num="34" count="60" type="stmt"/>
        <line num="35" count="60" type="stmt"/>
        <line num="36" count="60" type="cond" truecount="2" falsecount="0"/>
        <line num="37" count="11" type="stmt"/>
        <line num="40" count="60" type="cond" truecount="2" falsecount="0"/>
        <line num="41" count="49" type="stmt"/>
        <line num="44" count="50" type="stmt"/>
        <line num="47" count="60" type="cond" truecount="1" falsecount="1"/>
        <line num="48" count="60" type="stmt"/>
        <line num="50" count="60" type="cond" truecount="2" falsecount="0"/>
        <line num="51" count="11" type="stmt"/>
        <line num="54" count="49" type="stmt"/>
        <line num="58" count="90" type="stmt"/>
        <line num="62" count="2" type="cond" truecount="1" falsecount="1"/>
        <line num="63" count="2" type="stmt"/>
        <line num="67" count="90" type="stmt"/>
        <line num="68" count="3" type="stmt"/>
      </file>
      <file name="index.js" path="/Users/javve/git/list.js/src/index.js">
        <metrics statements="160" coveredstatements="158" conditionals="37" coveredconditionals="35" methods="19" coveredmethods="19"/>
        <line num="1" count="17" type="stmt"/>
        <line num="2" count="17" type="stmt"/>
        <line num="3" count="17" type="stmt"/>
        <line num="4" count="17" type="stmt"/>
        <line num="5" count="17" type="stmt"/>
        <line num="6" count="17" type="stmt"/>
        <line num="7" count="17" type="stmt"/>
        <line num="8" count="17" type="stmt"/>
        <line num="9" count="17" type="stmt"/>
        <line num="11" count="17" type="stmt"/>
        <line num="12" count="91" type="stmt"/>
        <line num="14" count="91" type="stmt"/>
        <line num="15" count="91" type="stmt"/>
        <line num="16" count="91" type="stmt"/>
        <line num="18" count="91" type="stmt"/>
        <line num="20" count="91" type="stmt"/>
        <line num="21" count="91" type="stmt"/>
        <line num="22" count="91" type="stmt"/>
        <line num="23" count="91" type="stmt"/>
        <line num="24" count="91" type="stmt"/>
        <line num="25" count="91" type="stmt"/>
        <line num="26" count="91" type="stmt"/>
        <line num="27" count="91" type="stmt"/>
        <line num="28" count="91" type="stmt"/>
        <line num="29" count="91" type="stmt"/>
        <line num="30" count="91" type="stmt"/>
        <line num="31" count="91" type="stmt"/>
        <line num="32" count="91" type="stmt"/>
        <line num="33" count="91" type="stmt"/>
        <line num="34" count="91" type="stmt"/>
        <line num="46" count="91" type="stmt"/>
        <line num="48" count="91" type="cond" truecount="2" falsecount="0"/>
        <line num="49" count="91" type="cond" truecount="1" falsecount="1"/>
        <line num="50" count="0" type="stmt"/>
        <line num="52" count="91" type="stmt"/>
        <line num="54" count="91" type="stmt"/>
        <line num="55" count="91" type="stmt"/>
        <line num="56" count="90" type="stmt"/>
        <line num="57" count="90" type="stmt"/>
        <line num="58" count="90" type="stmt"/>
        <line num="59" count="90" type="stmt"/>
        <line num="61" count="90" type="stmt"/>
        <line num="62" count="90" type="stmt"/>
        <line num="63" count="90" type="stmt"/>
        <line num="65" count="90" type="stmt"/>
        <line num="68" count="90" type="stmt"/>
        <line num="69" count="720" type="cond" truecount="4" falsecount="0"/>
        <line num="70" count="1" type="stmt"/>
        <line num="75" count="90" type="stmt"/>
        <line num="76" count="90" type="cond" truecount="2" falsecount="0"/>
        <line num="77" count="71" type="stmt"/>
        <line num="81" count="90" type="cond" truecount="2" falsecount="0"/>
        <line num="82" count="4" type="cond" truecount="2" falsecount="0"/>
        <line num="83" count="1" type="stmt"/>
        <line num="85" count="4" type="cond" truecount="2" falsecount="0"/>
        <line num="86" count="3" type="stmt"/>
        <line num="88" count="4" type="stmt"/>
        <line num="89" count="4" type="stmt"/>
        <line num="98" count="91" type="stmt"/>
        <line num="99" count="1" type="stmt"/>
        <line num="100" count="1" type="stmt"/>
        <line num="101" count="1" type="stmt"/>
        <line num="102" count="1" type="stmt"/>
        <line num="103" count="1" type="stmt"/>
        <line num="104" count="1" type="stmt"/>
        <line num="107" count="91" type="stmt"/>
        <line num="108" count="2" type="stmt"/>
        <line num="109" count="2" type="stmt"/>
        <line num="110" count="8" type="stmt"/>
        <line num="112" count="2" type="stmt"/>
        <line num="118" count="91" type="stmt"/>
        <line num="119" count="238" type="cond" truecount="1" falsecount="1"/>
        <line num="120" count="0" type="stmt"/>
        <line num="122" count="238" type="cond" truecount="2" falsecount="0"/>
        <line num="123" count="2" type="stmt"/>
        <line num="124" count="2" type="stmt"/>
        <line num="126" count="236" type="stmt"/>
        <line num="127" count="236" type="stmt"/>
        <line num="128" count="236" type="cond" truecount="2" falsecount="0"/>
        <line num="129" count="161" type="stmt"/>
        <line num="131" count="236" type="stmt"/>
        <line num="132" count="717" type="stmt"/>
        <line num="133" count="717" type="cond" truecount="2" falsecount="0"/>
        <line num="134" count="717" type="stmt"/>
        <line num="135" count="717" type="stmt"/>
        <line num="136" count="717" type="stmt"/>
        <line num="138" count="236" type="stmt"/>
        <line num="139" count="236" type="stmt"/>
        <line num="142" count="91" type="stmt"/>
        <line num="143" count="79" type="stmt"/>
        <line num="144" count="79" type="stmt"/>
        <line num="145" count="79" type="stmt"/>
        <line num="146" count="79" type="stmt"/>
        <line num="153" count="91" type="stmt"/>
        <line num="154" count="5" type="stmt"/>
        <line num="155" count="5" type="stmt"/>
        <line num="156" count="20" type="cond" truecount="2" falsecount="0"/>
        <line num="157" count="10" type="stmt"/>
        <line num="158" count="10" type="stmt"/>
        <line num="159" count="10" type="stmt"/>
        <line num="160" count="10" type="stmt"/>
        <line num="161" count="10" type="stmt"/>
        <line num="164" count="5" type="stmt"/>
        <line num="165" count="5" type="stmt"/>
        <line num="171" count="91" type="stmt"/>
        <line num="172" count="251" type="stmt"/>
        <line num="173" count="251" type="stmt"/>
        <line num="174" count="1482" type="stmt"/>
        <line num="175" count="1482" type="cond" truecount="2" falsecount="0"/>
        <line num="176" count="251" type="stmt"/>
        <line num="179" count="251" type="stmt"/>
        <line num="185" count="91" type="stmt"/>
        <line num="186" count="139" type="stmt"/>
        <line num="192" count="91" type="stmt"/>
        <line num="193" count="37" type="stmt"/>
        <line num="194" count="37" type="stmt"/>
        <line num="195" count="37" type="stmt"/>
        <line num="198" count="91" type="stmt"/>
        <line num="199" count="213" type="stmt"/>
        <line num="200" count="213" type="stmt"/>
        <line num="203" count="91" type="stmt"/>
        <line num="204" count="3" type="stmt"/>
        <line num="205" count="3" type="stmt"/>
        <line num="206" count="3" type="cond" truecount="2" falsecount="0"/>
        <line num="207" count="2" type="stmt"/>
        <line num="209" count="3" type="stmt"/>
        <line num="212" count="91" type="stmt"/>
        <line num="213" count="937" type="stmt"/>
        <line num="214" count="937" type="stmt"/>
        <line num="215" count="198" type="stmt"/>
        <line num="217" count="937" type="stmt"/>
        <line num="220" count="91" type="stmt"/>
        <line num="222" count="69" type="stmt"/>
        <line num="223" count="69" type="stmt"/>
        <line num="224" count="69" type="stmt"/>
        <line num="225" count="329" type="stmt"/>
        <line num="227" count="69" type="stmt"/>
        <line num="230" count="25" type="stmt"/>
        <line num="231" count="25" type="stmt"/>
        <line num="232" count="25" type="stmt"/>
        <line num="233" count="75" type="stmt"/>
        <line num="235" count="25" type="stmt"/>
        <line num="239" count="91" type="stmt"/>
        <line num="240" count="587" type="stmt"/>
        <line num="241" count="587" type="stmt"/>
        <line num="243" count="587" type="stmt"/>
        <line num="244" count="587" type="stmt"/>
        <line num="245" count="587" type="stmt"/>
        <line num="246" count="587" type="stmt"/>
        <line num="247" count="3379" type="cond" truecount="5" falsecount="0"/>
        <line num="248" count="2462" type="stmt"/>
        <line num="249" count="2462" type="stmt"/>
        <line num="250" count="2462" type="stmt"/>
        <line num="251" count="917" type="cond" truecount="2" falsecount="0"/>
        <line num="252" count="597" type="stmt"/>
        <line num="253" count="597" type="stmt"/>
        <line num="255" count="320" type="stmt"/>
        <line num="258" count="587" type="stmt"/>
        <line num="259" count="587" type="stmt"/>
        <line num="262" count="91" type="stmt"/>
      </file>
      <file name="item.js" path="/Users/javve/git/list.js/src/item.js">
        <metrics statements="30" coveredstatements="30" conditionals="24" coveredconditionals="24" methods="8" coveredmethods="8"/>
        <line num="1" count="17" type="stmt"/>
        <line num="2" count="182" type="stmt"/>
        <line num="3" count="907" type="stmt"/>
        <line num="5" count="907" type="stmt"/>
        <line num="7" count="907" type="stmt"/>
        <line num="8" count="907" type="stmt"/>
        <line num="10" count="907" type="stmt"/>
        <line num="11" count="907" type="cond" truecount="2" falsecount="0"/>
        <line num="12" count="717" type="cond" truecount="2" falsecount="0"/>
        <line num="13" count="60" type="stmt"/>
        <line num="15" count="657" type="stmt"/>
        <line num="18" count="190" type="stmt"/>
        <line num="19" count="190" type="stmt"/>
        <line num="20" count="190" type="stmt"/>
        <line num="24" count="907" type="stmt"/>
        <line num="25" count="6167" type="cond" truecount="2" falsecount="0"/>
        <line num="26" count="1015" type="stmt"/>
        <line num="27" count="1594" type="stmt"/>
        <line num="29" count="1015" type="cond" truecount="2" falsecount="0"/>
        <line num="30" count="955" type="stmt"/>
        <line num="33" count="5152" type="stmt"/>
        <line num="37" count="907" type="stmt"/>
        <line num="38" count="2463" type="stmt"/>
        <line num="41" count="907" type="stmt"/>
        <line num="42" count="919" type="stmt"/>
        <line num="45" count="907" type="stmt"/>
        <line num="46" count="4350" type="stmt"/>
        <line num="54" count="907" type="stmt"/>
        <line num="55" count="92" type="cond" truecount="4" falsecount="0"/>
        <line num="58" count="907" type="stmt"/>
      </file>
      <file name="pagination.js" path="/Users/javve/git/list.js/src/pagination.js">
        <metrics statements="54" coveredstatements="49" conditionals="43" coveredconditionals="39" methods="12" coveredmethods="11"/>
        <line num="1" count="17" type="stmt"/>
        <line num="2" count="17" type="stmt"/>
        <line num="3" count="17" type="stmt"/>
        <line num="5" count="17" type="stmt"/>
        <line num="6" count="91" type="stmt"/>
        <line num="8" count="91" type="stmt"/>
        <line num="9" count="26" type="cond" truecount="2" falsecount="0"/>
        <line num="10" count="2" type="stmt"/>
        <line num="11" count="2" type="stmt"/>
        <line num="12" count="2" type="stmt"/>
        <line num="13" count="24" type="cond" truecount="2" falsecount="0"/>
        <line num="14" count="2" type="stmt"/>
        <line num="18" count="24" type="stmt"/>
        <line num="19" count="24" type="stmt"/>
        <line num="20" count="24" type="stmt"/>
        <line num="21" count="24" type="stmt"/>
        <line num="22" count="24" type="stmt"/>
        <line num="23" count="24" type="cond" truecount="2" falsecount="0"/>
        <line num="24" count="24" type="cond" truecount="3" falsecount="0"/>
        <line num="25" count="24" type="cond" truecount="3" falsecount="0"/>
        <line num="27" count="24" type="stmt"/>
        <line num="28" count="24" type="stmt"/>
        <line num="29" count="24" type="stmt"/>
        <line num="30" count="234" type="cond" truecount="2" falsecount="0"/>
        <line num="34" count="234" type="cond" truecount="2" falsecount="0"/>
        <line num="35" count="95" type="stmt"/>
        <line num="39" count="95" type="cond" truecount="2" falsecount="0"/>
        <line num="40" count="24" type="stmt"/>
        <line num="42" count="95" type="stmt"/>
        <line num="43" count="95" type="stmt"/>
        <line num="44" count="139" type="cond" truecount="2" falsecount="0"/>
        <line num="45" count="30" type="stmt"/>
        <line num="49" count="30" type="stmt"/>
        <line num="54" count="91" type="stmt"/>
        <line num="56" count="234" type="cond" truecount="3" falsecount="0"/>
        <line num="59" count="234" type="stmt"/>
        <line num="62" count="249" type="stmt"/>
        <line num="65" count="239" type="cond" truecount="2" falsecount="0"/>
        <line num="68" count="139" type="stmt"/>
        <line num="74" count="139" type="cond" truecount="3" falsecount="0"/>
        <line num="77" count="124" type="cond" truecount="2" falsecount="0"/>
        <line num="78" count="39" type="stmt"/>
        <line num="80" count="85" type="cond" truecount="3" falsecount="0"/>
        <line num="85" count="91" type="stmt"/>
        <line num="86" count="4" type="stmt"/>
        <line num="94" count="4" type="stmt"/>
        <line num="95" count="0" type="cond" truecount="0" falsecount="2"/>
        <line num="96" count="0" type="stmt"/>
        <line num="97" count="0" type="stmt"/>
        <line num="98" count="0" type="cond" truecount="0" falsecount="2"/>
        <line num="99" count="0" type="stmt"/>
        <line num="103" count="4" type="stmt"/>
        <line num="104" count="22" type="stmt"/>
        <line num="106" count="4" type="stmt"/>
      </file>
      <file name="parse.js" path="/Users/javve/git/list.js/src/parse.js">
        <metrics statements="27" coveredstatements="27" conditionals="8" coveredconditionals="8" methods="6" coveredmethods="6"/>
        <line num="1" count="17" type="stmt"/>
        <line num="2" count="91" type="stmt"/>
        <line num="4" count="91" type="stmt"/>
        <line num="5" count="91" type="stmt"/>
        <line num="6" count="91" type="stmt"/>
        <line num="7" count="91" type="stmt"/>
        <line num="9" count="312" type="cond" truecount="2" falsecount="0"/>
        <line num="10" count="190" type="stmt"/>
        <line num="13" count="91" type="stmt"/>
        <line num="16" count="91" type="stmt"/>
        <line num="17" count="94" type="stmt"/>
        <line num="18" count="190" type="stmt"/>
        <line num="21" count="91" type="stmt"/>
        <line num="22" count="4" type="stmt"/>
        <line num="23" count="4" type="stmt"/>
        <line num="24" count="4" type="cond" truecount="2" falsecount="0"/>
        <line num="25" count="3" type="stmt"/>
        <line num="26" count="3" type="stmt"/>
        <line num="29" count="1" type="stmt"/>
        <line num="30" count="1" type="stmt"/>
        <line num="34" count="91" type="cond" truecount="2" falsecount="0"/>
        <line num="36" count="91" type="stmt"/>
        <line num="37" count="91" type="stmt"/>
        <line num="38" count="91" type="stmt"/>
        <line num="40" count="91" type="cond" truecount="2" falsecount="0"/>
        <line num="41" count="1" type="stmt"/>
        <line num="43" count="90" type="stmt"/>
      </file>
      <file name="search.js" path="/Users/javve/git/list.js/src/search.js">
        <metrics statements="77" coveredstatements="74" conditionals="49" coveredconditionals="40" methods="11" coveredmethods="10"/>
        <line num="1" count="17" type="stmt"/>
        <line num="4" count="90" type="stmt"/>
        <line num="6" count="72" type="stmt"/>
        <line num="7" count="72" type="stmt"/>
        <line num="8" count="72" type="stmt"/>
        <line num="11" count="72" type="cond" truecount="4" falsecount="0"/>
        <line num="12" count="6" type="stmt"/>
        <line num="13" count="66" type="cond" truecount="4" falsecount="0"/>
        <line num="14" count="3" type="stmt"/>
        <line num="15" count="3" type="stmt"/>
        <line num="16" count="63" type="cond" truecount="2" falsecount="0"/>
        <line num="17" count="4" type="stmt"/>
        <line num="18" count="4" type="stmt"/>
        <line num="20" count="59" type="stmt"/>
        <line num="24" count="72" type="cond" truecount="1" falsecount="1"/>
        <line num="25" count="72" type="cond" truecount="2" falsecount="0"/>
        <line num="26" count="65" type="cond" truecount="2" falsecount="0"/>
        <line num="30" count="72" type="stmt"/>
        <line num="31" count="72" type="stmt"/>
        <line num="32" count="72" type="stmt"/>
        <line num="35" count="63" type="stmt"/>
        <line num="36" count="63" type="stmt"/>
        <line num="37" count="138" type="stmt"/>
        <line num="39" count="63" type="stmt"/>
        <line num="42" count="90" type="stmt"/>
        <line num="46" count="40" type="stmt"/>
        <line num="48" count="40" type="stmt"/>
        <line num="49" count="40" type="stmt"/>
        <line num="50" count="2" type="stmt"/>
        <line num="51" count="2" type="stmt"/>
        <line num="54" count="40" type="stmt"/>
        <line num="55" count="40" type="cond" truecount="2" falsecount="0"/>
        <line num="56" count="40" type="stmt"/>
        <line num="57" count="222" type="stmt"/>
        <line num="58" count="222" type="stmt"/>
        <line num="59" count="222" type="cond" truecount="1" falsecount="1"/>
        <line num="60" count="222" type="stmt"/>
        <line num="61" count="233" type="stmt"/>
        <line num="62" count="233" type="stmt"/>
        <line num="63" count="377" type="stmt"/>
        <line num="64" count="377" type="stmt"/>
        <line num="65" count="377" type="cond" truecount="5" falsecount="0"/>
        <line num="66" count="363" type="cond" truecount="2" falsecount="0"/>
        <line num="67" count="363" type="cond" truecount="2" falsecount="0"/>
        <line num="69" count="67" type="stmt"/>
        <line num="70" count="67" type="stmt"/>
        <line num="75" count="233" type="cond" truecount="2" falsecount="0"/>
        <line num="77" count="222" type="stmt"/>
        <line num="82" count="25" type="stmt"/>
        <line num="83" count="25" type="stmt"/>
        <line num="87" count="90" type="stmt"/>
        <line num="88" count="72" type="stmt"/>
        <line num="90" count="72" type="stmt"/>
        <line num="91" count="72" type="stmt"/>
        <line num="92" count="72" type="stmt"/>
        <line num="93" count="72" type="stmt"/>
        <line num="95" count="72" type="cond" truecount="2" falsecount="0"/>
        <line num="96" count="25" type="stmt"/>
        <line num="98" count="47" type="stmt"/>
        <line num="99" count="47" type="cond" truecount="2" falsecount="0"/>
        <line num="100" count="7" type="stmt"/>
        <line num="102" count="40" type="stmt"/>
        <line num="106" count="72" type="stmt"/>
        <line num="107" count="72" type="stmt"/>
        <line num="108" count="72" type="stmt"/>
        <line num="111" count="90" type="cond" truecount="2" falsecount="0"/>
        <line num="112" count="90" type="cond" truecount="2" falsecount="0"/>
        <line num="114" count="90" type="stmt"/>
        <line num="118" count="2" type="cond" truecount="1" falsecount="1"/>
        <line num="119" count="2" type="cond" truecount="1" falsecount="1"/>
        <line num="120" count="2" type="cond" truecount="1" falsecount="1"/>
        <line num="122" count="2" type="stmt"/>
        <line num="128" count="90" type="stmt"/>
        <line num="129" count="0" type="cond" truecount="0" falsecount="2"/>
        <line num="130" count="0" type="cond" truecount="0" falsecount="2"/>
        <line num="131" count="0" type="stmt"/>
        <line num="135" count="90" type="stmt"/>
      </file>
      <file name="sort.js" path="/Users/javve/git/list.js/src/sort.js">
        <metrics statements="61" coveredstatements="59" conditionals="47" coveredconditionals="45" methods="8" coveredmethods="8"/>
        <line num="1" count="17" type="stmt"/>
        <line num="2" count="90" type="stmt"/>
        <line num="5" count="174" type="stmt"/>
        <line num="6" count="39" type="stmt"/>
        <line num="7" count="39" type="stmt"/>
        <line num="11" count="10" type="stmt"/>
        <line num="12" count="10" type="cond" truecount="4" falsecount="0"/>
        <line num="13" count="5" type="stmt"/>
        <line num="14" count="5" type="cond" truecount="2" falsecount="0"/>
        <line num="15" count="1" type="stmt"/>
        <line num="16" count="4" type="cond" truecount="2" falsecount="0"/>
        <line num="17" count="1" type="stmt"/>
        <line num="19" count="3" type="stmt"/>
        <line num="23" count="10" type="stmt"/>
        <line num="24" count="10" type="cond" truecount="1" falsecount="1"/>
        <line num="25" count="0" type="stmt"/>
        <line num="27" count="10" type="stmt"/>
        <line num="31" count="33" type="stmt"/>
        <line num="32" count="33" type="stmt"/>
        <line num="33" count="33" type="cond" truecount="1" falsecount="1"/>
        <line num="34" count="0" type="stmt"/>
        <line num="36" count="33" type="stmt"/>
        <line num="37" count="33" type="cond" truecount="4" falsecount="0"/>
        <line num="38" count="22" type="cond" truecount="2" falsecount="0"/>
        <line num="39" count="11" type="stmt"/>
        <line num="42" count="11" type="stmt"/>
        <line num="48" count="90" type="stmt"/>
        <line num="49" count="33" type="stmt"/>
        <line num="50" count="33" type="stmt"/>
        <line num="52" count="33" type="cond" truecount="3" falsecount="0"/>
        <line num="54" count="33" type="cond" truecount="2" falsecount="0"/>
        <line num="55" count="10" type="stmt"/>
        <line num="56" count="10" type="stmt"/>
        <line num="57" count="10" type="stmt"/>
        <line num="59" count="23" type="cond" truecount="2" falsecount="0"/>
        <line num="60" count="23" type="stmt"/>
        <line num="61" count="23" type="cond" truecount="2" falsecount="0"/>
        <line num="62" count="23" type="cond" truecount="2" falsecount="0"/>
        <line num="65" count="33" type="stmt"/>
        <line num="66" count="33" type="stmt"/>
        <line num="70" count="33" type="cond" truecount="3" falsecount="0"/>
        <line num="71" count="33" type="cond" truecount="2" falsecount="0"/>
        <line num="74" count="33" type="cond" truecount="2" falsecount="0"/>
        <line num="75" count="3" type="stmt"/>
        <line num="76" count="32" type="stmt"/>
        <line num="79" count="30" type="stmt"/>
        <line num="80" count="191" type="stmt"/>
        <line num="81" count="191" type="cond" truecount="3" falsecount="0"/>
        <line num="82" count="191" type="cond" truecount="4" falsecount="0"/>
        <line num="83" count="144" type="stmt"/>
        <line num="85" count="191" type="stmt"/>
        <line num="89" count="33" type="stmt"/>
        <line num="90" count="33" type="stmt"/>
        <line num="91" count="33" type="stmt"/>
        <line num="95" count="90" type="cond" truecount="2" falsecount="0"/>
        <line num="96" count="90" type="cond" truecount="2" falsecount="0"/>
        <line num="98" count="90" type="stmt"/>
        <line num="99" count="90" type="stmt"/>
        <line num="100" count="90" type="stmt"/>
        <line num="101" count="90" type="stmt"/>
        <line num="103" count="90" type="stmt"/>
      </file>
      <file name="templater.js" path="/Users/javve/git/list.js/src/templater.js">
        <metrics statements="119" coveredstatements="118" conditionals="73" coveredconditionals="66" methods="17" coveredmethods="17"/>
        <line num="1" count="17" type="stmt"/>
        <line num="3" count="91" type="stmt"/>
        <line num="5" count="91" type="stmt"/>
        <line num="8" count="91" type="cond" truecount="2" falsecount="0"/>
        <line num="9" count="1" type="stmt"/>
        <line num="10" count="3" type="stmt"/>
        <line num="11" count="3" type="stmt"/>
        <line num="13" count="1" type="stmt"/>
        <line num="16" count="90" type="cond" truecount="2" falsecount="0"/>
        <line num="17" count="74" type="cond" truecount="2" falsecount="0"/>
        <line num="18" count="1" type="stmt"/>
        <line num="20" count="73" type="stmt"/>
        <line num="25" count="16" type="stmt"/>
        <line num="28" count="90" type="cond" truecount="2" falsecount="0"/>
        <line num="29" count="1" type="stmt"/>
        <line num="32" count="89" type="stmt"/>
        <line num="34" count="89" type="stmt"/>
        <line num="35" count="680" type="stmt"/>
        <line num="39" count="91" type="stmt"/>
        <line num="40" count="89" type="stmt"/>
        <line num="41" count="89" type="stmt"/>
        <line num="43" count="89" type="stmt"/>
        <line num="44" count="159" type="stmt"/>
        <line num="45" count="159" type="stmt"/>
        <line num="46" count="159" type="cond" truecount="2" falsecount="0"/>
        <line num="47" count="2" type="stmt"/>
        <line num="48" count="2" type="stmt"/>
        <line num="50" count="157" type="cond" truecount="4" falsecount="0"/>
        <line num="51" count="8" type="stmt"/>
        <line num="52" count="8" type="cond" truecount="1" falsecount="1"/>
        <line num="53" count="8" type="stmt"/>
        <line num="56" count="149" type="stmt"/>
        <line num="57" count="149" type="cond" truecount="2" falsecount="0"/>
        <line num="58" count="100" type="stmt"/>
        <line num="62" count="89" type="stmt"/>
        <line num="65" count="91" type="stmt"/>
        <line num="66" count="16" type="stmt"/>
        <line num="68" count="16" type="stmt"/>
        <line num="70" count="30" type="cond" truecount="2" falsecount="0"/>
        <line num="71" count="15" type="stmt"/>
        <line num="74" count="1" type="stmt"/>
        <line num="77" count="91" type="stmt"/>
        <line num="78" count="76" type="cond" truecount="1" falsecount="1"/>
        <line num="79" count="76" type="cond" truecount="2" falsecount="0"/>
        <line num="80" count="1" type="stmt"/>
        <line num="81" count="1" type="stmt"/>
        <line num="82" count="1" type="stmt"/>
        <line num="83" count="75" type="cond" truecount="1" falsecount="1"/>
        <line num="84" count="75" type="stmt"/>
        <line num="85" count="75" type="stmt"/>
        <line num="86" count="75" type="stmt"/>
        <line num="88" count="0" type="stmt"/>
        <line num="91" count="91" type="stmt"/>
        <line num="92" count="1634" type="stmt"/>
        <line num="93" count="2118" type="stmt"/>
        <line num="94" count="2118" type="cond" truecount="2" falsecount="0"/>
        <line num="95" count="25" type="stmt"/>
        <line num="96" count="25" type="stmt"/>
        <line num="97" count="25" type="cond" truecount="2" falsecount="0"/>
        <line num="98" count="5" type="stmt"/>
        <line num="101" count="2093" type="cond" truecount="5" falsecount="0"/>
        <line num="102" count="20" type="stmt"/>
        <line num="103" count="2073" type="cond" truecount="2" falsecount="0"/>
        <line num="104" count="1359" type="stmt"/>
        <line num="109" count="91" type="stmt"/>
        <line num="110" count="1634" type="stmt"/>
        <line num="111" count="1634" type="stmt"/>
        <line num="112" count="1634" type="cond" truecount="2" falsecount="0"/>
        <line num="113" count="1384" type="cond" truecount="2" falsecount="0"/>
        <line num="114" count="5" type="stmt"/>
        <line num="115" count="1379" type="cond" truecount="4" falsecount="0"/>
        <line num="116" count="20" type="stmt"/>
        <line num="117" count="20" type="cond" truecount="1" falsecount="1"/>
        <line num="118" count="20" type="stmt"/>
        <line num="121" count="1359" type="stmt"/>
        <line num="122" count="1359" type="cond" truecount="2" falsecount="0"/>
        <line num="123" count="1005" type="stmt"/>
        <line num="128" count="91" type="stmt"/>
        <line num="129" count="190" type="stmt"/>
        <line num="130" count="190" type="stmt"/>
        <line num="131" count="190" type="stmt"/>
        <line num="132" count="236" type="stmt"/>
        <line num="133" count="236" type="stmt"/>
        <line num="134" count="236" type="cond" truecount="2" falsecount="0"/>
        <line num="135" count="4" type="stmt"/>
        <line num="136" count="4" type="stmt"/>
        <line num="138" count="232" type="cond" truecount="4" falsecount="0"/>
        <line num="139" count="16" type="stmt"/>
        <line num="140" count="16" type="cond" truecount="1" falsecount="1"/>
        <line num="142" count="216" type="stmt"/>
        <line num="143" count="216" type="cond" truecount="1" falsecount="1"/>
        <line num="146" count="190" type="stmt"/>
        <line num="149" count="91" type="stmt"/>
        <line num="150" count="1638" type="cond" truecount="2" falsecount="0"/>
        <line num="151" count="981" type="stmt"/>
        <line num="152" count="1634" type="cond" truecount="1" falsecount="1"/>
        <line num="153" count="1634" type="stmt"/>
        <line num="159" count="91" type="stmt"/>
        <line num="160" count="4291" type="cond" truecount="2" falsecount="0"/>
        <line num="161" count="3608" type="stmt"/>
        <line num="163" count="683" type="stmt"/>
        <line num="164" count="683" type="stmt"/>
        <line num="165" count="683" type="stmt"/>
        <line num="167" count="91" type="stmt"/>
        <line num="168" count="10" type="cond" truecount="2" falsecount="0"/>
        <line num="169" count="9" type="stmt"/>
        <line num="172" count="91" type="stmt"/>
        <line num="173" count="2463" type="stmt"/>
        <line num="174" count="2463" type="stmt"/>
        <line num="176" count="91" type="stmt"/>
        <line num="177" count="919" type="cond" truecount="4" falsecount="0"/>
        <line num="178" count="2" type="stmt"/>
        <line num="181" count="91" type="stmt"/>
        <line num="183" count="696" type="cond" truecount="2" falsecount="0"/>
        <line num="184" count="493" type="stmt"/>
        <line num="185" count="2311" type="stmt"/>
        <line num="190" count="91" type="stmt"/>
        <line num="193" count="17" type="stmt"/>
        <line num="194" count="91" type="stmt"/>
      </file>
    </package>
    <package name="src.utils">
      <metrics statements="205" coveredstatements="165" conditionals="143" coveredconditionals="84" methods="26" coveredmethods="23"/>
      <file name="classes.js" path="/Users/javve/git/list.js/src/utils/classes.js">
        <metrics statements="50" coveredstatements="29" conditionals="30" coveredconditionals="10" methods="7" coveredmethods="7"/>
        <line num="5" count="18" type="stmt"/>
        <line num="11" count="18" type="stmt"/>
        <line num="17" count="18" type="stmt"/>
        <line num="27" count="18" type="stmt"/>
        <line num="28" count="172" type="stmt"/>
        <line num="39" count="172" type="cond" truecount="3" falsecount="1"/>
        <line num="40" count="0" type="stmt"/>
        <line num="42" count="172" type="stmt"/>
        <line num="43" count="172" type="stmt"/>
        <line num="54" count="18" type="stmt"/>
        <line num="56" count="77" type="cond" truecount="1" falsecount="1"/>
        <line num="57" count="77" type="stmt"/>
        <line num="58" count="77" type="stmt"/>
        <line num="62" count="0" type="stmt"/>
        <line num="63" count="0" type="stmt"/>
        <line num="64" count="0" type="cond" truecount="0" falsecount="2"/>
        <line num="65" count="0" type="stmt"/>
        <line num="66" count="0" type="stmt"/>
        <line num="79" count="18" type="stmt"/>
        <line num="81" count="79" type="cond" truecount="1" falsecount="1"/>
        <line num="82" count="79" type="stmt"/>
        <line num="83" count="79" type="stmt"/>
        <line num="87" count="0" type="stmt"/>
        <line num="88" count="0" type="stmt"/>
        <line num="89" count="0" type="cond" truecount="0" falsecount="2"/>
        <line num="90" count="0" type="stmt"/>
        <line num="91" count="0" type="stmt"/>
        <line num="106" count="18" type="stmt"/>
        <line num="108" count="2" type="cond" truecount="1" falsecount="1"/>
        <line num="109" count="2" type="cond" truecount="1" falsecount="1"/>
        <line num="110" count="0" type="cond" truecount="0" falsecount="2"/>
        <line num="111" count="0" type="stmt"/>
        <line num="114" count="2" type="stmt"/>
        <line num="116" count="2" type="stmt"/>
        <line num="120" count="0" type="cond" truecount="0" falsecount="2"/>
        <line num="121" count="0" type="cond" truecount="0" falsecount="2"/>
        <line num="122" count="0" type="stmt"/>
        <line num="124" count="0" type="stmt"/>
        <line num="127" count="0" type="cond" truecount="0" falsecount="2"/>
        <line num="128" count="0" type="stmt"/>
        <line num="130" count="0" type="stmt"/>
        <line num="134" count="0" type="stmt"/>
        <line num="144" count="18" type="stmt"/>
        <line num="145" count="1" type="cond" truecount="1" falsecount="1"/>
        <line num="146" count="1" type="stmt"/>
        <line num="147" count="1" type="stmt"/>
        <line num="148" count="1" type="cond" truecount="1" falsecount="1"/>
        <line num="149" count="1" type="stmt"/>
        <line num="160" count="18" type="stmt"/>
        <line num="161" count="13" type="cond" truecount="1" falsecount="1"/>
      </file>
      <file name="events.js" path="/Users/javve/git/list.js/src/utils/events.js">
        <metrics statements="23" coveredstatements="11" conditionals="18" coveredconditionals="6" methods="5" coveredmethods="2"/>
        <line num="1" count="17" type="cond" truecount="1" falsecount="1"/>
        <line num="2" count="17" type="cond" truecount="1" falsecount="1"/>
        <line num="3" count="17" type="cond" truecount="1" falsecount="1"/>
        <line num="4" count="17" type="stmt"/>
        <line num="16" count="17" type="stmt"/>
        <line num="17" count="364" type="stmt"/>
        <line num="18" count="364" type="stmt"/>
        <line num="19" count="45" type="cond" truecount="2" falsecount="0"/>
        <line num="33" count="17" type="stmt"/>
        <line num="34" count="0" type="stmt"/>
        <line num="35" count="0" type="stmt"/>
        <line num="36" count="0" type="cond" truecount="0" falsecount="2"/>
        <line num="52" count="17" type="stmt"/>
        <line num="54" count="180" type="cond" truecount="1" falsecount="1"/>
        <line num="56" count="0" type="stmt"/>
        <line num="57" count="0" type="stmt"/>
        <line num="58" count="0" type="stmt"/>
        <line num="59" count="0" type="stmt"/>
        <line num="60" count="0" type="cond" truecount="0" falsecount="2"/>
        <line num="62" count="0" type="cond" truecount="0" falsecount="2"/>
        <line num="63" count="0" type="stmt"/>
        <line num="64" count="0" type="stmt"/>
        <line num="65" count="0" type="cond" truecount="0" falsecount="2"/>
      </file>
      <file name="extend.js" path="/Users/javve/git/list.js/src/utils/extend.js">
        <metrics statements="7" coveredstatements="7" conditionals="2" coveredconditionals="1" methods="1" coveredmethods="1"/>
        <line num="5" count="17" type="stmt"/>
        <line num="7" count="181" type="stmt"/>
        <line num="10" count="181" type="stmt"/>
        <line num="11" count="181" type="cond" truecount="1" falsecount="1"/>
        <line num="12" count="181" type="stmt"/>
        <line num="13" count="188" type="stmt"/>
        <line num="17" count="181" type="stmt"/>
      </file>
      <file name="fuzzy.js" path="/Users/javve/git/list.js/src/utils/fuzzy.js">
        <metrics statements="59" coveredstatements="58" conditionals="32" coveredconditionals="24" methods="3" coveredmethods="3"/>
        <line num="1" count="17" type="stmt"/>
        <line num="3" count="60" type="cond" truecount="2" falsecount="0"/>
        <line num="6" count="60" type="cond" truecount="1" falsecount="1"/>
        <line num="9" count="60" type="cond" truecount="1" falsecount="1"/>
        <line num="11" count="60" type="cond" truecount="1" falsecount="1"/>
        <line num="12" count="60" type="cond" truecount="1" falsecount="1"/>
        <line num="15" count="60" type="stmt"/>
        <line num="16" count="60" type="stmt"/>
        <line num="17" count="60" type="stmt"/>
        <line num="20" count="60" type="stmt"/>
        <line num="21" count="330" type="stmt"/>
        <line num="24" count="60" type="stmt"/>
        <line num="25" count="330" type="stmt"/>
        <line num="28" count="60" type="stmt"/>
        <line num="35" count="698" type="stmt"/>
        <line num="36" count="698" type="stmt"/>
        <line num="38" count="698" type="cond" truecount="1" falsecount="1"/>
        <line num="40" count="0" type="cond" truecount="0" falsecount="2"/>
        <line num="42" count="698" type="stmt"/>
        <line num="45" count="60" type="stmt"/>
        <line num="46" count="60" type="stmt"/>
        <line num="48" count="60" type="cond" truecount="2" falsecount="0"/>
        <line num="49" count="9" type="stmt"/>
        <line num="51" count="9" type="stmt"/>
        <line num="53" count="9" type="cond" truecount="2" falsecount="0"/>
        <line num="54" count="2" type="stmt"/>
        <line num="59" count="60" type="stmt"/>
        <line num="60" count="60" type="stmt"/>
        <line num="63" count="60" type="stmt"/>
        <line num="65" count="60" type="stmt"/>
        <line num="69" count="161" type="stmt"/>
        <line num="70" count="161" type="stmt"/>
        <line num="71" count="161" type="stmt"/>
        <line num="72" count="515" type="cond" truecount="2" falsecount="0"/>
        <line num="73" count="277" type="stmt"/>
        <line num="75" count="238" type="stmt"/>
        <line num="77" count="515" type="stmt"/>
        <line num="80" count="161" type="stmt"/>
        <line num="81" count="161" type="stmt"/>
        <line num="82" count="161" type="stmt"/>
        <line num="84" count="161" type="stmt"/>
        <line num="85" count="161" type="stmt"/>
        <line num="86" count="161" type="stmt"/>
        <line num="89" count="3104" type="stmt"/>
        <line num="90" count="3104" type="cond" truecount="2" falsecount="0"/>
        <line num="92" count="1225" type="stmt"/>
        <line num="95" count="1879" type="stmt"/>
        <line num="97" count="3104" type="cond" truecount="2" falsecount="0"/>
        <line num="98" count="11" type="stmt"/>
        <line num="101" count="11" type="cond" truecount="1" falsecount="1"/>
        <line num="103" count="11" type="stmt"/>
        <line num="104" count="11" type="stmt"/>
        <line num="105" count="11" type="cond" truecount="2" falsecount="0"/>
        <line num="107" count="9" type="stmt"/>
        <line num="110" count="2" type="stmt"/>
        <line num="116" count="161" type="cond" truecount="2" falsecount="0"/>
        <line num="117" count="60" type="stmt"/>
        <line num="119" count="101" type="stmt"/>
        <line num="122" count="60" type="cond" truecount="2" falsecount="0"/>
      </file>
      <file name="get-attribute.js" path="/Users/javve/git/list.js/src/utils/get-attribute.js">
        <metrics statements="10" coveredstatements="9" conditionals="9" coveredconditionals="7" methods="1" coveredmethods="1"/>
        <line num="12" count="17" type="stmt"/>
        <line num="13" count="116" type="cond" truecount="3" falsecount="0"/>
        <line num="14" count="116" type="cond" truecount="2" falsecount="0"/>
        <line num="15" count="26" type="stmt"/>
        <line num="16" count="26" type="stmt"/>
        <line num="17" count="26" type="stmt"/>
        <line num="18" count="83" type="cond" truecount="1" falsecount="1"/>
        <line num="19" count="83" type="cond" truecount="1" falsecount="1"/>
        <line num="20" count="0" type="stmt"/>
        <line num="25" count="116" type="stmt"/>
      </file>
      <file name="get-by-class.js" path="/Users/javve/git/list.js/src/utils/get-by-class.js">
        <metrics statements="30" coveredstatements="28" conditionals="22" coveredconditionals="18" methods="5" coveredmethods="5"/>
        <line num="15" count="18" type="stmt"/>
        <line num="16" count="2220" type="cond" truecount="2" falsecount="0"/>
        <line num="17" count="1859" type="stmt"/>
        <line num="19" count="361" type="stmt"/>
        <line num="23" count="18" type="stmt"/>
        <line num="24" count="1" type="stmt"/>
        <line num="25" count="1" type="cond" truecount="1" falsecount="1"/>
        <line num="26" count="0" type="stmt"/>
        <line num="28" count="1" type="stmt"/>
        <line num="32" count="18" type="stmt"/>
        <line num="33" count="1" type="stmt"/>
        <line num="34" count="1" type="stmt"/>
        <line num="36" count="1" type="stmt"/>
        <line num="37" count="1" type="stmt"/>
        <line num="38" count="1" type="stmt"/>
        <line num="39" count="1" type="stmt"/>
        <line num="40" count="1" type="cond" truecount="1" falsecount="1"/>
        <line num="41" count="1" type="cond" truecount="1" falsecount="1"/>
        <line num="42" count="0" type="stmt"/>
        <line num="44" count="1" type="stmt"/>
        <line num="45" count="1" type="stmt"/>
        <line num="49" count="1" type="stmt"/>
        <line num="52" count="18" type="stmt"/>
        <line num="53" count="18" type="stmt"/>
        <line num="54" count="2222" type="cond" truecount="2" falsecount="0"/>
        <line num="55" count="2222" type="cond" truecount="6" falsecount="0"/>
        <line num="56" count="2220" type="stmt"/>
        <line num="57" count="2" type="cond" truecount="5" falsecount="1"/>
        <line num="58" count="1" type="stmt"/>
        <line num="60" count="1" type="stmt"/>
      </file>
      <file name="index-of.js" path="/Users/javve/git/list.js/src/utils/index-of.js">
        <metrics statements="6" coveredstatements="3" conditionals="4" coveredconditionals="1" methods="1" coveredmethods="1"/>
        <line num="1" count="18" type="stmt"/>
        <line num="3" count="18" type="stmt"/>
        <line num="4" count="3" type="cond" truecount="1" falsecount="1"/>
        <line num="5" count="0" type="stmt"/>
        <line num="6" count="0" type="cond" truecount="0" falsecount="2"/>
        <line num="8" count="0" type="stmt"/>
      </file>
      <file name="to-array.js" path="/Users/javve/git/list.js/src/utils/to-array.js">
        <metrics statements="15" coveredstatements="15" conditionals="22" coveredconditionals="13" methods="2" coveredmethods="2"/>
        <line num="12" count="17" type="stmt"/>
        <line num="13" count="364" type="cond" truecount="1" falsecount="1"/>
        <line num="14" count="364" type="cond" truecount="1" falsecount="1"/>
        <line num="15" count="364" type="cond" truecount="1" falsecount="1"/>
        <line num="16" count="364" type="cond" truecount="1" falsecount="1"/>
        <line num="17" count="364" type="cond" truecount="1" falsecount="1"/>
        <line num="18" count="364" type="cond" truecount="2" falsecount="0"/>
        <line num="19" count="360" type="cond" truecount="2" falsecount="2"/>
        <line num="21" count="360" type="stmt"/>
        <line num="22" count="360" type="stmt"/>
        <line num="23" count="41" type="cond" truecount="2" falsecount="2"/>
        <line num="24" count="41" type="stmt"/>
        <line num="27" count="360" type="cond" truecount="2" falsecount="0"/>
        <line num="28" count="27" type="stmt"/>
        <line num="32" count="364" type="stmt"/>
      </file>
      <file name="to-string.js" path="/Users/javve/git/list.js/src/utils/to-string.js">
        <metrics statements="5" coveredstatements="5" conditionals="4" coveredconditionals="4" methods="1" coveredmethods="1"/>
        <line num="1" count="17" type="stmt"/>
        <line num="2" count="132" type="cond" truecount="2" falsecount="0"/>
        <line num="3" count="132" type="cond" truecount="2" falsecount="0"/>
        <line num="4" count="132" type="stmt"/>
        <line num="5" count="132" type="stmt"/>
      </file>
    </package>
  </project>
</coverage>
