{"/Users/javve/git/list.js/src/add-async.js": {"path":"/Users/javve/git/list.js/src/add-async.js","statementMap":{"0":{"start":{"line":1,"column":0},"end":{"line":16,"column":1}},"1":{"start":{"line":2,"column":17},"end":{"line":14,"column":3}},"2":{"start":{"line":3,"column":22},"end":{"line":3,"column":42}},"3":{"start":{"line":4,"column":4},"end":{"line":4,"column":23}},"4":{"start":{"line":5,"column":4},"end":{"line":5,"column":47}},"5":{"start":{"line":6,"column":4},"end":{"line":13,"column":5}},"6":{"start":{"line":7,"column":6},"end":{"line":9,"column":11}},"7":{"start":{"line":8,"column":8},"end":{"line":8,"column":41}},"8":{"start":{"line":11,"column":6},"end":{"line":11,"column":19}},"9":{"start":{"line":12,"column":6},"end":{"line":12,"column":21}},"10":{"start":{"line":15,"column":2},"end":{"line":15,"column":17}}},"fnMap":{"0":{"name":"(anonymous_0)","decl":{"start":{"line":1,"column":17},"end":{"line":1,"column":18}},"loc":{"start":{"line":1,"column":33},"end":{"line":16,"column":1}},"line":1},"1":{"name":"(anonymous_1)","decl":{"start":{"line":2,"column":17},"end":{"line":2,"column":18}},"loc":{"start":{"line":2,"column":52},"end":{"line":14,"column":3}},"line":2},"2":{"name":"(anonymous_2)","decl":{"start":{"line":7,"column":17},"end":{"line":7,"column":18}},"loc":{"start":{"line":7,"column":29},"end":{"line":9,"column":7}},"line":7}},"branchMap":{"0":{"loc":{"start":{"line":4,"column":12},"end":{"line":4,"column":23}},"type":"binary-expr","locations":[{"start":{"line":4,"column":12},"end":{"line":4,"column":17}},{"start":{"line":4,"column":21},"end":{"line":4,"column":23}}],"line":4},"1":{"loc":{"start":{"line":6,"column":4},"end":{"line":13,"column":5}},"type":"if","locations":[{"start":{"line":6,"column":4},"end":{"line":13,"column":5}},{"start":{"line":6,"column":4},"end":{"line":13,"column":5}}],"line":6}},"s":{"0":17,"1":91,"2":3,"3":3,"4":3,"5":3,"6":1,"7":1,"8":2,"9":2,"10":91},"f":{"0":91,"1":3,"2":1},"b":{"0":[3,2],"1":[1,2]},"_coverageSchema":"1a1c01bbd47fc00a2c39e90264f33305004495a9","hash":"f4c4348128d00f425158e568ef70ee1669bc1ad4"}
,"/Users/javve/git/list.js/src/filter.js": {"path":"/Users/javve/git/list.js/src/filter.js","statementMap":{"0":{"start":{"line":1,"column":0},"end":{"line":28,"column":1}},"1":{"start":{"line":3,"column":2},"end":{"line":3,"column":61}},"2":{"start":{"line":4,"column":2},"end":{"line":4,"column":67}},"3":{"start":{"line":6,"column":2},"end":{"line":27,"column":3}},"4":{"start":{"line":7,"column":4},"end":{"line":7,"column":31}},"5":{"start":{"line":8,"column":4},"end":{"line":8,"column":14}},"6":{"start":{"line":9,"column":4},"end":{"line":9,"column":23}},"7":{"start":{"line":10,"column":4},"end":{"line":23,"column":5}},"8":{"start":{"line":11,"column":6},"end":{"line":11,"column":27}},"9":{"start":{"line":13,"column":6},"end":{"line":13,"column":26}},"10":{"start":{"line":14,"column":15},"end":{"line":14,"column":25}},"11":{"start":{"line":15,"column":6},"end":{"line":22,"column":7}},"12":{"start":{"line":15,"column":19},"end":{"line":15,"column":20}},"13":{"start":{"line":15,"column":27},"end":{"line":15,"column":36}},"14":{"start":{"line":16,"column":19},"end":{"line":16,"column":24}},"15":{"start":{"line":17,"column":8},"end":{"line":21,"column":9}},"16":{"start":{"line":18,"column":10},"end":{"line":18,"column":30}},"17":{"start":{"line":20,"column":10},"end":{"line":20,"column":31}},"18":{"start":{"line":24,"column":4},"end":{"line":24,"column":17}},"19":{"start":{"line":25,"column":4},"end":{"line":25,"column":34}},"20":{"start":{"line":26,"column":4},"end":{"line":26,"column":28}}},"fnMap":{"0":{"name":"(anonymous_0)","decl":{"start":{"line":1,"column":17},"end":{"line":1,"column":18}},"loc":{"start":{"line":1,"column":33},"end":{"line":28,"column":1}},"line":1},"1":{"name":"(anonymous_1)","decl":{"start":{"line":6,"column":9},"end":{"line":6,"column":10}},"loc":{"start":{"line":6,"column":35},"end":{"line":27,"column":3}},"line":6}},"branchMap":{"0":{"loc":{"start":{"line":3,"column":30},"end":{"line":3,"column":61}},"type":"binary-expr","locations":[{"start":{"line":3,"column":30},"end":{"line":3,"column":55}},{"start":{"line":3,"column":59},"end":{"line":3,"column":61}}],"line":3},"1":{"loc":{"start":{"line":4,"column":33},"end":{"line":4,"column":67}},"type":"binary-expr","locations":[{"start":{"line":4,"column":33},"end":{"line":4,"column":61}},{"start":{"line":4,"column":65},"end":{"line":4,"column":67}}],"line":4},"2":{"loc":{"start":{"line":10,"column":4},"end":{"line":23,"column":5}},"type":"if","locations":[{"start":{"line":10,"column":4},"end":{"line":23,"column":5}},{"start":{"line":10,"column":4},"end":{"line":23,"column":5}}],"line":10},"3":{"loc":{"start":{"line":17,"column":8},"end":{"line":21,"column":9}},"type":"if","locations":[{"start":{"line":17,"column":8},"end":{"line":21,"column":9}},{"start":{"line":17,"column":8},"end":{"line":21,"column":9}}],"line":17}},"s":{"0":17,"1":90,"2":90,"3":90,"4":69,"5":69,"6":69,"7":69,"8":47,"9":22,"10":22,"11":22,"12":22,"13":22,"14":122,"15":122,"16":70,"17":52,"18":69,"19":69,"20":69},"f":{"0":90,"1":69},"b":{"0":[90,90],"1":[90,90],"2":[47,22],"3":[70,52]},"_coverageSchema":"1a1c01bbd47fc00a2c39e90264f33305004495a9","hash":"0f575896743e56708f3b6c74c3da4d6808ac1648"}
,"/Users/javve/git/list.js/src/fuzzy-search.js": {"path":"/Users/javve/git/list.js/src/fuzzy-search.js","statementMap":{"0":{"start":{"line":1,"column":14},"end":{"line":1,"column":40}},"1":{"start":{"line":2,"column":11},"end":{"line":2,"column":36}},"2":{"start":{"line":3,"column":11},"end":{"line":3,"column":36}},"3":{"start":{"line":4,"column":13},"end":{"line":4,"column":41}},"4":{"start":{"line":5,"column":15},"end":{"line":5,"column":46}},"5":{"start":{"line":6,"column":10},"end":{"line":6,"column":34}},"6":{"start":{"line":8,"column":0},"end":{"line":70,"column":1}},"7":{"start":{"line":9,"column":2},"end":{"line":9,"column":25}},"8":{"start":{"line":11,"column":2},"end":{"line":20,"column":3}},"9":{"start":{"line":22,"column":20},"end":{"line":56,"column":3}},"10":{"start":{"line":25,"column":28},"end":{"line":25,"column":110}},"11":{"start":{"line":27,"column":6},"end":{"line":29,"column":7}},"12":{"start":{"line":27,"column":19},"end":{"line":27,"column":20}},"13":{"start":{"line":27,"column":27},"end":{"line":27,"column":44}},"14":{"start":{"line":28,"column":8},"end":{"line":28,"column":65}},"15":{"start":{"line":32,"column":18},"end":{"line":32,"column":22}},"16":{"start":{"line":33,"column":6},"end":{"line":43,"column":7}},"17":{"start":{"line":33,"column":19},"end":{"line":33,"column":20}},"18":{"start":{"line":34,"column":28},"end":{"line":34,"column":33}},"19":{"start":{"line":35,"column":8},"end":{"line":39,"column":9}},"20":{"start":{"line":35,"column":21},"end":{"line":35,"column":22}},"21":{"start":{"line":35,"column":29},"end":{"line":35,"column":43}},"22":{"start":{"line":36,"column":10},"end":{"line":38,"column":11}},"23":{"start":{"line":37,"column":12},"end":{"line":37,"column":32}},"24":{"start":{"line":40,"column":8},"end":{"line":42,"column":9}},"25":{"start":{"line":41,"column":10},"end":{"line":41,"column":23}},"26":{"start":{"line":44,"column":6},"end":{"line":44,"column":24}},"27":{"start":{"line":47,"column":6},"end":{"line":53,"column":7}},"28":{"start":{"line":48,"column":19},"end":{"line":48,"column":56}},"29":{"start":{"line":50,"column":8},"end":{"line":52,"column":9}},"30":{"start":{"line":51,"column":10},"end":{"line":51,"column":21}},"31":{"start":{"line":54,"column":6},"end":{"line":54,"column":18}},"32":{"start":{"line":58,"column":2},"end":{"line":65,"column":3}},"33":{"start":{"line":62,"column":19},"end":{"line":62,"column":43}},"34":{"start":{"line":63,"column":6},"end":{"line":63,"column":51}},"35":{"start":{"line":67,"column":2},"end":{"line":69,"column":3}},"36":{"start":{"line":68,"column":4},"end":{"line":68,"column":49}}},"fnMap":{"0":{"name":"(anonymous_0)","decl":{"start":{"line":8,"column":17},"end":{"line":8,"column":18}},"loc":{"start":{"line":8,"column":42},"end":{"line":70,"column":1}},"line":8},"1":{"name":"(anonymous_1)","decl":{"start":{"line":23,"column":12},"end":{"line":23,"column":13}},"loc":{"start":{"line":23,"column":45},"end":{"line":30,"column":5}},"line":23},"2":{"name":"(anonymous_2)","decl":{"start":{"line":31,"column":10},"end":{"line":31,"column":11}},"loc":{"start":{"line":31,"column":52},"end":{"line":45,"column":5}},"line":31},"3":{"name":"(anonymous_3)","decl":{"start":{"line":46,"column":12},"end":{"line":46,"column":13}},"loc":{"start":{"line":46,"column":53},"end":{"line":55,"column":5}},"line":46},"4":{"name":"(anonymous_4)","decl":{"start":{"line":61,"column":31},"end":{"line":61,"column":32}},"loc":{"start":{"line":61,"column":44},"end":{"line":64,"column":5}},"line":61},"5":{"name":"(anonymous_5)","decl":{"start":{"line":67,"column":9},"end":{"line":67,"column":10}},"loc":{"start":{"line":67,"column":33},"end":{"line":69,"column":3}},"line":67}},"branchMap":{"0":{"loc":{"start":{"line":9,"column":12},"end":{"line":9,"column":25}},"type":"binary-expr","locations":[{"start":{"line":9,"column":12},"end":{"line":9,"column":19}},{"start":{"line":9,"column":23},"end":{"line":9,"column":25}}],"line":9},"1":{"loc":{"start":{"line":25,"column":28},"end":{"line":25,"column":110}},"type":"cond-expr","locations":[{"start":{"line":25,"column":50},"end":{"line":25,"column":93}},{"start":{"line":25,"column":96},"end":{"line":25,"column":110}}],"line":25},"2":{"loc":{"start":{"line":36,"column":10},"end":{"line":38,"column":11}},"type":"if","locations":[{"start":{"line":36,"column":10},"end":{"line":38,"column":11}},{"start":{"line":36,"column":10},"end":{"line":38,"column":11}}],"line":36},"3":{"loc":{"start":{"line":40,"column":8},"end":{"line":42,"column":9}},"type":"if","locations":[{"start":{"line":40,"column":8},"end":{"line":42,"column":9}},{"start":{"line":40,"column":8},"end":{"line":42,"column":9}}],"line":40},"4":{"loc":{"start":{"line":47,"column":6},"end":{"line":53,"column":7}},"type":"if","locations":[{"start":{"line":47,"column":6},"end":{"line":53,"column":7}},{"start":{"line":47,"column":6},"end":{"line":53,"column":7}}],"line":47},"5":{"loc":{"start":{"line":50,"column":8},"end":{"line":52,"column":9}},"type":"if","locations":[{"start":{"line":50,"column":8},"end":{"line":52,"column":9}},{"start":{"line":50,"column":8},"end":{"line":52,"column":9}}],"line":50},"6":{"loc":{"start":{"line":62,"column":19},"end":{"line":62,"column":43}},"type":"binary-expr","locations":[{"start":{"line":62,"column":19},"end":{"line":62,"column":27}},{"start":{"line":62,"column":31},"end":{"line":62,"column":43}}],"line":62}},"s":{"0":17,"1":17,"2":17,"3":17,"4":17,"5":17,"6":17,"7":90,"8":90,"9":90,"10":5,"11":5,"12":5,"13":5,"14":50,"15":50,"16":50,"17":50,"18":60,"19":60,"20":60,"21":60,"22":60,"23":11,"24":60,"25":49,"26":50,"27":60,"28":60,"29":60,"30":11,"31":49,"32":90,"33":2,"34":2,"35":90,"36":3},"f":{"0":90,"1":5,"2":50,"3":60,"4":2,"5":3},"b":{"0":[90,90],"1":[5,0],"2":[11,49],"3":[49,11],"4":[60,0],"5":[11,49],"6":[2,0]},"_coverageSchema":"1a1c01bbd47fc00a2c39e90264f33305004495a9","hash":"669f2a24b2df33d04f45dc9db255f7eebf66e247"}
,"/Users/javve/git/list.js/src/index.js": {"path":"/Users/javve/git/list.js/src/index.js","statementMap":{"0":{"start":{"line":1,"column":18},"end":{"line":1,"column":51}},"1":{"start":{"line":2,"column":15},"end":{"line":2,"column":46}},"2":{"start":{"line":3,"column":11},"end":{"line":3,"column":36}},"3":{"start":{"line":4,"column":12},"end":{"line":4,"column":39}},"4":{"start":{"line":5,"column":11},"end":{"line":5,"column":36}},"5":{"start":{"line":6,"column":13},"end":{"line":6,"column":41}},"6":{"start":{"line":7,"column":12},"end":{"line":7,"column":38}},"7":{"start":{"line":8,"column":17},"end":{"line":8,"column":49}},"8":{"start":{"line":9,"column":12},"end":{"line":9,"column":39}},"9":{"start":{"line":11,"column":0},"end":{"line":263,"column":1}},"10":{"start":{"line":12,"column":13},"end":{"line":12,"column":17}},"11":{"start":{"line":14,"column":11},"end":{"line":14,"column":34}},"12":{"start":{"line":15,"column":15},"end":{"line":15,"column":43}},"13":{"start":{"line":16,"column":21},"end":{"line":16,"column":50}},"14":{"start":{"line":18,"column":2},"end":{"line":93,"column":3}},"15":{"start":{"line":20,"column":6},"end":{"line":20,"column":29}},"16":{"start":{"line":21,"column":6},"end":{"line":21,"column":33}},"17":{"start":{"line":22,"column":6},"end":{"line":22,"column":29}},"18":{"start":{"line":23,"column":6},"end":{"line":23,"column":23}},"19":{"start":{"line":24,"column":6},"end":{"line":24,"column":16}},"20":{"start":{"line":25,"column":6},"end":{"line":25,"column":21}},"21":{"start":{"line":26,"column":6},"end":{"line":26,"column":28}},"22":{"start":{"line":27,"column":6},"end":{"line":27,"column":29}},"23":{"start":{"line":28,"column":6},"end":{"line":28,"column":27}},"24":{"start":{"line":29,"column":6},"end":{"line":29,"column":27}},"25":{"start":{"line":30,"column":6},"end":{"line":30,"column":36}},"26":{"start":{"line":31,"column":6},"end":{"line":31,"column":26}},"27":{"start":{"line":32,"column":6},"end":{"line":32,"column":37}},"28":{"start":{"line":33,"column":6},"end":{"line":33,"column":26}},"29":{"start":{"line":34,"column":6},"end":{"line":44,"column":7}},"30":{"start":{"line":46,"column":6},"end":{"line":46,"column":38}},"31":{"start":{"line":48,"column":6},"end":{"line":48,"column":84}},"32":{"start":{"line":49,"column":6},"end":{"line":51,"column":7}},"33":{"start":{"line":50,"column":8},"end":{"line":50,"column":14}},"34":{"start":{"line":52,"column":6},"end":{"line":52,"column":70}},"35":{"start":{"line":54,"column":6},"end":{"line":54,"column":43}},"36":{"start":{"line":55,"column":6},"end":{"line":55,"column":51}},"37":{"start":{"line":56,"column":6},"end":{"line":56,"column":45}},"38":{"start":{"line":57,"column":6},"end":{"line":57,"column":45}},"39":{"start":{"line":58,"column":6},"end":{"line":58,"column":41}},"40":{"start":{"line":59,"column":6},"end":{"line":59,"column":77}},"41":{"start":{"line":61,"column":6},"end":{"line":61,"column":21}},"42":{"start":{"line":62,"column":6},"end":{"line":62,"column":18}},"43":{"start":{"line":63,"column":6},"end":{"line":63,"column":23}},"44":{"start":{"line":65,"column":6},"end":{"line":65,"column":19}},"45":{"start":{"line":68,"column":6},"end":{"line":72,"column":7}},"46":{"start":{"line":69,"column":8},"end":{"line":71,"column":9}},"47":{"start":{"line":70,"column":10},"end":{"line":70,"column":41}},"48":{"start":{"line":75,"column":6},"end":{"line":75,"column":27}},"49":{"start":{"line":76,"column":6},"end":{"line":78,"column":7}},"50":{"start":{"line":77,"column":8},"end":{"line":77,"column":24}},"51":{"start":{"line":81,"column":6},"end":{"line":91,"column":7}},"52":{"start":{"line":82,"column":8},"end":{"line":84,"column":9}},"53":{"start":{"line":83,"column":10},"end":{"line":83,"column":35}},"54":{"start":{"line":85,"column":8},"end":{"line":87,"column":9}},"55":{"start":{"line":86,"column":10},"end":{"line":86,"column":51}},"56":{"start":{"line":88,"column":8},"end":{"line":90,"column":9}},"57":{"start":{"line":88,"column":21},"end":{"line":88,"column":22}},"58":{"start":{"line":88,"column":29},"end":{"line":88,"column":54}},"59":{"start":{"line":89,"column":10},"end":{"line":89,"column":47}},"60":{"start":{"line":98,"column":2},"end":{"line":105,"column":3}},"61":{"start":{"line":99,"column":4},"end":{"line":99,"column":19}},"62":{"start":{"line":100,"column":4},"end":{"line":100,"column":26}},"63":{"start":{"line":101,"column":4},"end":{"line":101,"column":27}},"64":{"start":{"line":102,"column":4},"end":{"line":102,"column":25}},"65":{"start":{"line":103,"column":4},"end":{"line":103,"column":25}},"66":{"start":{"line":104,"column":4},"end":{"line":104,"column":25}},"67":{"start":{"line":107,"column":2},"end":{"line":113,"column":3}},"68":{"start":{"line":108,"column":15},"end":{"line":108,"column":17}},"69":{"start":{"line":109,"column":4},"end":{"line":111,"column":5}},"70":{"start":{"line":109,"column":17},"end":{"line":109,"column":18}},"71":{"start":{"line":109,"column":25},"end":{"line":109,"column":42}},"72":{"start":{"line":110,"column":6},"end":{"line":110,"column":39}},"73":{"start":{"line":112,"column":4},"end":{"line":112,"column":15}},"74":{"start":{"line":118,"column":2},"end":{"line":140,"column":3}},"75":{"start":{"line":119,"column":4},"end":{"line":121,"column":5}},"76":{"start":{"line":120,"column":6},"end":{"line":120,"column":12}},"77":{"start":{"line":122,"column":4},"end":{"line":125,"column":5}},"78":{"start":{"line":123,"column":6},"end":{"line":123,"column":41}},"79":{"start":{"line":124,"column":6},"end":{"line":124,"column":12}},"80":{"start":{"line":126,"column":16},"end":{"line":126,"column":18}},"81":{"start":{"line":127,"column":18},"end":{"line":127,"column":23}},"82":{"start":{"line":128,"column":4},"end":{"line":130,"column":5}},"83":{"start":{"line":129,"column":6},"end":{"line":129,"column":23}},"84":{"start":{"line":131,"column":4},"end":{"line":137,"column":5}},"85":{"start":{"line":131,"column":17},"end":{"line":131,"column":18}},"86":{"start":{"line":131,"column":25},"end":{"line":131,"column":38}},"87":{"start":{"line":132,"column":17},"end":{"line":132,"column":21}},"88":{"start":{"line":133,"column":6},"end":{"line":133,"column":62}},"89":{"start":{"line":134,"column":6},"end":{"line":134,"column":54}},"90":{"start":{"line":135,"column":6},"end":{"line":135,"column":27}},"91":{"start":{"line":136,"column":6},"end":{"line":136,"column":22}},"92":{"start":{"line":138,"column":4},"end":{"line":138,"column":17}},"93":{"start":{"line":139,"column":4},"end":{"line":139,"column":16}},"94":{"start":{"line":142,"column":2},"end":{"line":147,"column":3}},"95":{"start":{"line":143,"column":4},"end":{"line":143,"column":14}},"96":{"start":{"line":144,"column":4},"end":{"line":144,"column":20}},"97":{"start":{"line":145,"column":4},"end":{"line":145,"column":17}},"98":{"start":{"line":146,"column":4},"end":{"line":146,"column":15}},"99":{"start":{"line":153,"column":2},"end":{"line":166,"column":3}},"100":{"start":{"line":154,"column":16},"end":{"line":154,"column":17}},"101":{"start":{"line":155,"column":4},"end":{"line":163,"column":5}},"102":{"start":{"line":155,"column":17},"end":{"line":155,"column":18}},"103":{"start":{"line":155,"column":25},"end":{"line":155,"column":42}},"104":{"start":{"line":156,"column":6},"end":{"line":162,"column":7}},"105":{"start":{"line":157,"column":8},"end":{"line":157,"column":53}},"106":{"start":{"line":158,"column":8},"end":{"line":158,"column":31}},"107":{"start":{"line":159,"column":8},"end":{"line":159,"column":12}},"108":{"start":{"line":160,"column":8},"end":{"line":160,"column":11}},"109":{"start":{"line":161,"column":8},"end":{"line":161,"column":15}},"110":{"start":{"line":164,"column":4},"end":{"line":164,"column":17}},"111":{"start":{"line":165,"column":4},"end":{"line":165,"column":16}},"112":{"start":{"line":171,"column":2},"end":{"line":180,"column":3}},"113":{"start":{"line":172,"column":23},"end":{"line":172,"column":25}},"114":{"start":{"line":173,"column":4},"end":{"line":178,"column":5}},"115":{"start":{"line":173,"column":17},"end":{"line":173,"column":18}},"116":{"start":{"line":173,"column":25},"end":{"line":173,"column":42}},"117":{"start":{"line":174,"column":17},"end":{"line":174,"column":30}},"118":{"start":{"line":175,"column":6},"end":{"line":177,"column":7}},"119":{"start":{"line":176,"column":8},"end":{"line":176,"column":31}},"120":{"start":{"line":179,"column":4},"end":{"line":179,"column":23}},"121":{"start":{"line":185,"column":2},"end":{"line":187,"column":3}},"122":{"start":{"line":186,"column":4},"end":{"line":186,"column":28}},"123":{"start":{"line":192,"column":2},"end":{"line":196,"column":3}},"124":{"start":{"line":193,"column":4},"end":{"line":193,"column":26}},"125":{"start":{"line":194,"column":4},"end":{"line":194,"column":19}},"126":{"start":{"line":195,"column":4},"end":{"line":195,"column":15}},"127":{"start":{"line":198,"column":2},"end":{"line":201,"column":3}},"128":{"start":{"line":199,"column":4},"end":{"line":199,"column":39}},"129":{"start":{"line":200,"column":4},"end":{"line":200,"column":15}},"130":{"start":{"line":203,"column":2},"end":{"line":210,"column":3}},"131":{"start":{"line":204,"column":12},"end":{"line":204,"column":32}},"132":{"start":{"line":205,"column":16},"end":{"line":205,"column":36}},"133":{"start":{"line":206,"column":4},"end":{"line":208,"column":5}},"134":{"start":{"line":207,"column":6},"end":{"line":207,"column":24}},"135":{"start":{"line":209,"column":4},"end":{"line":209,"column":15}},"136":{"start":{"line":212,"column":2},"end":{"line":218,"column":3}},"137":{"start":{"line":213,"column":12},"end":{"line":213,"column":39}},"138":{"start":{"line":214,"column":4},"end":{"line":216,"column":5}},"139":{"start":{"line":215,"column":6},"end":{"line":215,"column":35}},"140":{"start":{"line":217,"column":4},"end":{"line":217,"column":15}},"141":{"start":{"line":220,"column":2},"end":{"line":237,"column":3}},"142":{"start":{"line":222,"column":15},"end":{"line":222,"column":25}},"143":{"start":{"line":223,"column":13},"end":{"line":223,"column":22}},"144":{"start":{"line":224,"column":6},"end":{"line":226,"column":7}},"145":{"start":{"line":225,"column":8},"end":{"line":225,"column":31}},"146":{"start":{"line":227,"column":6},"end":{"line":227,"column":17}},"147":{"start":{"line":230,"column":15},"end":{"line":230,"column":25}},"148":{"start":{"line":231,"column":13},"end":{"line":231,"column":22}},"149":{"start":{"line":232,"column":6},"end":{"line":234,"column":7}},"150":{"start":{"line":233,"column":8},"end":{"line":233,"column":28}},"151":{"start":{"line":235,"column":6},"end":{"line":235,"column":17}},"152":{"start":{"line":239,"column":2},"end":{"line":260,"column":3}},"153":{"start":{"line":240,"column":13},"end":{"line":240,"column":23}},"154":{"start":{"line":241,"column":11},"end":{"line":241,"column":20}},"155":{"start":{"line":243,"column":4},"end":{"line":243,"column":26}},"156":{"start":{"line":244,"column":4},"end":{"line":244,"column":27}},"157":{"start":{"line":245,"column":4},"end":{"line":245,"column":26}},"158":{"start":{"line":246,"column":4},"end":{"line":257,"column":5}},"159":{"start":{"line":246,"column":17},"end":{"line":246,"column":18}},"160":{"start":{"line":247,"column":6},"end":{"line":256,"column":7}},"161":{"start":{"line":248,"column":8},"end":{"line":248,"column":20}},"162":{"start":{"line":249,"column":8},"end":{"line":249,"column":37}},"163":{"start":{"line":250,"column":8},"end":{"line":250,"column":38}},"164":{"start":{"line":251,"column":13},"end":{"line":256,"column":7}},"165":{"start":{"line":252,"column":8},"end":{"line":252,"column":38}},"166":{"start":{"line":253,"column":8},"end":{"line":253,"column":20}},"167":{"start":{"line":255,"column":8},"end":{"line":255,"column":20}},"168":{"start":{"line":258,"column":4},"end":{"line":258,"column":27}},"169":{"start":{"line":259,"column":4},"end":{"line":259,"column":15}},"170":{"start":{"line":262,"column":2},"end":{"line":262,"column":14}}},"fnMap":{"0":{"name":"(anonymous_0)","decl":{"start":{"line":11,"column":17},"end":{"line":11,"column":18}},"loc":{"start":{"line":11,"column":48},"end":{"line":263,"column":1}},"line":11},"1":{"name":"(anonymous_1)","decl":{"start":{"line":19,"column":11},"end":{"line":19,"column":12}},"loc":{"start":{"line":19,"column":23},"end":{"line":66,"column":5}},"line":19},"2":{"name":"(anonymous_2)","decl":{"start":{"line":67,"column":14},"end":{"line":67,"column":15}},"loc":{"start":{"line":67,"column":26},"end":{"line":73,"column":5}},"line":67},"3":{"name":"(anonymous_3)","decl":{"start":{"line":74,"column":11},"end":{"line":74,"column":12}},"loc":{"start":{"line":74,"column":23},"end":{"line":79,"column":5}},"line":74},"4":{"name":"(anonymous_4)","decl":{"start":{"line":80,"column":16},"end":{"line":80,"column":17}},"loc":{"start":{"line":80,"column":28},"end":{"line":92,"column":5}},"line":80},"5":{"name":"(anonymous_5)","decl":{"start":{"line":98,"column":17},"end":{"line":98,"column":18}},"loc":{"start":{"line":98,"column":29},"end":{"line":105,"column":3}},"line":98},"6":{"name":"(anonymous_6)","decl":{"start":{"line":107,"column":16},"end":{"line":107,"column":17}},"loc":{"start":{"line":107,"column":28},"end":{"line":113,"column":3}},"line":107},"7":{"name":"(anonymous_7)","decl":{"start":{"line":118,"column":13},"end":{"line":118,"column":14}},"loc":{"start":{"line":118,"column":41},"end":{"line":140,"column":3}},"line":118},"8":{"name":"(anonymous_8)","decl":{"start":{"line":142,"column":14},"end":{"line":142,"column":15}},"loc":{"start":{"line":142,"column":33},"end":{"line":147,"column":3}},"line":142},"9":{"name":"(anonymous_9)","decl":{"start":{"line":153,"column":16},"end":{"line":153,"column":17}},"loc":{"start":{"line":153,"column":53},"end":{"line":166,"column":3}},"line":153},"10":{"name":"(anonymous_10)","decl":{"start":{"line":171,"column":13},"end":{"line":171,"column":14}},"loc":{"start":{"line":171,"column":41},"end":{"line":180,"column":3}},"line":171},"11":{"name":"(anonymous_11)","decl":{"start":{"line":185,"column":14},"end":{"line":185,"column":15}},"loc":{"start":{"line":185,"column":26},"end":{"line":187,"column":3}},"line":185},"12":{"name":"(anonymous_12)","decl":{"start":{"line":192,"column":15},"end":{"line":192,"column":16}},"loc":{"start":{"line":192,"column":27},"end":{"line":196,"column":3}},"line":192},"13":{"name":"(anonymous_13)","decl":{"start":{"line":198,"column":12},"end":{"line":198,"column":13}},"loc":{"start":{"line":198,"column":39},"end":{"line":201,"column":3}},"line":198},"14":{"name":"(anonymous_14)","decl":{"start":{"line":203,"column":13},"end":{"line":203,"column":14}},"loc":{"start":{"line":203,"column":40},"end":{"line":210,"column":3}},"line":203},"15":{"name":"(anonymous_15)","decl":{"start":{"line":212,"column":17},"end":{"line":212,"column":18}},"loc":{"start":{"line":212,"column":34},"end":{"line":218,"column":3}},"line":212},"16":{"name":"(anonymous_16)","decl":{"start":{"line":221,"column":12},"end":{"line":221,"column":13}},"loc":{"start":{"line":221,"column":24},"end":{"line":228,"column":5}},"line":221},"17":{"name":"(anonymous_17)","decl":{"start":{"line":229,"column":12},"end":{"line":229,"column":13}},"loc":{"start":{"line":229,"column":24},"end":{"line":236,"column":5}},"line":229},"18":{"name":"(anonymous_18)","decl":{"start":{"line":239,"column":16},"end":{"line":239,"column":17}},"loc":{"start":{"line":239,"column":28},"end":{"line":260,"column":3}},"line":239}},"branchMap":{"0":{"loc":{"start":{"line":48,"column":27},"end":{"line":48,"column":84}},"type":"cond-expr","locations":[{"start":{"line":48,"column":52},"end":{"line":48,"column":79}},{"start":{"line":48,"column":82},"end":{"line":48,"column":84}}],"line":48},"1":{"loc":{"start":{"line":49,"column":6},"end":{"line":51,"column":7}},"type":"if","locations":[{"start":{"line":49,"column":6},"end":{"line":51,"column":7}},{"start":{"line":49,"column":6},"end":{"line":51,"column":7}}],"line":49},"2":{"loc":{"start":{"line":69,"column":8},"end":{"line":71,"column":9}},"type":"if","locations":[{"start":{"line":69,"column":8},"end":{"line":71,"column":9}},{"start":{"line":69,"column":8},"end":{"line":71,"column":9}}],"line":69},"3":{"loc":{"start":{"line":69,"column":12},"end":{"line":69,"column":66}},"type":"binary-expr","locations":[{"start":{"line":69,"column":12},"end":{"line":69,"column":25}},{"start":{"line":69,"column":29},"end":{"line":69,"column":66}}],"line":69},"4":{"loc":{"start":{"line":76,"column":6},"end":{"line":78,"column":7}},"type":"if","locations":[{"start":{"line":76,"column":6},"end":{"line":78,"column":7}},{"start":{"line":76,"column":6},"end":{"line":78,"column":7}}],"line":76},"5":{"loc":{"start":{"line":81,"column":6},"end":{"line":91,"column":7}},"type":"if","locations":[{"start":{"line":81,"column":6},"end":{"line":91,"column":7}},{"start":{"line":81,"column":6},"end":{"line":91,"column":7}}],"line":81},"6":{"loc":{"start":{"line":82,"column":8},"end":{"line":84,"column":9}},"type":"if","locations":[{"start":{"line":82,"column":8},"end":{"line":84,"column":9}},{"start":{"line":82,"column":8},"end":{"line":84,"column":9}}],"line":82},"7":{"loc":{"start":{"line":85,"column":8},"end":{"line":87,"column":9}},"type":"if","locations":[{"start":{"line":85,"column":8},"end":{"line":87,"column":9}},{"start":{"line":85,"column":8},"end":{"line":87,"column":9}}],"line":85},"8":{"loc":{"start":{"line":119,"column":4},"end":{"line":121,"column":5}},"type":"if","locations":[{"start":{"line":119,"column":4},"end":{"line":121,"column":5}},{"start":{"line":119,"column":4},"end":{"line":121,"column":5}}],"line":119},"9":{"loc":{"start":{"line":122,"column":4},"end":{"line":125,"column":5}},"type":"if","locations":[{"start":{"line":122,"column":4},"end":{"line":125,"column":5}},{"start":{"line":122,"column":4},"end":{"line":125,"column":5}}],"line":122},"10":{"loc":{"start":{"line":128,"column":4},"end":{"line":130,"column":5}},"type":"if","locations":[{"start":{"line":128,"column":4},"end":{"line":130,"column":5}},{"start":{"line":128,"column":4},"end":{"line":130,"column":5}}],"line":128},"11":{"loc":{"start":{"line":133,"column":18},"end":{"line":133,"column":62}},"type":"cond-expr","locations":[{"start":{"line":133,"column":50},"end":{"line":133,"column":54}},{"start":{"line":133,"column":57},"end":{"line":133,"column":62}}],"line":133},"12":{"loc":{"start":{"line":156,"column":6},"end":{"line":162,"column":7}},"type":"if","locations":[{"start":{"line":156,"column":6},"end":{"line":162,"column":7}},{"start":{"line":156,"column":6},"end":{"line":162,"column":7}}],"line":156},"13":{"loc":{"start":{"line":175,"column":6},"end":{"line":177,"column":7}},"type":"if","locations":[{"start":{"line":175,"column":6},"end":{"line":177,"column":7}},{"start":{"line":175,"column":6},"end":{"line":177,"column":7}}],"line":175},"14":{"loc":{"start":{"line":206,"column":4},"end":{"line":208,"column":5}},"type":"if","locations":[{"start":{"line":206,"column":4},"end":{"line":208,"column":5}},{"start":{"line":206,"column":4},"end":{"line":208,"column":5}}],"line":206},"15":{"loc":{"start":{"line":247,"column":6},"end":{"line":256,"column":7}},"type":"if","locations":[{"start":{"line":247,"column":6},"end":{"line":256,"column":7}},{"start":{"line":247,"column":6},"end":{"line":256,"column":7}}],"line":247},"16":{"loc":{"start":{"line":247,"column":10},"end":{"line":247,"column":109}},"type":"binary-expr","locations":[{"start":{"line":247,"column":10},"end":{"line":247,"column":26}},{"start":{"line":247,"column":30},"end":{"line":247,"column":69}},{"start":{"line":247,"column":73},"end":{"line":247,"column":109}}],"line":247},"17":{"loc":{"start":{"line":251,"column":13},"end":{"line":256,"column":7}},"type":"if","locations":[{"start":{"line":251,"column":13},"end":{"line":256,"column":7}},{"start":{"line":251,"column":13},"end":{"line":256,"column":7}}],"line":251}},"s":{"0":17,"1":17,"2":17,"3":17,"4":17,"5":17,"6":17,"7":17,"8":17,"9":17,"10":91,"11":91,"12":91,"13":91,"14":91,"15":91,"16":91,"17":91,"18":91,"19":91,"20":91,"21":91,"22":91,"23":91,"24":91,"25":91,"26":91,"27":91,"28":91,"29":91,"30":91,"31":91,"32":91,"33":0,"34":91,"35":91,"36":91,"37":90,"38":90,"39":90,"40":90,"41":90,"42":90,"43":90,"44":90,"45":90,"46":720,"47":1,"48":90,"49":90,"50":71,"51":90,"52":4,"53":1,"54":4,"55":3,"56":4,"57":4,"58":4,"59":4,"60":91,"61":1,"62":1,"63":1,"64":1,"65":1,"66":1,"67":91,"68":2,"69":2,"70":2,"71":2,"72":8,"73":2,"74":91,"75":238,"76":0,"77":238,"78":2,"79":2,"80":236,"81":236,"82":236,"83":161,"84":236,"85":236,"86":236,"87":717,"88":717,"89":717,"90":717,"91":717,"92":236,"93":236,"94":91,"95":79,"96":79,"97":79,"98":79,"99":91,"100":5,"101":5,"102":5,"103":5,"104":20,"105":10,"106":10,"107":10,"108":10,"109":10,"110":5,"111":5,"112":91,"113":251,"114":251,"115":251,"116":251,"117":1482,"118":1482,"119":251,"120":251,"121":91,"122":139,"123":91,"124":37,"125":37,"126":37,"127":91,"128":213,"129":213,"130":91,"131":3,"132":3,"133":3,"134":2,"135":3,"136":91,"137":937,"138":937,"139":198,"140":937,"141":91,"142":69,"143":69,"144":69,"145":329,"146":69,"147":25,"148":25,"149":25,"150":75,"151":25,"152":91,"153":587,"154":587,"155":587,"156":587,"157":587,"158":587,"159":587,"160":3379,"161":2462,"162":2462,"163":2462,"164":917,"165":597,"166":597,"167":320,"168":587,"169":587,"170":91},"f":{"0":91,"1":91,"2":90,"3":90,"4":90,"5":1,"6":2,"7":238,"8":79,"9":5,"10":251,"11":139,"12":37,"13":213,"14":3,"15":937,"16":69,"17":25,"18":587},"b":{"0":[90,1],"1":[0,91],"2":[1,719],"3":[720,1],"4":[71,19],"5":[4,86],"6":[1,3],"7":[3,1],"8":[0,238],"9":[2,236],"10":[161,75],"11":[60,657],"12":[10,10],"13":[251,1231],"14":[2,1],"15":[2462,917],"16":[3379,3059,2891],"17":[597,320]},"_coverageSchema":"1a1c01bbd47fc00a2c39e90264f33305004495a9","hash":"9e68bd5a4bc89b6b36ba691bd49cdd12d3e1ad62"}
,"/Users/javve/git/list.js/src/item.js": {"path":"/Users/javve/git/list.js/src/item.js","statementMap":{"0":{"start":{"line":1,"column":0},"end":{"line":60,"column":1}},"1":{"start":{"line":2,"column":2},"end":{"line":59,"column":3}},"2":{"start":{"line":3,"column":15},"end":{"line":3,"column":19}},"3":{"start":{"line":5,"column":4},"end":{"line":5,"column":21}},"4":{"start":{"line":7,"column":4},"end":{"line":7,"column":22}},"5":{"start":{"line":8,"column":4},"end":{"line":8,"column":25}},"6":{"start":{"line":10,"column":15},"end":{"line":22,"column":5}},"7":{"start":{"line":11,"column":6},"end":{"line":21,"column":7}},"8":{"start":{"line":12,"column":8},"end":{"line":16,"column":9}},"9":{"start":{"line":13,"column":10},"end":{"line":13,"column":44}},"10":{"start":{"line":15,"column":10},"end":{"line":15,"column":33}},"11":{"start":{"line":18,"column":8},"end":{"line":18,"column":26}},"12":{"start":{"line":19,"column":21},"end":{"line":19,"column":57}},"13":{"start":{"line":20,"column":8},"end":{"line":20,"column":27}},"14":{"start":{"line":24,"column":4},"end":{"line":35,"column":5}},"15":{"start":{"line":25,"column":6},"end":{"line":34,"column":7}},"16":{"start":{"line":26,"column":8},"end":{"line":28,"column":9}},"17":{"start":{"line":27,"column":10},"end":{"line":27,"column":46}},"18":{"start":{"line":29,"column":8},"end":{"line":31,"column":9}},"19":{"start":{"line":30,"column":10},"end":{"line":30,"column":49}},"20":{"start":{"line":33,"column":8},"end":{"line":33,"column":27}},"21":{"start":{"line":37,"column":4},"end":{"line":39,"column":5}},"22":{"start":{"line":38,"column":6},"end":{"line":38,"column":31}},"23":{"start":{"line":41,"column":4},"end":{"line":43,"column":5}},"24":{"start":{"line":42,"column":6},"end":{"line":42,"column":31}},"25":{"start":{"line":45,"column":4},"end":{"line":52,"column":5}},"26":{"start":{"line":46,"column":6},"end":{"line":51,"column":7}},"27":{"start":{"line":54,"column":4},"end":{"line":56,"column":5}},"28":{"start":{"line":55,"column":6},"end":{"line":55,"column":72}},"29":{"start":{"line":58,"column":4},"end":{"line":58,"column":40}}},"fnMap":{"0":{"name":"(anonymous_0)","decl":{"start":{"line":1,"column":17},"end":{"line":1,"column":18}},"loc":{"start":{"line":1,"column":33},"end":{"line":60,"column":1}},"line":1},"1":{"name":"(anonymous_1)","decl":{"start":{"line":2,"column":9},"end":{"line":2,"column":10}},"loc":{"start":{"line":2,"column":51},"end":{"line":59,"column":3}},"line":2},"2":{"name":"(anonymous_2)","decl":{"start":{"line":10,"column":15},"end":{"line":10,"column":16}},"loc":{"start":{"line":10,"column":57},"end":{"line":22,"column":5}},"line":10},"3":{"name":"(anonymous_3)","decl":{"start":{"line":24,"column":18},"end":{"line":24,"column":19}},"loc":{"start":{"line":24,"column":50},"end":{"line":35,"column":5}},"line":24},"4":{"name":"(anonymous_4)","decl":{"start":{"line":37,"column":16},"end":{"line":37,"column":17}},"loc":{"start":{"line":37,"column":28},"end":{"line":39,"column":5}},"line":37},"5":{"name":"(anonymous_5)","decl":{"start":{"line":41,"column":16},"end":{"line":41,"column":17}},"loc":{"start":{"line":41,"column":28},"end":{"line":43,"column":5}},"line":41},"6":{"name":"(anonymous_6)","decl":{"start":{"line":45,"column":20},"end":{"line":45,"column":21}},"loc":{"start":{"line":45,"column":32},"end":{"line":52,"column":5}},"line":45},"7":{"name":"(anonymous_7)","decl":{"start":{"line":54,"column":19},"end":{"line":54,"column":20}},"loc":{"start":{"line":54,"column":31},"end":{"line":56,"column":5}},"line":54}},"branchMap":{"0":{"loc":{"start":{"line":11,"column":6},"end":{"line":21,"column":7}},"type":"if","locations":[{"start":{"line":11,"column":6},"end":{"line":21,"column":7}},{"start":{"line":11,"column":6},"end":{"line":21,"column":7}}],"line":11},"1":{"loc":{"start":{"line":12,"column":8},"end":{"line":16,"column":9}},"type":"if","locations":[{"start":{"line":12,"column":8},"end":{"line":16,"column":9}},{"start":{"line":12,"column":8},"end":{"line":16,"column":9}}],"line":12},"2":{"loc":{"start":{"line":25,"column":6},"end":{"line":34,"column":7}},"type":"if","locations":[{"start":{"line":25,"column":6},"end":{"line":34,"column":7}},{"start":{"line":25,"column":6},"end":{"line":34,"column":7}}],"line":25},"3":{"loc":{"start":{"line":29,"column":8},"end":{"line":31,"column":9}},"type":"if","locations":[{"start":{"line":29,"column":8},"end":{"line":31,"column":9}},{"start":{"line":29,"column":8},"end":{"line":31,"column":9}}],"line":29},"4":{"loc":{"start":{"line":47,"column":8},"end":{"line":50,"column":42}},"type":"binary-expr","locations":[{"start":{"line":47,"column":9},"end":{"line":47,"column":22}},{"start":{"line":47,"column":26},"end":{"line":47,"column":39}},{"start":{"line":47,"column":43},"end":{"line":47,"column":53}},{"start":{"line":47,"column":57},"end":{"line":47,"column":70}},{"start":{"line":48,"column":9},"end":{"line":48,"column":22}},{"start":{"line":48,"column":26},"end":{"line":48,"column":40}},{"start":{"line":48,"column":44},"end":{"line":48,"column":57}},{"start":{"line":49,"column":9},"end":{"line":49,"column":23}},{"start":{"line":49,"column":27},"end":{"line":49,"column":40}},{"start":{"line":49,"column":44},"end":{"line":49,"column":54}},{"start":{"line":50,"column":9},"end":{"line":50,"column":23}},{"start":{"line":50,"column":27},"end":{"line":50,"column":41}}],"line":47},"5":{"loc":{"start":{"line":55,"column":13},"end":{"line":55,"column":72}},"type":"cond-expr","locations":[{"start":{"line":55,"column":60},"end":{"line":55,"column":64}},{"start":{"line":55,"column":67},"end":{"line":55,"column":72}}],"line":55},"6":{"loc":{"start":{"line":55,"column":13},"end":{"line":55,"column":57}},"type":"binary-expr","locations":[{"start":{"line":55,"column":13},"end":{"line":55,"column":21}},{"start":{"line":55,"column":25},"end":{"line":55,"column":57}}],"line":55}},"s":{"0":17,"1":182,"2":907,"3":907,"4":907,"5":907,"6":907,"7":907,"8":717,"9":60,"10":657,"11":190,"12":190,"13":190,"14":907,"15":6167,"16":1015,"17":1594,"18":1015,"19":955,"20":5152,"21":907,"22":2463,"23":907,"24":919,"25":907,"26":4350,"27":907,"28":92,"29":907},"f":{"0":182,"1":907,"2":907,"3":6167,"4":2463,"5":919,"6":4350,"7":92},"b":{"0":[717,190],"1":[60,657],"2":[1015,5152],"3":[955,60],"4":[4350,317,68,42,4331,298,249,4224,4033,602,4096,3905],"5":[35,57],"6":[92,92]},"_coverageSchema":"1a1c01bbd47fc00a2c39e90264f33305004495a9","hash":"a5458b6699e654d6bc70da0d822e1cc44a376a1d"}
,"/Users/javve/git/list.js/src/pagination.js": {"path":"/Users/javve/git/list.js/src/pagination.js","statementMap":{"0":{"start":{"line":1,"column":14},"end":{"line":1,"column":40}},"1":{"start":{"line":2,"column":11},"end":{"line":2,"column":36}},"2":{"start":{"line":3,"column":9},"end":{"line":3,"column":27}},"3":{"start":{"line":5,"column":0},"end":{"line":108,"column":1}},"4":{"start":{"line":6,"column":17},"end":{"line":6,"column":22}},"5":{"start":{"line":8,"column":16},"end":{"line":52,"column":3}},"6":{"start":{"line":9,"column":4},"end":{"line":15,"column":5}},"7":{"start":{"line":10,"column":6},"end":{"line":10,"column":47}},"8":{"start":{"line":11,"column":6},"end":{"line":11,"column":21}},"9":{"start":{"line":12,"column":6},"end":{"line":12,"column":12}},"10":{"start":{"line":13,"column":11},"end":{"line":15,"column":5}},"11":{"start":{"line":14,"column":6},"end":{"line":14,"column":48}},"12":{"start":{"line":18,"column":10},"end":{"line":18,"column":35}},"13":{"start":{"line":19,"column":14},"end":{"line":19,"column":20}},"14":{"start":{"line":20,"column":13},"end":{"line":20,"column":22}},"15":{"start":{"line":21,"column":14},"end":{"line":21,"column":33}},"16":{"start":{"line":22,"column":20},"end":{"line":22,"column":43}},"17":{"start":{"line":23,"column":20},"end":{"line":23,"column":44}},"18":{"start":{"line":24,"column":13},"end":{"line":24,"column":53}},"19":{"start":{"line":25,"column":14},"end":{"line":25,"column":55}},"20":{"start":{"line":27,"column":4},"end":{"line":27,"column":25}},"21":{"start":{"line":28,"column":4},"end":{"line":28,"column":22}},"22":{"start":{"line":29,"column":4},"end":{"line":51,"column":5}},"23":{"start":{"line":29,"column":17},"end":{"line":29,"column":18}},"24":{"start":{"line":30,"column":22},"end":{"line":30,"column":55}},"25":{"start":{"line":34,"column":6},"end":{"line":50,"column":7}},"26":{"start":{"line":35,"column":8},"end":{"line":38,"column":13}},"27":{"start":{"line":39,"column":8},"end":{"line":41,"column":9}},"28":{"start":{"line":40,"column":10},"end":{"line":40,"column":42}},"29":{"start":{"line":42,"column":8},"end":{"line":42,"column":53}},"30":{"start":{"line":43,"column":8},"end":{"line":43,"column":59}},"31":{"start":{"line":44,"column":13},"end":{"line":50,"column":7}},"32":{"start":{"line":45,"column":8},"end":{"line":48,"column":13}},"33":{"start":{"line":49,"column":8},"end":{"line":49,"column":41}},"34":{"start":{"line":54,"column":11},"end":{"line":83,"column":3}},"35":{"start":{"line":56,"column":6},"end":{"line":56,"column":104}},"36":{"start":{"line":59,"column":6},"end":{"line":59,"column":22}},"37":{"start":{"line":62,"column":6},"end":{"line":62,"column":22}},"38":{"start":{"line":65,"column":6},"end":{"line":65,"column":77}},"39":{"start":{"line":68,"column":6},"end":{"line":71,"column":7}},"40":{"start":{"line":74,"column":6},"end":{"line":74,"column":101}},"41":{"start":{"line":77,"column":6},"end":{"line":81,"column":7}},"42":{"start":{"line":78,"column":8},"end":{"line":78,"column":20}},"43":{"start":{"line":80,"column":8},"end":{"line":80,"column":100}},"44":{"start":{"line":85,"column":2},"end":{"line":107,"column":3}},"45":{"start":{"line":86,"column":21},"end":{"line":92,"column":6}},"46":{"start":{"line":94,"column":4},"end":{"line":101,"column":6}},"47":{"start":{"line":95,"column":19},"end":{"line":95,"column":43}},"48":{"start":{"line":96,"column":15},"end":{"line":96,"column":59}},"49":{"start":{"line":97,"column":12},"end":{"line":97,"column":53}},"50":{"start":{"line":98,"column":6},"end":{"line":100,"column":7}},"51":{"start":{"line":99,"column":8},"end":{"line":99,"column":43}},"52":{"start":{"line":103,"column":4},"end":{"line":105,"column":6}},"53":{"start":{"line":104,"column":6},"end":{"line":104,"column":34}},"54":{"start":{"line":106,"column":4},"end":{"line":106,"column":32}}},"fnMap":{"0":{"name":"(anonymous_0)","decl":{"start":{"line":5,"column":17},"end":{"line":5,"column":18}},"loc":{"start":{"line":5,"column":33},"end":{"line":108,"column":1}},"line":5},"1":{"name":"(anonymous_1)","decl":{"start":{"line":8,"column":16},"end":{"line":8,"column":17}},"loc":{"start":{"line":8,"column":47},"end":{"line":52,"column":3}},"line":8},"2":{"name":"(anonymous_2)","decl":{"start":{"line":55,"column":12},"end":{"line":55,"column":13}},"loc":{"start":{"line":55,"column":64},"end":{"line":57,"column":5}},"line":55},"3":{"name":"(anonymous_3)","decl":{"start":{"line":58,"column":10},"end":{"line":58,"column":11}},"loc":{"start":{"line":58,"column":29},"end":{"line":60,"column":5}},"line":58},"4":{"name":"(anonymous_4)","decl":{"start":{"line":61,"column":11},"end":{"line":61,"column":12}},"loc":{"start":{"line":61,"column":31},"end":{"line":63,"column":5}},"line":61},"5":{"name":"(anonymous_5)","decl":{"start":{"line":64,"column":17},"end":{"line":64,"column":18}},"loc":{"start":{"line":64,"column":56},"end":{"line":66,"column":5}},"line":64},"6":{"name":"(anonymous_6)","decl":{"start":{"line":67,"column":12},"end":{"line":67,"column":13}},"loc":{"start":{"line":67,"column":93},"end":{"line":72,"column":5}},"line":67},"7":{"name":"(anonymous_7)","decl":{"start":{"line":73,"column":16},"end":{"line":73,"column":17}},"loc":{"start":{"line":73,"column":80},"end":{"line":75,"column":5}},"line":73},"8":{"name":"(anonymous_8)","decl":{"start":{"line":76,"column":17},"end":{"line":76,"column":18}},"loc":{"start":{"line":76,"column":98},"end":{"line":82,"column":5}},"line":76},"9":{"name":"(anonymous_9)","decl":{"start":{"line":85,"column":9},"end":{"line":85,"column":10}},"loc":{"start":{"line":85,"column":28},"end":{"line":107,"column":3}},"line":85},"10":{"name":"(anonymous_10)","decl":{"start":{"line":94,"column":51},"end":{"line":94,"column":52}},"loc":{"start":{"line":94,"column":64},"end":{"line":101,"column":5}},"line":94},"11":{"name":"(anonymous_11)","decl":{"start":{"line":103,"column":23},"end":{"line":103,"column":24}},"loc":{"start":{"line":103,"column":35},"end":{"line":105,"column":5}},"line":103}},"branchMap":{"0":{"loc":{"start":{"line":9,"column":4},"end":{"line":15,"column":5}},"type":"if","locations":[{"start":{"line":9,"column":4},"end":{"line":15,"column":5}},{"start":{"line":9,"column":4},"end":{"line":15,"column":5}}],"line":9},"1":{"loc":{"start":{"line":13,"column":11},"end":{"line":15,"column":5}},"type":"if","locations":[{"start":{"line":13,"column":11},"end":{"line":15,"column":5}},{"start":{"line":13,"column":11},"end":{"line":15,"column":5}}],"line":13},"2":{"loc":{"start":{"line":23,"column":20},"end":{"line":23,"column":44}},"type":"binary-expr","locations":[{"start":{"line":23,"column":20},"end":{"line":23,"column":39}},{"start":{"line":23,"column":43},"end":{"line":23,"column":44}}],"line":23},"3":{"loc":{"start":{"line":24,"column":13},"end":{"line":24,"column":53}},"type":"binary-expr","locations":[{"start":{"line":24,"column":13},"end":{"line":24,"column":25}},{"start":{"line":24,"column":29},"end":{"line":24,"column":48}},{"start":{"line":24,"column":52},"end":{"line":24,"column":53}}],"line":24},"4":{"loc":{"start":{"line":25,"column":14},"end":{"line":25,"column":55}},"type":"binary-expr","locations":[{"start":{"line":25,"column":14},"end":{"line":25,"column":27}},{"start":{"line":25,"column":31},"end":{"line":25,"column":50}},{"start":{"line":25,"column":54},"end":{"line":25,"column":55}}],"line":25},"5":{"loc":{"start":{"line":30,"column":22},"end":{"line":30,"column":55}},"type":"cond-expr","locations":[{"start":{"line":30,"column":42},"end":{"line":30,"column":50}},{"start":{"line":30,"column":53},"end":{"line":30,"column":55}}],"line":30},"6":{"loc":{"start":{"line":34,"column":6},"end":{"line":50,"column":7}},"type":"if","locations":[{"start":{"line":34,"column":6},"end":{"line":50,"column":7}},{"start":{"line":34,"column":6},"end":{"line":50,"column":7}}],"line":34},"7":{"loc":{"start":{"line":39,"column":8},"end":{"line":41,"column":9}},"type":"if","locations":[{"start":{"line":39,"column":8},"end":{"line":41,"column":9}},{"start":{"line":39,"column":8},"end":{"line":41,"column":9}}],"line":39},"8":{"loc":{"start":{"line":44,"column":13},"end":{"line":50,"column":7}},"type":"if","locations":[{"start":{"line":44,"column":13},"end":{"line":50,"column":7}},{"start":{"line":44,"column":13},"end":{"line":50,"column":7}}],"line":44},"9":{"loc":{"start":{"line":56,"column":13},"end":{"line":56,"column":104}},"type":"binary-expr","locations":[{"start":{"line":56,"column":13},"end":{"line":56,"column":31}},{"start":{"line":56,"column":35},"end":{"line":56,"column":55}},{"start":{"line":56,"column":59},"end":{"line":56,"column":104}}],"line":56},"10":{"loc":{"start":{"line":65,"column":13},"end":{"line":65,"column":77}},"type":"binary-expr","locations":[{"start":{"line":65,"column":13},"end":{"line":65,"column":43}},{"start":{"line":65,"column":47},"end":{"line":65,"column":77}}],"line":65},"11":{"loc":{"start":{"line":69,"column":8},"end":{"line":70,"column":95}},"type":"binary-expr","locations":[{"start":{"line":69,"column":8},"end":{"line":69,"column":77}},{"start":{"line":70,"column":8},"end":{"line":70,"column":95}}],"line":69},"12":{"loc":{"start":{"line":74,"column":13},"end":{"line":74,"column":101}},"type":"binary-expr","locations":[{"start":{"line":74,"column":13},"end":{"line":74,"column":26}},{"start":{"line":74,"column":30},"end":{"line":74,"column":76}},{"start":{"line":74,"column":80},"end":{"line":74,"column":101}}],"line":74},"13":{"loc":{"start":{"line":77,"column":6},"end":{"line":81,"column":7}},"type":"if","locations":[{"start":{"line":77,"column":6},"end":{"line":81,"column":7}},{"start":{"line":77,"column":6},"end":{"line":81,"column":7}}],"line":77},"14":{"loc":{"start":{"line":80,"column":15},"end":{"line":80,"column":100}},"type":"binary-expr","locations":[{"start":{"line":80,"column":15},"end":{"line":80,"column":25}},{"start":{"line":80,"column":29},"end":{"line":80,"column":75}},{"start":{"line":80,"column":79},"end":{"line":80,"column":100}}],"line":80},"15":{"loc":{"start":{"line":87,"column":17},"end":{"line":87,"column":56}},"type":"binary-expr","locations":[{"start":{"line":87,"column":17},"end":{"line":87,"column":40}},{"start":{"line":87,"column":44},"end":{"line":87,"column":56}}],"line":87},"16":{"loc":{"start":{"line":88,"column":12},"end":{"line":88,"column":68}},"type":"binary-expr","locations":[{"start":{"line":88,"column":12},"end":{"line":88,"column":24}},{"start":{"line":88,"column":28},"end":{"line":88,"column":68}}],"line":88},"17":{"loc":{"start":{"line":95,"column":19},"end":{"line":95,"column":43}},"type":"binary-expr","locations":[{"start":{"line":95,"column":19},"end":{"line":95,"column":27}},{"start":{"line":95,"column":31},"end":{"line":95,"column":43}}],"line":95},"18":{"loc":{"start":{"line":98,"column":6},"end":{"line":100,"column":7}},"type":"if","locations":[{"start":{"line":98,"column":6},"end":{"line":100,"column":7}},{"start":{"line":98,"column":6},"end":{"line":100,"column":7}}],"line":98}},"s":{"0":17,"1":17,"2":17,"3":17,"4":91,"5":91,"6":26,"7":2,"8":2,"9":2,"10":24,"11":2,"12":24,"13":24,"14":24,"15":24,"16":24,"17":24,"18":24,"19":24,"20":24,"21":24,"22":24,"23":24,"24":234,"25":234,"26":95,"27":95,"28":24,"29":95,"30":95,"31":139,"32":30,"33":30,"34":91,"35":234,"36":234,"37":249,"38":239,"39":139,"40":139,"41":124,"42":39,"43":85,"44":91,"45":4,"46":4,"47":0,"48":0,"49":0,"50":0,"51":0,"52":4,"53":22,"54":4},"f":{"0":91,"1":26,"2":234,"3":234,"4":249,"5":239,"6":139,"7":139,"8":124,"9":4,"10":0,"11":22},"b":{"0":[2,24],"1":[2,22],"2":[24,14],"3":[24,19,14],"4":[24,19,14],"5":[24,210],"6":[95,139],"7":[24,71],"8":[30,109],"9":[234,219,209],"10":[239,184],"11":[139,124],"12":[139,15,15],"13":[39,85],"14":[85,15,15],"15":[4,4],"16":[4,3],"17":[0,0],"18":[0,0]},"_coverageSchema":"1a1c01bbd47fc00a2c39e90264f33305004495a9","hash":"5efaf7f1fe8b8647418871a717f90feec577f2d6"}
,"/Users/javve/git/list.js/src/parse.js": {"path":"/Users/javve/git/list.js/src/parse.js","statementMap":{"0":{"start":{"line":1,"column":0},"end":{"line":46,"column":1}},"1":{"start":{"line":2,"column":13},"end":{"line":2,"column":36}},"2":{"start":{"line":4,"column":20},"end":{"line":14,"column":3}},"3":{"start":{"line":5,"column":16},"end":{"line":5,"column":33}},"4":{"start":{"line":6,"column":14},"end":{"line":6,"column":16}},"5":{"start":{"line":7,"column":4},"end":{"line":12,"column":5}},"6":{"start":{"line":7,"column":17},"end":{"line":7,"column":18}},"7":{"start":{"line":7,"column":25},"end":{"line":7,"column":37}},"8":{"start":{"line":9,"column":6},"end":{"line":11,"column":7}},"9":{"start":{"line":10,"column":8},"end":{"line":10,"column":28}},"10":{"start":{"line":13,"column":4},"end":{"line":13,"column":16}},"11":{"start":{"line":16,"column":14},"end":{"line":20,"column":3}},"12":{"start":{"line":17,"column":4},"end":{"line":19,"column":5}},"13":{"start":{"line":17,"column":17},"end":{"line":17,"column":18}},"14":{"start":{"line":17,"column":25},"end":{"line":17,"column":44}},"15":{"start":{"line":18,"column":6},"end":{"line":18,"column":60}},"16":{"start":{"line":21,"column":19},"end":{"line":32,"column":3}},"17":{"start":{"line":22,"column":23},"end":{"line":22,"column":49}},"18":{"start":{"line":23,"column":4},"end":{"line":23,"column":35}},"19":{"start":{"line":24,"column":4},"end":{"line":31,"column":5}},"20":{"start":{"line":25,"column":6},"end":{"line":27,"column":11}},"21":{"start":{"line":26,"column":8},"end":{"line":26,"column":44}},"22":{"start":{"line":29,"column":6},"end":{"line":29,"column":19}},"23":{"start":{"line":30,"column":6},"end":{"line":30,"column":35}},"24":{"start":{"line":34,"column":2},"end":{"line":34,"column":65}},"25":{"start":{"line":36,"column":2},"end":{"line":45,"column":3}},"26":{"start":{"line":37,"column":23},"end":{"line":37,"column":45}},"27":{"start":{"line":38,"column":19},"end":{"line":38,"column":34}},"28":{"start":{"line":40,"column":4},"end":{"line":44,"column":5}},"29":{"start":{"line":41,"column":6},"end":{"line":41,"column":42}},"30":{"start":{"line":43,"column":6},"end":{"line":43,"column":37}}},"fnMap":{"0":{"name":"(anonymous_0)","decl":{"start":{"line":1,"column":17},"end":{"line":1,"column":18}},"loc":{"start":{"line":1,"column":33},"end":{"line":46,"column":1}},"line":1},"1":{"name":"(anonymous_1)","decl":{"start":{"line":4,"column":20},"end":{"line":4,"column":21}},"loc":{"start":{"line":4,"column":38},"end":{"line":14,"column":3}},"line":4},"2":{"name":"(anonymous_2)","decl":{"start":{"line":16,"column":14},"end":{"line":16,"column":15}},"loc":{"start":{"line":16,"column":50},"end":{"line":20,"column":3}},"line":16},"3":{"name":"(anonymous_3)","decl":{"start":{"line":21,"column":19},"end":{"line":21,"column":20}},"loc":{"start":{"line":21,"column":55},"end":{"line":32,"column":3}},"line":21},"4":{"name":"(anonymous_4)","decl":{"start":{"line":25,"column":17},"end":{"line":25,"column":18}},"loc":{"start":{"line":25,"column":29},"end":{"line":27,"column":7}},"line":25},"5":{"name":"(anonymous_5)","decl":{"start":{"line":36,"column":9},"end":{"line":36,"column":10}},"loc":{"start":{"line":36,"column":21},"end":{"line":45,"column":3}},"line":36}},"branchMap":{"0":{"loc":{"start":{"line":9,"column":6},"end":{"line":11,"column":7}},"type":"if","locations":[{"start":{"line":9,"column":6},"end":{"line":11,"column":7}},{"start":{"line":9,"column":6},"end":{"line":11,"column":7}}],"line":9},"1":{"loc":{"start":{"line":24,"column":4},"end":{"line":31,"column":5}},"type":"if","locations":[{"start":{"line":24,"column":4},"end":{"line":31,"column":5}},{"start":{"line":24,"column":4},"end":{"line":31,"column":5}}],"line":24},"2":{"loc":{"start":{"line":34,"column":32},"end":{"line":34,"column":65}},"type":"binary-expr","locations":[{"start":{"line":34,"column":32},"end":{"line":34,"column":59}},{"start":{"line":34,"column":63},"end":{"line":34,"column":65}}],"line":34},"3":{"loc":{"start":{"line":40,"column":4},"end":{"line":44,"column":5}},"type":"if","locations":[{"start":{"line":40,"column":4},"end":{"line":44,"column":5}},{"start":{"line":40,"column":4},"end":{"line":44,"column":5}}],"line":40}},"s":{"0":17,"1":91,"2":91,"3":91,"4":91,"5":91,"6":91,"7":91,"8":312,"9":190,"10":91,"11":91,"12":94,"13":94,"14":94,"15":190,"16":91,"17":4,"18":4,"19":4,"20":3,"21":3,"22":1,"23":1,"24":91,"25":91,"26":91,"27":91,"28":91,"29":1,"30":90},"f":{"0":91,"1":91,"2":94,"3":4,"4":3,"5":91},"b":{"0":[190,122],"1":[3,1],"2":[91,91],"3":[1,90]},"_coverageSchema":"1a1c01bbd47fc00a2c39e90264f33305004495a9","hash":"d628d8140d838146dd0f8609af7b75d0db0bebe6"}
,"/Users/javve/git/list.js/src/search.js": {"path":"/Users/javve/git/list.js/src/search.js","statementMap":{"0":{"start":{"line":1,"column":0},"end":{"line":136,"column":1}},"1":{"start":{"line":4,"column":16},"end":{"line":41,"column":3}},"2":{"start":{"line":6,"column":6},"end":{"line":6,"column":16}},"3":{"start":{"line":7,"column":6},"end":{"line":7,"column":28}},"4":{"start":{"line":8,"column":6},"end":{"line":8,"column":30}},"5":{"start":{"line":11,"column":6},"end":{"line":21,"column":7}},"6":{"start":{"line":12,"column":8},"end":{"line":12,"column":25}},"7":{"start":{"line":13,"column":13},"end":{"line":21,"column":7}},"8":{"start":{"line":14,"column":8},"end":{"line":14,"column":27}},"9":{"start":{"line":15,"column":8},"end":{"line":15,"column":30}},"10":{"start":{"line":16,"column":13},"end":{"line":21,"column":7}},"11":{"start":{"line":17,"column":8},"end":{"line":17,"column":25}},"12":{"start":{"line":18,"column":8},"end":{"line":18,"column":30}},"13":{"start":{"line":20,"column":8},"end":{"line":20,"column":27}},"14":{"start":{"line":24,"column":6},"end":{"line":24,"column":41}},"15":{"start":{"line":24,"column":35},"end":{"line":24,"column":41}},"16":{"start":{"line":25,"column":6},"end":{"line":27,"column":7}},"17":{"start":{"line":26,"column":8},"end":{"line":26,"column":113}},"18":{"start":{"line":30,"column":6},"end":{"line":30,"column":46}},"19":{"start":{"line":31,"column":6},"end":{"line":31,"column":53}},"20":{"start":{"line":32,"column":6},"end":{"line":32,"column":22}},"21":{"start":{"line":35,"column":22},"end":{"line":35,"column":24}},"22":{"start":{"line":36,"column":6},"end":{"line":38,"column":7}},"23":{"start":{"line":37,"column":8},"end":{"line":37,"column":28}},"24":{"start":{"line":39,"column":6},"end":{"line":39,"column":22}},"25":{"start":{"line":42,"column":15},"end":{"line":85,"column":3}},"26":{"start":{"line":46,"column":18},"end":{"line":46,"column":20}},"27":{"start":{"line":48,"column":13},"end":{"line":48,"column":25}},"28":{"start":{"line":49,"column":6},"end":{"line":52,"column":7}},"29":{"start":{"line":50,"column":8},"end":{"line":50,"column":29}},"30":{"start":{"line":51,"column":8},"end":{"line":51,"column":90}},"31":{"start":{"line":54,"column":6},"end":{"line":54,"column":20}},"32":{"start":{"line":55,"column":6},"end":{"line":55,"column":58}},"33":{"start":{"line":55,"column":21},"end":{"line":55,"column":58}},"34":{"start":{"line":56,"column":6},"end":{"line":78,"column":7}},"35":{"start":{"line":56,"column":19},"end":{"line":56,"column":20}},"36":{"start":{"line":56,"column":27},"end":{"line":56,"column":44}},"37":{"start":{"line":57,"column":19},"end":{"line":57,"column":32}},"38":{"start":{"line":58,"column":8},"end":{"line":58,"column":26}},"39":{"start":{"line":59,"column":8},"end":{"line":59,"column":35}},"40":{"start":{"line":59,"column":27},"end":{"line":59,"column":35}},"41":{"start":{"line":60,"column":8},"end":{"line":76,"column":9}},"42":{"start":{"line":60,"column":21},"end":{"line":60,"column":22}},"43":{"start":{"line":60,"column":29},"end":{"line":60,"column":41}},"44":{"start":{"line":61,"column":27},"end":{"line":61,"column":32}},"45":{"start":{"line":62,"column":10},"end":{"line":73,"column":11}},"46":{"start":{"line":62,"column":23},"end":{"line":62,"column":24}},"47":{"start":{"line":62,"column":31},"end":{"line":62,"column":45}},"48":{"start":{"line":63,"column":25},"end":{"line":63,"column":38}},"49":{"start":{"line":64,"column":23},"end":{"line":64,"column":33}},"50":{"start":{"line":65,"column":12},"end":{"line":72,"column":13}},"51":{"start":{"line":66,"column":25},"end":{"line":66,"column":104}},"52":{"start":{"line":67,"column":14},"end":{"line":71,"column":15}},"53":{"start":{"line":69,"column":16},"end":{"line":69,"column":33}},"54":{"start":{"line":70,"column":16},"end":{"line":70,"column":21}},"55":{"start":{"line":75,"column":10},"end":{"line":75,"column":32}},"56":{"start":{"line":75,"column":27},"end":{"line":75,"column":32}},"57":{"start":{"line":77,"column":8},"end":{"line":77,"column":31}},"58":{"start":{"line":82,"column":6},"end":{"line":82,"column":25}},"59":{"start":{"line":83,"column":6},"end":{"line":83,"column":27}},"60":{"start":{"line":87,"column":21},"end":{"line":109,"column":3}},"61":{"start":{"line":88,"column":4},"end":{"line":88,"column":31}},"62":{"start":{"line":90,"column":4},"end":{"line":90,"column":23}},"63":{"start":{"line":91,"column":4},"end":{"line":91,"column":32}},"64":{"start":{"line":92,"column":4},"end":{"line":92,"column":33}},"65":{"start":{"line":93,"column":4},"end":{"line":93,"column":24}},"66":{"start":{"line":95,"column":4},"end":{"line":104,"column":5}},"67":{"start":{"line":96,"column":6},"end":{"line":96,"column":20}},"68":{"start":{"line":98,"column":6},"end":{"line":98,"column":26}},"69":{"start":{"line":99,"column":6},"end":{"line":103,"column":7}},"70":{"start":{"line":100,"column":8},"end":{"line":100,"column":43}},"71":{"start":{"line":102,"column":8},"end":{"line":102,"column":21}},"72":{"start":{"line":106,"column":4},"end":{"line":106,"column":17}},"73":{"start":{"line":107,"column":4},"end":{"line":107,"column":34}},"74":{"start":{"line":108,"column":4},"end":{"line":108,"column":28}},"75":{"start":{"line":111,"column":2},"end":{"line":111,"column":61}},"76":{"start":{"line":112,"column":2},"end":{"line":112,"column":67}},"77":{"start":{"line":114,"column":2},"end":{"line":125,"column":3}},"78":{"start":{"line":118,"column":19},"end":{"line":118,"column":43}},"79":{"start":{"line":119,"column":25},"end":{"line":119,"column":62}},"80":{"start":{"line":120,"column":6},"end":{"line":123,"column":7}},"81":{"start":{"line":122,"column":8},"end":{"line":122,"column":34}},"82":{"start":{"line":128,"column":2},"end":{"line":133,"column":4}},"83":{"start":{"line":129,"column":17},"end":{"line":129,"column":41}},"84":{"start":{"line":130,"column":4},"end":{"line":132,"column":5}},"85":{"start":{"line":131,"column":6},"end":{"line":131,"column":22}},"86":{"start":{"line":135,"column":2},"end":{"line":135,"column":21}}},"fnMap":{"0":{"name":"(anonymous_0)","decl":{"start":{"line":1,"column":17},"end":{"line":1,"column":18}},"loc":{"start":{"line":1,"column":33},"end":{"line":136,"column":1}},"line":1},"1":{"name":"(anonymous_1)","decl":{"start":{"line":5,"column":15},"end":{"line":5,"column":16}},"loc":{"start":{"line":5,"column":27},"end":{"line":9,"column":5}},"line":5},"2":{"name":"(anonymous_2)","decl":{"start":{"line":10,"column":16},"end":{"line":10,"column":17}},"loc":{"start":{"line":10,"column":32},"end":{"line":22,"column":5}},"line":10},"3":{"name":"(anonymous_3)","decl":{"start":{"line":23,"column":16},"end":{"line":23,"column":17}},"loc":{"start":{"line":23,"column":28},"end":{"line":28,"column":5}},"line":23},"4":{"name":"(anonymous_4)","decl":{"start":{"line":29,"column":21},"end":{"line":29,"column":22}},"loc":{"start":{"line":29,"column":34},"end":{"line":33,"column":5}},"line":29},"5":{"name":"(anonymous_5)","decl":{"start":{"line":34,"column":13},"end":{"line":34,"column":14}},"loc":{"start":{"line":34,"column":31},"end":{"line":40,"column":5}},"line":34},"6":{"name":"(anonymous_6)","decl":{"start":{"line":43,"column":10},"end":{"line":43,"column":11}},"loc":{"start":{"line":43,"column":22},"end":{"line":79,"column":5}},"line":43},"7":{"name":"(anonymous_7)","decl":{"start":{"line":81,"column":11},"end":{"line":81,"column":12}},"loc":{"start":{"line":81,"column":23},"end":{"line":84,"column":5}},"line":81},"8":{"name":"(anonymous_8)","decl":{"start":{"line":87,"column":21},"end":{"line":87,"column":22}},"loc":{"start":{"line":87,"column":36},"end":{"line":109,"column":3}},"line":87},"9":{"name":"(anonymous_9)","decl":{"start":{"line":117,"column":31},"end":{"line":117,"column":32}},"loc":{"start":{"line":117,"column":44},"end":{"line":124,"column":5}},"line":117},"10":{"name":"(anonymous_10)","decl":{"start":{"line":128,"column":95},"end":{"line":128,"column":96}},"loc":{"start":{"line":128,"column":108},"end":{"line":133,"column":3}},"line":128}},"branchMap":{"0":{"loc":{"start":{"line":11,"column":6},"end":{"line":21,"column":7}},"type":"if","locations":[{"start":{"line":11,"column":6},"end":{"line":21,"column":7}},{"start":{"line":11,"column":6},"end":{"line":21,"column":7}}],"line":11},"1":{"loc":{"start":{"line":11,"column":10},"end":{"line":11,"column":54}},"type":"binary-expr","locations":[{"start":{"line":11,"column":10},"end":{"line":11,"column":26}},{"start":{"line":11,"column":30},"end":{"line":11,"column":54}}],"line":11},"2":{"loc":{"start":{"line":13,"column":13},"end":{"line":21,"column":7}},"type":"if","locations":[{"start":{"line":13,"column":13},"end":{"line":21,"column":7}},{"start":{"line":13,"column":13},"end":{"line":21,"column":7}}],"line":13},"3":{"loc":{"start":{"line":13,"column":17},"end":{"line":13,"column":65}},"type":"binary-expr","locations":[{"start":{"line":13,"column":17},"end":{"line":13,"column":33}},{"start":{"line":13,"column":37},"end":{"line":13,"column":65}}],"line":13},"4":{"loc":{"start":{"line":16,"column":13},"end":{"line":21,"column":7}},"type":"if","locations":[{"start":{"line":16,"column":13},"end":{"line":21,"column":7}},{"start":{"line":16,"column":13},"end":{"line":21,"column":7}}],"line":16},"5":{"loc":{"start":{"line":24,"column":6},"end":{"line":24,"column":41}},"type":"if","locations":[{"start":{"line":24,"column":6},"end":{"line":24,"column":41}},{"start":{"line":24,"column":6},"end":{"line":24,"column":41}}],"line":24},"6":{"loc":{"start":{"line":25,"column":6},"end":{"line":27,"column":7}},"type":"if","locations":[{"start":{"line":25,"column":6},"end":{"line":27,"column":7}},{"start":{"line":25,"column":6},"end":{"line":27,"column":7}}],"line":25},"7":{"loc":{"start":{"line":26,"column":18},"end":{"line":26,"column":113}},"type":"cond-expr","locations":[{"start":{"line":26,"column":53},"end":{"line":26,"column":92}},{"start":{"line":26,"column":95},"end":{"line":26,"column":113}}],"line":26},"8":{"loc":{"start":{"line":55,"column":6},"end":{"line":55,"column":58}},"type":"if","locations":[{"start":{"line":55,"column":6},"end":{"line":55,"column":58}},{"start":{"line":55,"column":6},"end":{"line":55,"column":58}}],"line":55},"9":{"loc":{"start":{"line":59,"column":8},"end":{"line":59,"column":35}},"type":"if","locations":[{"start":{"line":59,"column":8},"end":{"line":59,"column":35}},{"start":{"line":59,"column":8},"end":{"line":59,"column":35}}],"line":59},"10":{"loc":{"start":{"line":65,"column":12},"end":{"line":72,"column":13}},"type":"if","locations":[{"start":{"line":65,"column":12},"end":{"line":72,"column":13}},{"start":{"line":65,"column":12},"end":{"line":72,"column":13}}],"line":65},"11":{"loc":{"start":{"line":65,"column":16},"end":{"line":65,"column":104}},"type":"binary-expr","locations":[{"start":{"line":65,"column":16},"end":{"line":65,"column":45}},{"start":{"line":65,"column":49},"end":{"line":65,"column":77}},{"start":{"line":65,"column":81},"end":{"line":65,"column":104}}],"line":65},"12":{"loc":{"start":{"line":66,"column":25},"end":{"line":66,"column":104}},"type":"cond-expr","locations":[{"start":{"line":66,"column":62},"end":{"line":66,"column":87}},{"start":{"line":66,"column":90},"end":{"line":66,"column":104}}],"line":66},"13":{"loc":{"start":{"line":67,"column":14},"end":{"line":71,"column":15}},"type":"if","locations":[{"start":{"line":67,"column":14},"end":{"line":71,"column":15}},{"start":{"line":67,"column":14},"end":{"line":71,"column":15}}],"line":67},"14":{"loc":{"start":{"line":75,"column":10},"end":{"line":75,"column":32}},"type":"if","locations":[{"start":{"line":75,"column":10},"end":{"line":75,"column":32}},{"start":{"line":75,"column":10},"end":{"line":75,"column":32}}],"line":75},"15":{"loc":{"start":{"line":95,"column":4},"end":{"line":104,"column":5}},"type":"if","locations":[{"start":{"line":95,"column":4},"end":{"line":104,"column":5}},{"start":{"line":95,"column":4},"end":{"line":104,"column":5}}],"line":95},"16":{"loc":{"start":{"line":99,"column":6},"end":{"line":103,"column":7}},"type":"if","locations":[{"start":{"line":99,"column":6},"end":{"line":103,"column":7}},{"start":{"line":99,"column":6},"end":{"line":103,"column":7}}],"line":99},"17":{"loc":{"start":{"line":111,"column":30},"end":{"line":111,"column":61}},"type":"binary-expr","locations":[{"start":{"line":111,"column":30},"end":{"line":111,"column":55}},{"start":{"line":111,"column":59},"end":{"line":111,"column":61}}],"line":111},"18":{"loc":{"start":{"line":112,"column":33},"end":{"line":112,"column":67}},"type":"binary-expr","locations":[{"start":{"line":112,"column":33},"end":{"line":112,"column":61}},{"start":{"line":112,"column":65},"end":{"line":112,"column":67}}],"line":112},"19":{"loc":{"start":{"line":118,"column":19},"end":{"line":118,"column":43}},"type":"binary-expr","locations":[{"start":{"line":118,"column":19},"end":{"line":118,"column":27}},{"start":{"line":118,"column":31},"end":{"line":118,"column":43}}],"line":118},"20":{"loc":{"start":{"line":119,"column":25},"end":{"line":119,"column":62}},"type":"binary-expr","locations":[{"start":{"line":119,"column":25},"end":{"line":119,"column":44}},{"start":{"line":119,"column":48},"end":{"line":119,"column":62}}],"line":119},"21":{"loc":{"start":{"line":120,"column":6},"end":{"line":123,"column":7}},"type":"if","locations":[{"start":{"line":120,"column":6},"end":{"line":123,"column":7}},{"start":{"line":120,"column":6},"end":{"line":123,"column":7}}],"line":120},"22":{"loc":{"start":{"line":129,"column":17},"end":{"line":129,"column":41}},"type":"binary-expr","locations":[{"start":{"line":129,"column":17},"end":{"line":129,"column":25}},{"start":{"line":129,"column":29},"end":{"line":129,"column":41}}],"line":129},"23":{"loc":{"start":{"line":130,"column":4},"end":{"line":132,"column":5}},"type":"if","locations":[{"start":{"line":130,"column":4},"end":{"line":132,"column":5}},{"start":{"line":130,"column":4},"end":{"line":132,"column":5}}],"line":130}},"s":{"0":17,"1":90,"2":72,"3":72,"4":72,"5":72,"6":6,"7":66,"8":3,"9":3,"10":63,"11":4,"12":4,"13":59,"14":72,"15":0,"16":72,"17":65,"18":72,"19":72,"20":72,"21":63,"22":63,"23":138,"24":63,"25":90,"26":40,"27":40,"28":40,"29":2,"30":2,"31":40,"32":40,"33":39,"34":40,"35":40,"36":40,"37":222,"38":222,"39":222,"40":0,"41":222,"42":222,"43":222,"44":233,"45":233,"46":233,"47":233,"48":377,"49":377,"50":377,"51":363,"52":363,"53":67,"54":67,"55":233,"56":166,"57":222,"58":25,"59":25,"60":90,"61":72,"62":72,"63":72,"64":72,"65":72,"66":72,"67":25,"68":47,"69":47,"70":7,"71":40,"72":72,"73":72,"74":72,"75":90,"76":90,"77":90,"78":2,"79":2,"80":2,"81":2,"82":90,"83":0,"84":0,"85":0,"86":90},"f":{"0":90,"1":72,"2":72,"3":72,"4":72,"5":63,"6":40,"7":25,"8":72,"9":2,"10":0},"b":{"0":[6,66],"1":[72,9],"2":[3,63],"3":[66,3],"4":[4,59],"5":[0,72],"6":[65,7],"7":[63,2],"8":[39,1],"9":[0,222],"10":[363,14],"11":[377,371,367],"12":[13,350],"13":[67,296],"14":[166,67],"15":[25,47],"16":[7,40],"17":[90,90],"18":[90,90],"19":[2,0],"20":[2,0],"21":[2,0],"22":[0,0],"23":[0,0]},"_coverageSchema":"1a1c01bbd47fc00a2c39e90264f33305004495a9","hash":"5e843542b3390d251e3e7a40f61e93f6861c00bb"}
,"/Users/javve/git/list.js/src/sort.js": {"path":"/Users/javve/git/list.js/src/sort.js","statementMap":{"0":{"start":{"line":1,"column":0},"end":{"line":104,"column":1}},"1":{"start":{"line":2,"column":16},"end":{"line":46,"column":3}},"2":{"start":{"line":5,"column":6},"end":{"line":8,"column":7}},"3":{"start":{"line":5,"column":19},"end":{"line":5,"column":20}},"4":{"start":{"line":5,"column":27},"end":{"line":5,"column":45}},"5":{"start":{"line":6,"column":8},"end":{"line":6,"column":56}},"6":{"start":{"line":7,"column":8},"end":{"line":7,"column":57}},"7":{"start":{"line":11,"column":28},"end":{"line":11,"column":70}},"8":{"start":{"line":12,"column":6},"end":{"line":20,"column":7}},"9":{"start":{"line":13,"column":8},"end":{"line":13,"column":30}},"10":{"start":{"line":14,"column":13},"end":{"line":20,"column":7}},"11":{"start":{"line":15,"column":8},"end":{"line":15,"column":20}},"12":{"start":{"line":16,"column":13},"end":{"line":20,"column":7}},"13":{"start":{"line":17,"column":8},"end":{"line":17,"column":21}},"14":{"start":{"line":19,"column":8},"end":{"line":19,"column":20}},"15":{"start":{"line":23,"column":24},"end":{"line":23,"column":72}},"16":{"start":{"line":24,"column":6},"end":{"line":28,"column":7}},"17":{"start":{"line":25,"column":8},"end":{"line":25,"column":35}},"18":{"start":{"line":27,"column":8},"end":{"line":27,"column":34}},"19":{"start":{"line":31,"column":6},"end":{"line":44,"column":7}},"20":{"start":{"line":31,"column":19},"end":{"line":31,"column":20}},"21":{"start":{"line":31,"column":27},"end":{"line":31,"column":45}},"22":{"start":{"line":32,"column":18},"end":{"line":32,"column":32}},"23":{"start":{"line":33,"column":8},"end":{"line":35,"column":9}},"24":{"start":{"line":34,"column":10},"end":{"line":34,"column":18}},"25":{"start":{"line":36,"column":30},"end":{"line":36,"column":72}},"26":{"start":{"line":37,"column":8},"end":{"line":43,"column":9}},"27":{"start":{"line":38,"column":10},"end":{"line":40,"column":11}},"28":{"start":{"line":39,"column":12},"end":{"line":39,"column":54}},"29":{"start":{"line":42,"column":10},"end":{"line":42,"column":52}},"30":{"start":{"line":48,"column":13},"end":{"line":92,"column":3}},"31":{"start":{"line":49,"column":4},"end":{"line":49,"column":29}},"32":{"start":{"line":50,"column":18},"end":{"line":50,"column":20}},"33":{"start":{"line":52,"column":17},"end":{"line":52,"column":83}},"34":{"start":{"line":54,"column":4},"end":{"line":63,"column":5}},"35":{"start":{"line":55,"column":6},"end":{"line":55,"column":70}},"36":{"start":{"line":56,"column":6},"end":{"line":56,"column":45}},"37":{"start":{"line":57,"column":6},"end":{"line":57,"column":46}},"38":{"start":{"line":59,"column":6},"end":{"line":59,"column":39}},"39":{"start":{"line":60,"column":6},"end":{"line":60,"column":38}},"40":{"start":{"line":61,"column":6},"end":{"line":61,"column":44}},"41":{"start":{"line":62,"column":6},"end":{"line":62,"column":98}},"42":{"start":{"line":65,"column":4},"end":{"line":65,"column":19}},"43":{"start":{"line":66,"column":4},"end":{"line":66,"column":29}},"44":{"start":{"line":70,"column":29},"end":{"line":70,"column":78}},"45":{"start":{"line":71,"column":14},"end":{"line":71,"column":47}},"46":{"start":{"line":74,"column":4},"end":{"line":87,"column":5}},"47":{"start":{"line":75,"column":6},"end":{"line":77,"column":7}},"48":{"start":{"line":76,"column":8},"end":{"line":76,"column":64}},"49":{"start":{"line":79,"column":6},"end":{"line":86,"column":7}},"50":{"start":{"line":80,"column":19},"end":{"line":80,"column":41}},"51":{"start":{"line":81,"column":8},"end":{"line":81,"column":70}},"52":{"start":{"line":82,"column":8},"end":{"line":84,"column":9}},"53":{"start":{"line":83,"column":10},"end":{"line":83,"column":55}},"54":{"start":{"line":85,"column":8},"end":{"line":85,"column":97}},"55":{"start":{"line":89,"column":4},"end":{"line":89,"column":33}},"56":{"start":{"line":90,"column":4},"end":{"line":90,"column":17}},"57":{"start":{"line":91,"column":4},"end":{"line":91,"column":32}},"58":{"start":{"line":95,"column":2},"end":{"line":95,"column":57}},"59":{"start":{"line":96,"column":2},"end":{"line":96,"column":63}},"60":{"start":{"line":98,"column":2},"end":{"line":98,"column":73}},"61":{"start":{"line":99,"column":2},"end":{"line":99,"column":52}},"62":{"start":{"line":100,"column":2},"end":{"line":100,"column":39}},"63":{"start":{"line":101,"column":2},"end":{"line":101,"column":39}},"64":{"start":{"line":103,"column":2},"end":{"line":103,"column":13}}},"fnMap":{"0":{"name":"(anonymous_0)","decl":{"start":{"line":1,"column":17},"end":{"line":1,"column":18}},"loc":{"start":{"line":1,"column":33},"end":{"line":104,"column":1}},"line":1},"1":{"name":"(anonymous_1)","decl":{"start":{"line":4,"column":11},"end":{"line":4,"column":12}},"loc":{"start":{"line":4,"column":23},"end":{"line":9,"column":5}},"line":4},"2":{"name":"(anonymous_2)","decl":{"start":{"line":10,"column":14},"end":{"line":10,"column":15}},"loc":{"start":{"line":10,"column":29},"end":{"line":21,"column":5}},"line":10},"3":{"name":"(anonymous_3)","decl":{"start":{"line":22,"column":20},"end":{"line":22,"column":21}},"loc":{"start":{"line":22,"column":44},"end":{"line":29,"column":5}},"line":22},"4":{"name":"(anonymous_4)","decl":{"start":{"line":30,"column":14},"end":{"line":30,"column":15}},"loc":{"start":{"line":30,"column":33},"end":{"line":45,"column":5}},"line":30},"5":{"name":"(anonymous_5)","decl":{"start":{"line":48,"column":13},"end":{"line":48,"column":14}},"loc":{"start":{"line":48,"column":25},"end":{"line":92,"column":3}},"line":48},"6":{"name":"(anonymous_6)","decl":{"start":{"line":75,"column":21},"end":{"line":75,"column":22}},"loc":{"start":{"line":75,"column":45},"end":{"line":77,"column":7}},"line":75},"7":{"name":"(anonymous_7)","decl":{"start":{"line":79,"column":21},"end":{"line":79,"column":22}},"loc":{"start":{"line":79,"column":45},"end":{"line":86,"column":7}},"line":79}},"branchMap":{"0":{"loc":{"start":{"line":12,"column":6},"end":{"line":20,"column":7}},"type":"if","locations":[{"start":{"line":12,"column":6},"end":{"line":20,"column":7}},{"start":{"line":12,"column":6},"end":{"line":20,"column":7}}],"line":12},"1":{"loc":{"start":{"line":12,"column":10},"end":{"line":12,"column":63}},"type":"binary-expr","locations":[{"start":{"line":12,"column":10},"end":{"line":12,"column":34}},{"start":{"line":12,"column":38},"end":{"line":12,"column":63}}],"line":12},"2":{"loc":{"start":{"line":14,"column":13},"end":{"line":20,"column":7}},"type":"if","locations":[{"start":{"line":14,"column":13},"end":{"line":20,"column":7}},{"start":{"line":14,"column":13},"end":{"line":20,"column":7}}],"line":14},"3":{"loc":{"start":{"line":16,"column":13},"end":{"line":20,"column":7}},"type":"if","locations":[{"start":{"line":16,"column":13},"end":{"line":20,"column":7}},{"start":{"line":16,"column":13},"end":{"line":20,"column":7}}],"line":16},"4":{"loc":{"start":{"line":24,"column":6},"end":{"line":28,"column":7}},"type":"if","locations":[{"start":{"line":24,"column":6},"end":{"line":28,"column":7}},{"start":{"line":24,"column":6},"end":{"line":28,"column":7}}],"line":24},"5":{"loc":{"start":{"line":33,"column":8},"end":{"line":35,"column":9}},"type":"if","locations":[{"start":{"line":33,"column":8},"end":{"line":35,"column":9}},{"start":{"line":33,"column":8},"end":{"line":35,"column":9}}],"line":33},"6":{"loc":{"start":{"line":37,"column":8},"end":{"line":43,"column":9}},"type":"if","locations":[{"start":{"line":37,"column":8},"end":{"line":43,"column":9}},{"start":{"line":37,"column":8},"end":{"line":43,"column":9}}],"line":37},"7":{"loc":{"start":{"line":37,"column":12},"end":{"line":37,"column":65}},"type":"binary-expr","locations":[{"start":{"line":37,"column":12},"end":{"line":37,"column":36}},{"start":{"line":37,"column":40},"end":{"line":37,"column":65}}],"line":37},"8":{"loc":{"start":{"line":38,"column":10},"end":{"line":40,"column":11}},"type":"if","locations":[{"start":{"line":38,"column":10},"end":{"line":40,"column":11}},{"start":{"line":38,"column":10},"end":{"line":40,"column":11}}],"line":38},"9":{"loc":{"start":{"line":52,"column":17},"end":{"line":52,"column":83}},"type":"binary-expr","locations":[{"start":{"line":52,"column":17},"end":{"line":52,"column":43}},{"start":{"line":52,"column":47},"end":{"line":52,"column":70}},{"start":{"line":52,"column":74},"end":{"line":52,"column":83}}],"line":52},"10":{"loc":{"start":{"line":54,"column":4},"end":{"line":63,"column":5}},"type":"if","locations":[{"start":{"line":54,"column":4},"end":{"line":63,"column":5}},{"start":{"line":54,"column":4},"end":{"line":63,"column":5}}],"line":54},"11":{"
[...]
,"column":39}},"type":"cond-expr","locations":[{"start":{"line":40,"column":25},"end":{"line":40,"column":28}},{"start":{"line":40,"column":31},"end":{"line":40,"column":39}}],"line":40},"7":{"loc":{"start":{"line":48,"column":2},"end":{"line":56,"column":3}},"type":"if","locations":[{"start":{"line":48,"column":2},"end":{"line":56,"column":3}},{"start":{"line":48,"column":2},"end":{"line":56,"column":3}}],"line":48},"8":{"loc":{"start":{"line":53,"column":4},"end":{"line":55,"column":5}},"type":"if","locations":[{"start":{"line":53,"column":4},"end":{"line":55,"column":5}},{"start":{"line":53,"column":4},"end":{"line":55,"column":5}}],"line":53},"9":{"loc":{"start":{"line":72,"column":6},"end":{"line":76,"column":7}},"type":"if","locations":[{"start":{"line":72,"column":6},"end":{"line":76,"column":7}},{"start":{"line":72,"column":6},"end":{"line":76,"column":7}}],"line":72},"10":{"loc":{"start":{"line":90,"column":6},"end":{"line":96,"column":7}},"type":"if","locations":[{"start":{"line":90,"column":6},"end":{"line":96,"column":7}},{"start":{"line":90,"column":6},"end":{"line":96,"column":7}}],"line":90},"11":{"loc":{"start":{"line":97,"column":6},"end":{"line":113,"column":7}},"type":"if","locations":[{"start":{"line":97,"column":6},"end":{"line":113,"column":7}},{"start":{"line":97,"column":6},"end":{"line":113,"column":7}}],"line":97},"12":{"loc":{"start":{"line":101,"column":8},"end":{"line":112,"column":9}},"type":"if","locations":[{"start":{"line":101,"column":8},"end":{"line":112,"column":9}},{"start":{"line":101,"column":8},"end":{"line":112,"column":9}}],"line":101},"13":{"loc":{"start":{"line":105,"column":10},"end":{"line":111,"column":11}},"type":"if","locations":[{"start":{"line":105,"column":10},"end":{"line":111,"column":11}},{"start":{"line":105,"column":10},"end":{"line":111,"column":11}}],"line":105},"14":{"loc":{"start":{"line":116,"column":4},"end":{"line":118,"column":5}},"type":"if","locations":[{"start":{"line":116,"column":4},"end":{"line":118,"column":5}},{"start":{"line":116,"column":4},"end":{"line":118,"column":5}}],"line":116},"15":{"loc":{"start":{"line":122,"column":9},"end":{"line":122,"column":36}},"type":"cond-expr","locations":[{"start":{"line":122,"column":24},"end":{"line":122,"column":29}},{"start":{"line":122,"column":32},"end":{"line":122,"column":36}}],"line":122}},"s":{"0":17,"1":60,"2":60,"3":60,"4":60,"5":0,"6":60,"7":0,"8":60,"9":60,"10":60,"11":60,"12":330,"13":60,"14":330,"15":60,"16":698,"17":698,"18":698,"19":0,"20":698,"21":60,"22":60,"23":60,"24":9,"25":9,"26":9,"27":2,"28":60,"29":60,"30":60,"31":60,"32":60,"33":161,"34":161,"35":161,"36":515,"37":277,"38":238,"39":515,"40":161,"41":161,"42":161,"43":161,"44":161,"45":161,"46":161,"47":3104,"48":3104,"49":1225,"50":1879,"51":3104,"52":11,"53":11,"54":11,"55":11,"56":11,"57":9,"58":2,"59":161,"60":60,"61":101,"62":60},"f":{"0":60,"1":60,"2":698},"b":{"0":[60,60],"1":[60,0],"2":[60,0],"3":[0,60],"4":[0,60],"5":[0,698],"6":[0,0],"7":[9,51],"8":[2,7],"9":[277,238],"10":[1225,1879],"11":[11,3093],"12":[11,0],"13":[9,2],"14":[60,101],"15":[49,11]},"_coverageSchema":"1a1c01bbd47fc00a2c39e90264f33305004495a9","hash":"4e09fdda7d0273ccc7f986f950993d7feb4741a1"}
,"/Users/javve/git/list.js/src/utils/get-attribute.js": {"path":"/Users/javve/git/list.js/src/utils/get-attribute.js","statementMap":{"0":{"start":{"line":12,"column":0},"end":{"line":26,"column":1}},"1":{"start":{"line":13,"column":15},"end":{"line":13,"column":65}},"2":{"start":{"line":14,"column":2},"end":{"line":24,"column":3}},"3":{"start":{"line":15,"column":16},"end":{"line":15,"column":29}},"4":{"start":{"line":16,"column":17},"end":{"line":16,"column":29}},"5":{"start":{"line":17,"column":4},"end":{"line":23,"column":5}},"6":{"start":{"line":17,"column":17},"end":{"line":17,"column":18}},"7":{"start":{"line":18,"column":6},"end":{"line":22,"column":7}},"8":{"start":{"line":19,"column":8},"end":{"line":21,"column":9}},"9":{"start":{"line":20,"column":10},"end":{"line":20,"column":37}},"10":{"start":{"line":25,"column":2},"end":{"line":25,"column":15}}},"fnMap":{"0":{"name":"(anonymous_0)","decl":{"start":{"line":12,"column":17},"end":{"line":12,"column":18}},"loc":{"start":{"line":12,"column":37},"end":{"line":26,"column":1}},"line":12}},"branchMap":{"0":{"loc":{"start":{"line":13,"column":15},"end":{"line":13,"column":65}},"type":"binary-expr","locations":[{"start":{"line":13,"column":16},"end":{"line":13,"column":31}},{"start":{"line":13,"column":35},"end":{"line":13,"column":56}},{"start":{"line":13,"column":61},"end":{"line":13,"column":65}}],"line":13},"1":{"loc":{"start":{"line":14,"column":2},"end":{"line":24,"column":3}},"type":"if","locations":[{"start":{"line":14,"column":2},"end":{"line":24,"column":3}},{"start":{"line":14,"column":2},"end":{"line":24,"column":3}}],"line":14},"2":{"loc":{"start":{"line":18,"column":6},"end":{"line":22,"column":7}},"type":"if","locations":[{"start":{"line":18,"column":6},"end":{"line":22,"column":7}},{"start":{"line":18,"column":6},"end":{"line":22,"column":7}}],"line":18},"3":{"loc":{"start":{"line":19,"column":8},"end":{"line":21,"column":9}},"type":"if","locations":[{"start":{"line":19,"column":8},"end":{"line":21,"column":9}},{"start":{"line":19,"column":8},"end":{"line":21,"column":9}}],"line":19}},"s":{"0":17,"1":116,"2":116,"3":26,"4":26,"5":26,"6":26,"7":83,"8":83,"9":0,"10":116},"f":{"0":116},"b":{"0":[116,116,26],"1":[26,90],"2":[83,0],"3":[0,83]},"_coverageSchema":"1a1c01bbd47fc00a2c39e90264f33305004495a9","hash":"e91ff1cc5f26ad362677e3f6113e36bce0ec25ac"}
,"/Users/javve/git/list.js/src/utils/get-by-class.js": {"path":"/Users/javve/git/list.js/src/utils/get-by-class.js","statementMap":{"0":{"start":{"line":15,"column":29},"end":{"line":21,"column":1}},"1":{"start":{"line":16,"column":2},"end":{"line":20,"column":3}},"2":{"start":{"line":17,"column":4},"end":{"line":17,"column":57}},"3":{"start":{"line":19,"column":4},"end":{"line":19,"column":54}},"4":{"start":{"line":23,"column":20},"end":{"line":30,"column":1}},"5":{"start":{"line":24,"column":2},"end":{"line":24,"column":29}},"6":{"start":{"line":25,"column":2},"end":{"line":29,"column":3}},"7":{"start":{"line":26,"column":4},"end":{"line":26,"column":45}},"8":{"start":{"line":28,"column":4},"end":{"line":28,"column":48}},"9":{"start":{"line":32,"column":15},"end":{"line":50,"column":1}},"10":{"start":{"line":33,"column":22},"end":{"line":33,"column":24}},"11":{"start":{"line":34,"column":10},"end":{"line":34,"column":13}},"12":{"start":{"line":36,"column":12},"end":{"line":36,"column":47}},"13":{"start":{"line":37,"column":15},"end":{"line":37,"column":25}},"14":{"start":{"line":38,"column":16},"end":{"line":38,"column":61}},"15":{"start":{"line":39,"column":2},"end":{"line":48,"column":3}},"16":{"start":{"line":39,"column":15},"end":{"line":39,"column":16}},"17":{"start":{"line":39,"column":22},"end":{"line":39,"column":23}},"18":{"start":{"line":40,"column":4},"end":{"line":47,"column":5}},"19":{"start":{"line":41,"column":6},"end":{"line":46,"column":7}},"20":{"start":{"line":42,"column":8},"end":{"line":42,"column":21}},"21":{"start":{"line":44,"column":8},"end":{"line":44,"column":33}},"22":{"start":{"line":45,"column":8},"end":{"line":45,"column":11}},"23":{"start":{"line":49,"column":2},"end":{"line":49,"column":22}},"24":{"start":{"line":52,"column":0},"end":{"line":63,"column":4}},"25":{"start":{"line":53,"column":2},"end":{"line":62,"column":3}},"26":{"start":{"line":54,"column":4},"end":{"line":54,"column":27}},"27":{"start":{"line":55,"column":4},"end":{"line":61,"column":5}},"28":{"start":{"line":56,"column":6},"end":{"line":56,"column":65}},"29":{"start":{"line":57,"column":11},"end":{"line":61,"column":5}},"30":{"start":{"line":58,"column":6},"end":{"line":58,"column":56}},"31":{"start":{"line":60,"column":6},"end":{"line":60,"column":51}}},"fnMap":{"0":{"name":"(anonymous_0)","decl":{"start":{"line":15,"column":29},"end":{"line":15,"column":30}},"loc":{"start":{"line":15,"column":69},"end":{"line":21,"column":1}},"line":15},"1":{"name":"(anonymous_1)","decl":{"start":{"line":23,"column":20},"end":{"line":23,"column":21}},"loc":{"start":{"line":23,"column":60},"end":{"line":30,"column":1}},"line":23},"2":{"name":"(anonymous_2)","decl":{"start":{"line":32,"column":15},"end":{"line":32,"column":16}},"loc":{"start":{"line":32,"column":55},"end":{"line":50,"column":1}},"line":32},"3":{"name":"(anonymous_3)","decl":{"start":{"line":52,"column":18},"end":{"line":52,"column":19}},"loc":{"start":{"line":52,"column":30},"end":{"line":63,"column":1}},"line":52},"4":{"name":"(anonymous_4)","decl":{"start":{"line":53,"column":9},"end":{"line":53,"column":10}},"loc":{"start":{"line":53,"column":58},"end":{"line":62,"column":3}},"line":53}},"branchMap":{"0":{"loc":{"start":{"line":16,"column":2},"end":{"line":20,"column":3}},"type":"if","locations":[{"start":{"line":16,"column":2},"end":{"line":20,"column":3}},{"start":{"line":16,"column":2},"end":{"line":20,"column":3}}],"line":16},"1":{"loc":{"start":{"line":25,"column":2},"end":{"line":29,"column":3}},"type":"if","locations":[{"start":{"line":25,"column":2},"end":{"line":29,"column":3}},{"start":{"line":25,"column":2},"end":{"line":29,"column":3}}],"line":25},"2":{"loc":{"start":{"line":40,"column":4},"end":{"line":47,"column":5}},"type":"if","locations":[{"start":{"line":40,"column":4},"end":{"line":47,"column":5}},{"start":{"line":40,"column":4},"end":{"line":47,"column":5}}],"line":40},"3":{"loc":{"start":{"line":41,"column":6},"end":{"line":46,"column":7}},"type":"if","locations":[{"start":{"line":41,"column":6},"end":{"line":46,"column":7}},{"start":{"line":41,"column":6},"end":{"line":46,"column":7}}],"line":41},"4":{"loc":{"start":{"line":54,"column":14},"end":{"line":54,"column":27}},"type":"binary-expr","locations":[{"start":{"line":54,"column":14},"end":{"line":54,"column":21}},{"start":{"line":54,"column":25},"end":{"line":54,"column":27}}],"line":54},"5":{"loc":{"start":{"line":55,"column":4},"end":{"line":61,"column":5}},"type":"if","locations":[{"start":{"line":55,"column":4},"end":{"line":61,"column":5}},{"start":{"line":55,"column":4},"end":{"line":61,"column":5}}],"line":55},"6":{"loc":{"start":{"line":55,"column":8},"end":{"line":55,"column":110}},"type":"binary-expr","locations":[{"start":{"line":55,"column":9},"end":{"line":55,"column":21}},{"start":{"line":55,"column":25},"end":{"line":55,"column":55}},{"start":{"line":55,"column":61},"end":{"line":55,"column":74}},{"start":{"line":55,"column":78},"end":{"line":55,"column":109}}],"line":55},"7":{"loc":{"start":{"line":57,"column":11},"end":{"line":61,"column":5}},"type":"if","locations":[{"start":{"line":57,"column":11},"end":{"line":61,"column":5}},{"start":{"line":57,"column":11},"end":{"line":61,"column":5}}],"line":57},"8":{"loc":{"start":{"line":57,"column":15},"end":{"line":57,"column":99}},"type":"binary-expr","locations":[{"start":{"line":57,"column":16},"end":{"line":57,"column":28}},{"start":{"line":57,"column":32},"end":{"line":57,"column":53}},{"start":{"line":57,"column":59},"end":{"line":57,"column":72}},{"start":{"line":57,"column":76},"end":{"line":57,"column":98}}],"line":57}},"s":{"0":18,"1":2220,"2":1859,"3":361,"4":18,"5":1,"6":1,"7":0,"8":1,"9":18,"10":1,"11":1,"12":1,"13":1,"14":1,"15":1,"16":1,"17":1,"18":1,"19":1,"20":0,"21":1,"22":1,"23":1,"24":18,"25":18,"26":2222,"27":2222,"28":2220,"29":2,"30":1,"31":1},"f":{"0":2220,"1":1,"2":1,"3":18,"4":2222},"b":{"0":[1859,361],"1":[0,1],"2":[1,0],"3":[0,1],"4":[2222,2219],"5":[2220,2],"6":[2222,3,2221,2219],"7":[1,1],"8":[2,2,1,0]},"_coverageSchema":"1a1c01bbd47fc00a2c39e90264f33305004495a9","hash":"f2b1924913c345ebd6f95044a5ead6478c724e75"}
,"/Users/javve/git/list.js/src/utils/index-of.js": {"path":"/Users/javve/git/list.js/src/utils/index-of.js","statementMap":{"0":{"start":{"line":1,"column":14},"end":{"line":1,"column":24}},"1":{"start":{"line":3,"column":0},"end":{"line":9,"column":1}},"2":{"start":{"line":4,"column":2},"end":{"line":4,"column":39}},"3":{"start":{"line":4,"column":15},"end":{"line":4,"column":39}},"4":{"start":{"line":5,"column":2},"end":{"line":7,"column":3}},"5":{"start":{"line":5,"column":15},"end":{"line":5,"column":16}},"6":{"start":{"line":5,"column":23},"end":{"line":5,"column":33}},"7":{"start":{"line":6,"column":4},"end":{"line":6,"column":33}},"8":{"start":{"line":6,"column":24},"end":{"line":6,"column":33}},"9":{"start":{"line":8,"column":2},"end":{"line":8,"column":11}}},"fnMap":{"0":{"name":"(anonymous_0)","decl":{"start":{"line":3,"column":17},"end":{"line":3,"column":18}},"loc":{"start":{"line":3,"column":35},"end":{"line":9,"column":1}},"line":3}},"branchMap":{"0":{"loc":{"start":{"line":4,"column":2},"end":{"line":4,"column":39}},"type":"if","locations":[{"start":{"line":4,"column":2},"end":{"line":4,"column":39}},{"start":{"line":4,"column":2},"end":{"line":4,"column":39}}],"line":4},"1":{"loc":{"start":{"line":6,"column":4},"end":{"line":6,"column":33}},"type":"if","locations":[{"start":{"line":6,"column":4},"end":{"line":6,"column":33}},{"start":{"line":6,"column":4},"end":{"line":6,"column":33}}],"line":6}},"s":{"0":18,"1":18,"2":3,"3":3,"4":0,"5":0,"6":0,"7":0,"8":0,"9":0},"f":{"0":3},"b":{"0":[3,0],"1":[0,0]},"_coverageSchema":"1a1c01bbd47fc00a2c39e90264f33305004495a9","hash":"ec7161ddf906d4a719e33f7f44c5114a6e910663"}
,"/Users/javve/git/list.js/src/utils/to-array.js": {"path":"/Users/javve/git/list.js/src/utils/to-array.js","statementMap":{"0":{"start":{"line":12,"column":0},"end":{"line":29,"column":1}},"1":{"start":{"line":13,"column":2},"end":{"line":13,"column":50}},"2":{"start":{"line":13,"column":41},"end":{"line":13,"column":50}},"3":{"start":{"line":14,"column":2},"end":{"line":14,"column":40}},"4":{"start":{"line":14,"column":27},"end":{"line":14,"column":40}},"5":{"start":{"line":15,"column":2},"end":{"line":15,"column":44}},"6":{"start":{"line":15,"column":29},"end":{"line":15,"column":44}},"7":{"start":{"line":16,"column":2},"end":{"line":16,"column":57}},"8":{"start":{"line":16,"column":38},"end":{"line":16,"column":57}},"9":{"start":{"line":17,"column":2},"end":{"line":17,"column":44}},"10":{"start":{"line":17,"column":27},"end":{"line":17,"column":44}},"11":{"start":{"line":18,"column":2},"end":{"line":18,"column":63}},"12":{"start":{"line":18,"column":44},"end":{"line":18,"column":63}},"13":{"start":{"line":19,"column":2},"end":{"line":19,"column":93}},"14":{"start":{"line":19,"column":74},"end":{"line":19,"column":93}},"15":{"start":{"line":21,"column":12},"end":{"line":21,"column":14}},"16":{"start":{"line":22,"column":2},"end":{"line":26,"column":3}},"17":{"start":{"line":22,"column":15},"end":{"line":22,"column":16}},"18":{"start":{"line":22,"column":23},"end":{"line":22,"column":40}},"19":{"start":{"line":23,"column":4},"end":{"line":25,"column":5}},"20":{"start":{"line":24,"column":6},"end":{"line":24,"column":29}},"21":{"start":{"line":27,"column":2},"end":{"line":27,"column":28}},"22":{"start":{"line":27,"column":19},"end":{"line":27,"column":28}},"23":{"start":{"line":28,"column":2},"end":{"line":28,"column":12}},"24":{"start":{"line":32,"column":2},"end":{"line":32,"column":65}}},"fnMap":{"0":{"name":"toArray","decl":{"start":{"line":12,"column":26},"end":{"line":12,"column":33}},"loc":{"start":{"line":12,"column":46},"end":{"line":29,"column":1}},"line":12},"1":{"name":"isArray","decl":{"start":{"line":31,"column":9},"end":{"line":31,"column":16}},"loc":{"start":{"line":31,"column":22},"end":{"line":33,"column":1}},"line":31}},"branchMap":{"0":{"loc":{"start":{"line":13,"column":2},"end":{"line":13,"column":50}},"type":"if","locations":[{"start":{"line":13,"column":2},"end":{"line":13,"column":50}},{"start":{"line":13,"column":2},"end":{"line":13,"column":50}}],"line":13},"1":{"loc":{"start":{"line":14,"column":2},"end":{"line":14,"column":40}},"type":"if","locations":[{"start":{"line":14,"column":2},"end":{"line":14,"column":40}},{"start":{"line":14,"column":2},"end":{"line":14,"column":40}}],"line":14},"2":{"loc":{"start":{"line":15,"column":2},"end":{"line":15,"column":44}},"type":"if","locations":[{"start":{"line":15,"column":2},"end":{"line":15,"column":44}},{"start":{"line":15,"column":2},"end":{"line":15,"column":44}}],"line":15},"3":{"loc":{"start":{"line":16,"column":2},"end":{"line":16,"column":57}},"type":"if","locations":[{"start":{"line":16,"column":2},"end":{"line":16,"column":57}},{"start":{"line":16,"column":2},"end":{"line":16,"column":57}}],"line":16},"4":{"loc":{"start":{"line":17,"column":2},"end":{"line":17,"column":44}},"type":"if","locations":[{"start":{"line":17,"column":2},"end":{"line":17,"column":44}},{"start":{"line":17,"column":2},"end":{"line":17,"column":44}}],"line":17},"5":{"loc":{"start":{"line":18,"column":2},"end":{"line":18,"column":63}},"type":"if","locations":[{"start":{"line":18,"column":2},"end":{"line":18,"column":63}},{"start":{"line":18,"column":2},"end":{"line":18,"column":63}}],"line":18},"6":{"loc":{"start":{"line":19,"column":2},"end":{"line":19,"column":93}},"type":"if","locations":[{"start":{"line":19,"column":2},"end":{"line":19,"column":93}},{"start":{"line":19,"column":2},"end":{"line":19,"column":93}}],"line":19},"7":{"loc":{"start":{"line":19,"column":6},"end":{"line":19,"column":72}},"type":"binary-expr","locations":[{"start":{"line":19,"column":6},"end":{"line":19,"column":38}},{"start":{"line":19,"column":42},"end":{"line":19,"column":72}}],"line":19},"8":{"loc":{"start":{"line":23,"column":4},"end":{"line":25,"column":5}},"type":"if","locations":[{"start":{"line":23,"column":4},"end":{"line":25,"column":5}},{"start":{"line":23,"column":4},"end":{"line":25,"column":5}}],"line":23},"9":{"loc":{"start":{"line":23,"column":8},"end":{"line":23,"column":78}},"type":"binary-expr","locations":[{"start":{"line":23,"column":8},"end":{"line":23,"column":59}},{"start":{"line":23,"column":63},"end":{"line":23,"column":78}}],"line":23},"10":{"loc":{"start":{"line":27,"column":2},"end":{"line":27,"column":28}},"type":"if","locations":[{"start":{"line":27,"column":2},"end":{"line":27,"column":28}},{"start":{"line":27,"column":2},"end":{"line":27,"column":28}}],"line":27}},"s":{"0":17,"1":364,"2":0,"3":364,"4":0,"5":364,"6":0,"7":364,"8":0,"9":364,"10":0,"11":364,"12":4,"13":360,"14":0,"15":360,"16":360,"17":360,"18":360,"19":41,"20":41,"21":360,"22":333,"23":27,"24":364},"f":{"0":364,"1":364},"b":{"0":[0,364],"1":[0,364],"2":[0,364],"3":[0,364],"4":[0,364],"5":[4,360],"6":[0,360],"7":[360,0],"8":[41,0],"9":[41,0],"10":[333,27]},"_coverageSchema":"1a1c01bbd47fc00a2c39e90264f33305004495a9","hash":"60f6222f0860fd023d9b8c3bc5c8d0c8b0bc18c6"}
,"/Users/javve/git/list.js/src/utils/to-string.js": {"path":"/Users/javve/git/list.js/src/utils/to-string.js","statementMap":{"0":{"start":{"line":1,"column":0},"end":{"line":6,"column":1}},"1":{"start":{"line":2,"column":2},"end":{"line":2,"column":30}},"2":{"start":{"line":3,"column":2},"end":{"line":3,"column":25}},"3":{"start":{"line":4,"column":2},"end":{"line":4,"column":18}},"4":{"start":{"line":5,"column":2},"end":{"line":5,"column":10}}},"fnMap":{"0":{"name":"(anonymous_0)","decl":{"start":{"line":1,"column":17},"end":{"line":1,"column":18}},"loc":{"start":{"line":1,"column":30},"end":{"line":6,"column":1}},"line":1}},"branchMap":{"0":{"loc":{"start":{"line":2,"column":6},"end":{"line":2,"column":30}},"type":"cond-expr","locations":[{"start":{"line":2,"column":24},"end":{"line":2,"column":26}},{"start":{"line":2,"column":29},"end":{"line":2,"column":30}}],"line":2},"1":{"loc":{"start":{"line":3,"column":6},"end":{"line":3,"column":25}},"type":"cond-expr","locations":[{"start":{"line":3,"column":19},"end":{"line":3,"column":21}},{"start":{"line":3,"column":24},"end":{"line":3,"column":25}}],"line":3}},"s":{"0":17,"1":132,"2":132,"3":132,"4":132},"f":{"0":132},"b":{"0":[23,109],"1":[2,130]},"_coverageSchema":"1a1c01bbd47fc00a2c39e90264f33305004495a9","hash":"811bc737afc9594b9ca277ef51c01d9e5f6e525a"}
}
