TN:
SF:src/add-async.js
FN:1,(anonymous_0)
FN:2,(anonymous_1)
FN:7,(anonymous_2)
FNF:3
FNH:3
FNDA:91,(anonymous_0)
FNDA:3,(anonymous_1)
FNDA:1,(anonymous_2)
DA:1,17
DA:2,91
DA:3,3
DA:4,3
DA:5,3
DA:6,3
DA:7,1
DA:8,1
DA:11,2
DA:12,2
DA:15,91
LF:11
LH:11
BRDA:4,0,0,3
BRDA:4,0,1,2
BRDA:6,1,0,1
BRDA:6,1,1,2
BRF:4
BRH:4
end_of_record
TN:
SF:src/filter.js
FN:1,(anonymous_0)
FN:6,(anonymous_1)
FNF:2
FNH:2
FNDA:90,(anonymous_0)
FNDA:69,(anonymous_1)
DA:1,17
DA:3,90
DA:4,90
DA:6,90
DA:7,69
DA:8,69
DA:9,69
DA:10,69
DA:11,47
DA:13,22
DA:14,22
DA:15,22
DA:16,122
DA:17,122
DA:18,70
DA:20,52
DA:24,69
DA:25,69
DA:26,69
LF:19
LH:19
BRDA:3,0,0,90
BRDA:3,0,1,90
BRDA:4,1,0,90
BRDA:4,1,1,90
BRDA:10,2,0,47
BRDA:10,2,1,22
BRDA:17,3,0,70
BRDA:17,3,1,52
BRF:8
BRH:8
end_of_record
TN:
SF:src/fuzzy-search.js
FN:8,(anonymous_0)
FN:23,(anonymous_1)
FN:31,(anonymous_2)
FN:46,(anonymous_3)
FN:61,(anonymous_4)
FN:67,(anonymous_5)
FNF:6
FNH:6
FNDA:90,(anonymous_0)
FNDA:5,(anonymous_1)
FNDA:50,(anonymous_2)
FNDA:60,(anonymous_3)
FNDA:2,(anonymous_4)
FNDA:3,(anonymous_5)
DA:1,17
DA:2,17
DA:3,17
DA:4,17
DA:5,17
DA:6,17
DA:8,17
DA:9,90
DA:11,90
DA:22,90
DA:25,5
DA:27,5
DA:28,50
DA:32,50
DA:33,50
DA:34,60
DA:35,60
DA:36,60
DA:37,11
DA:40,60
DA:41,49
DA:44,50
DA:47,60
DA:48,60
DA:50,60
DA:51,11
DA:54,49
DA:58,90
DA:62,2
DA:63,2
DA:67,90
DA:68,3
LF:32
LH:32
BRDA:9,0,0,90
BRDA:9,0,1,90
BRDA:25,1,0,5
BRDA:25,1,1,0
BRDA:36,2,0,11
BRDA:36,2,1,49
BRDA:40,3,0,49
BRDA:40,3,1,11
BRDA:47,4,0,60
BRDA:47,4,1,0
BRDA:50,5,0,11
BRDA:50,5,1,49
BRDA:62,6,0,2
BRDA:62,6,1,0
BRF:14
BRH:11
end_of_record
TN:
SF:src/index.js
FN:11,(anonymous_0)
FN:19,(anonymous_1)
FN:67,(anonymous_2)
FN:74,(anonymous_3)
FN:80,(anonymous_4)
FN:98,(anonymous_5)
FN:107,(anonymous_6)
FN:118,(anonymous_7)
FN:142,(anonymous_8)
FN:153,(anonymous_9)
FN:171,(anonymous_10)
FN:185,(anonymous_11)
FN:192,(anonymous_12)
FN:198,(anonymous_13)
FN:203,(anonymous_14)
FN:212,(anonymous_15)
FN:221,(anonymous_16)
FN:229,(anonymous_17)
FN:239,(anonymous_18)
FNF:19
FNH:19
FNDA:91,(anonymous_0)
FNDA:91,(anonymous_1)
FNDA:90,(anonymous_2)
FNDA:90,(anonymous_3)
FNDA:90,(anonymous_4)
FNDA:1,(anonymous_5)
FNDA:2,(anonymous_6)
FNDA:238,(anonymous_7)
FNDA:79,(anonymous_8)
FNDA:5,(anonymous_9)
FNDA:251,(anonymous_10)
FNDA:139,(anonymous_11)
FNDA:37,(anonymous_12)
FNDA:213,(anonymous_13)
FNDA:3,(anonymous_14)
FNDA:937,(anonymous_15)
FNDA:69,(anonymous_16)
FNDA:25,(anonymous_17)
FNDA:587,(anonymous_18)
DA:1,17
DA:2,17
DA:3,17
DA:4,17
DA:5,17
DA:6,17
DA:7,17
DA:8,17
DA:9,17
DA:11,17
DA:12,91
DA:14,91
DA:15,91
DA:16,91
DA:18,91
DA:20,91
DA:21,91
DA:22,91
DA:23,91
DA:24,91
DA:25,91
DA:26,91
DA:27,91
DA:28,91
DA:29,91
DA:30,91
DA:31,91
DA:32,91
DA:33,91
DA:34,91
DA:46,91
DA:48,91
DA:49,91
DA:50,0
DA:52,91
DA:54,91
DA:55,91
DA:56,90
DA:57,90
DA:58,90
DA:59,90
DA:61,90
DA:62,90
DA:63,90
DA:65,90
DA:68,90
DA:69,720
DA:70,1
DA:75,90
DA:76,90
DA:77,71
DA:81,90
DA:82,4
DA:83,1
DA:85,4
DA:86,3
DA:88,4
DA:89,4
DA:98,91
DA:99,1
DA:100,1
DA:101,1
DA:102,1
DA:103,1
DA:104,1
DA:107,91
DA:108,2
DA:109,2
DA:110,8
DA:112,2
DA:118,91
DA:119,238
DA:120,0
DA:122,238
DA:123,2
DA:124,2
DA:126,236
DA:127,236
DA:128,236
DA:129,161
DA:131,236
DA:132,717
DA:133,717
DA:134,717
DA:135,717
DA:136,717
DA:138,236
DA:139,236
DA:142,91
DA:143,79
DA:144,79
DA:145,79
DA:146,79
DA:153,91
DA:154,5
DA:155,5
DA:156,20
DA:157,10
DA:158,10
DA:159,10
DA:160,10
DA:161,10
DA:164,5
DA:165,5
DA:171,91
DA:172,251
DA:173,251
DA:174,1482
DA:175,1482
DA:176,251
DA:179,251
DA:185,91
DA:186,139
DA:192,91
DA:193,37
DA:194,37
DA:195,37
DA:198,91
DA:199,213
DA:200,213
DA:203,91
DA:204,3
DA:205,3
DA:206,3
DA:207,2
DA:209,3
DA:212,91
DA:213,937
DA:214,937
DA:215,198
DA:217,937
DA:220,91
DA:222,69
DA:223,69
DA:224,69
DA:225,329
DA:227,69
DA:230,25
DA:231,25
DA:232,25
DA:233,75
DA:235,25
DA:239,91
DA:240,587
DA:241,587
DA:243,587
DA:244,587
DA:245,587
DA:246,587
DA:247,3379
DA:248,2462
DA:249,2462
DA:250,2462
DA:251,917
DA:252,597
DA:253,597
DA:255,320
DA:258,587
DA:259,587
DA:262,91
LF:160
LH:158
BRDA:48,0,0,90
BRDA:48,0,1,1
BRDA:49,1,0,0
BRDA:49,1,1,91
BRDA:69,2,0,1
BRDA:69,2,1,719
BRDA:69,3,0,720
BRDA:69,3,1,1
BRDA:76,4,0,71
BRDA:76,4,1,19
BRDA:81,5,0,4
BRDA:81,5,1,86
BRDA:82,6,0,1
BRDA:82,6,1,3
BRDA:85,7,0,3
BRDA:85,7,1,1
BRDA:119,8,0,0
BRDA:119,8,1,238
BRDA:122,9,0,2
BRDA:122,9,1,236
BRDA:128,10,0,161
BRDA:128,10,1,75
BRDA:133,11,0,60
BRDA:133,11,1,657
BRDA:156,12,0,10
BRDA:156,12,1,10
BRDA:175,13,0,251
BRDA:175,13,1,1231
BRDA:206,14,0,2
BRDA:206,14,1,1
BRDA:247,15,0,2462
BRDA:247,15,1,917
BRDA:247,16,0,3379
BRDA:247,16,1,3059
BRDA:247,16,2,2891
BRDA:251,17,0,597
BRDA:251,17,1,320
BRF:37
BRH:35
end_of_record
TN:
SF:src/item.js
FN:1,(anonymous_0)
FN:2,(anonymous_1)
FN:10,(anonymous_2)
FN:24,(anonymous_3)
FN:37,(anonymous_4)
FN:41,(anonymous_5)
FN:45,(anonymous_6)
FN:54,(anonymous_7)
FNF:8
FNH:8
FNDA:182,(anonymous_0)
FNDA:907,(anonymous_1)
FNDA:907,(anonymous_2)
FNDA:6167,(anonymous_3)
FNDA:2463,(anonymous_4)
FNDA:919,(anonymous_5)
FNDA:4350,(anonymous_6)
FNDA:92,(anonymous_7)
DA:1,17
DA:2,182
DA:3,907
DA:5,907
DA:7,907
DA:8,907
DA:10,907
DA:11,907
DA:12,717
DA:13,60
DA:15,657
DA:18,190
DA:19,190
DA:20,190
DA:24,907
DA:25,6167
DA:26,1015
DA:27,1594
DA:29,1015
DA:30,955
DA:33,5152
DA:37,907
DA:38,2463
DA:41,907
DA:42,919
DA:45,907
DA:46,4350
DA:54,907
DA:55,92
DA:58,907
LF:30
LH:30
BRDA:11,0,0,717
BRDA:11,0,1,190
BRDA:12,1,0,60
BRDA:12,1,1,657
BRDA:25,2,0,1015
BRDA:25,2,1,5152
BRDA:29,3,0,955
BRDA:29,3,1,60
BRDA:47,4,0,4350
BRDA:47,4,1,317
BRDA:47,4,2,68
BRDA:47,4,3,42
BRDA:47,4,4,4331
BRDA:47,4,5,298
BRDA:47,4,6,249
BRDA:47,4,7,4224
BRDA:47,4,8,4033
BRDA:47,4,9,602
BRDA:47,4,10,4096
BRDA:47,4,11,3905
BRDA:55,5,0,35
BRDA:55,5,1,57
BRDA:55,6,0,92
BRDA:55,6,1,92
BRF:24
BRH:24
end_of_record
TN:
SF:src/pagination.js
FN:5,(anonymous_0)
FN:8,(anonymous_1)
FN:55,(anonymous_2)
FN:58,(anonymous_3)
FN:61,(anonymous_4)
FN:64,(anonymous_5)
FN:67,(anonymous_6)
FN:73,(anonymous_7)
FN:76,(anonymous_8)
FN:85,(anonymous_9)
FN:94,(anonymous_10)
FN:103,(anonymous_11)
FNF:12
FNH:11
FNDA:91,(anonymous_0)
FNDA:26,(anonymous_1)
FNDA:234,(anonymous_2)
FNDA:234,(anonymous_3)
FNDA:249,(anonymous_4)
FNDA:239,(anonymous_5)
FNDA:139,(anonymous_6)
FNDA:139,(anonymous_7)
FNDA:124,(anonymous_8)
FNDA:4,(anonymous_9)
FNDA:0,(anonymous_10)
FNDA:22,(anonymous_11)
DA:1,17
DA:2,17
DA:3,17
DA:5,17
DA:6,91
DA:8,91
DA:9,26
DA:10,2
DA:11,2
DA:12,2
DA:13,24
DA:14,2
DA:18,24
DA:19,24
DA:20,24
DA:21,24
DA:22,24
DA:23,24
DA:24,24
DA:25,24
DA:27,24
DA:28,24
DA:29,24
DA:30,234
DA:34,234
DA:35,95
DA:39,95
DA:40,24
DA:42,95
DA:43,95
DA:44,139
DA:45,30
DA:49,30
DA:54,91
DA:56,234
DA:59,234
DA:62,249
DA:65,239
DA:68,139
DA:74,139
DA:77,124
DA:78,39
DA:80,85
DA:85,91
DA:86,4
DA:94,4
DA:95,0
DA:96,0
DA:97,0
DA:98,0
DA:99,0
DA:103,4
DA:104,22
DA:106,4
LF:54
LH:49
BRDA:9,0,0,2
BRDA:9,0,1,24
BRDA:13,1,0,2
BRDA:13,1,1,22
BRDA:23,2,0,24
BRDA:23,2,1,14
BRDA:24,3,0,24
BRDA:24,3,1,19
BRDA:24,3,2,14
BRDA:25,4,0,24
BRDA:25,4,1,19
BRDA:25,4,2,14
BRDA:30,5,0,24
BRDA:30,5,1,210
BRDA:34,6,0,95
BRDA:34,6,1,139
BRDA:39,7,0,24
BRDA:39,7,1,71
BRDA:44,8,0,30
BRDA:44,8,1,109
BRDA:56,9,0,234
BRDA:56,9,1,219
BRDA:56,9,2,209
BRDA:65,10,0,239
BRDA:65,10,1,184
BRDA:69,11,0,139
BRDA:69,11,1,124
BRDA:74,12,0,139
BRDA:74,12,1,15
BRDA:74,12,2,15
BRDA:77,13,0,39
BRDA:77,13,1,85
BRDA:80,14,0,85
BRDA:80,14,1,15
BRDA:80,14,2,15
BRDA:87,15,0,4
BRDA:87,15,1,4
BRDA:88,16,0,4
BRDA:88,16,1,3
BRDA:95,17,0,0
BRDA:95,17,1,0
BRDA:98,18,0,0
BRDA:98,18,1,0
BRF:43
BRH:39
end_of_record
TN:
SF:src/parse.js
FN:1,(anonymous_0)
FN:4,(anonymous_1)
FN:16,(anonymous_2)
FN:21,(anonymous_3)
FN:25,(anonymous_4)
FN:36,(anonymous_5)
FNF:6
FNH:6
FNDA:91,(anonymous_0)
FNDA:91,(anonymous_1)
FNDA:94,(anonymous_2)
FNDA:4,(anonymous_3)
FNDA:3,(anonymous_4)
FNDA:91,(anonymous_5)
DA:1,17
DA:2,91
DA:4,91
DA:5,91
DA:6,91
DA:7,91
DA:9,312
DA:10,190
DA:13,91
DA:16,91
DA:17,94
DA:18,190
DA:21,91
DA:22,4
DA:23,4
DA:24,4
DA:25,3
DA:26,3
DA:29,1
DA:30,1
DA:34,91
DA:36,91
DA:37,91
DA:38,91
DA:40,91
DA:41,1
DA:43,90
LF:27
LH:27
BRDA:9,0,0,190
BRDA:9,0,1,122
BRDA:24,1,0,3
BRDA:24,1,1,1
BRDA:34,2,0,91
BRDA:34,2,1,91
BRDA:40,3,0,1
BRDA:40,3,1,90
BRF:8
BRH:8
end_of_record
TN:
SF:src/search.js
FN:1,(anonymous_0)
FN:5,(anonymous_1)
FN:10,(anonymous_2)
FN:23,(anonymous_3)
FN:29,(anonymous_4)
FN:34,(anonymous_5)
FN:43,(anonymous_6)
FN:81,(anonymous_7)
FN:87,(anonymous_8)
FN:117,(anonymous_9)
FN:128,(anonymous_10)
FNF:11
FNH:10
FNDA:90,(anonymous_0)
FNDA:72,(anonymous_1)
FNDA:72,(anonymous_2)
FNDA:72,(anonymous_3)
FNDA:72,(anonymous_4)
FNDA:63,(anonymous_5)
FNDA:40,(anonymous_6)
FNDA:25,(anonymous_7)
FNDA:72,(anonymous_8)
FNDA:2,(anonymous_9)
FNDA:0,(anonymous_10)
DA:1,17
DA:4,90
DA:6,72
DA:7,72
DA:8,72
DA:11,72
DA:12,6
DA:13,66
DA:14,3
DA:15,3
DA:16,63
DA:17,4
DA:18,4
DA:20,59
DA:24,72
DA:25,72
DA:26,65
DA:30,72
DA:31,72
DA:32,72
DA:35,63
DA:36,63
DA:37,138
DA:39,63
DA:42,90
DA:46,40
DA:48,40
DA:49,40
DA:50,2
DA:51,2
DA:54,40
DA:55,40
DA:56,40
DA:57,222
DA:58,222
DA:59,222
DA:60,222
DA:61,233
DA:62,233
DA:63,377
DA:64,377
DA:65,377
DA:66,363
DA:67,363
DA:69,67
DA:70,67
DA:75,233
DA:77,222
DA:82,25
DA:83,25
DA:87,90
DA:88,72
DA:90,72
DA:91,72
DA:92,72
DA:93,72
DA:95,72
DA:96,25
DA:98,47
DA:99,47
DA:100,7
DA:102,40
DA:106,72
DA:107,72
DA:108,72
DA:111,90
DA:112,90
DA:114,90
DA:118,2
DA:119,2
DA:120,2
DA:122,2
DA:128,90
DA:129,0
DA:130,0
DA:131,0
DA:135,90
LF:77
LH:74
BRDA:11,0,0,6
BRDA:11,0,1,66
BRDA:11,1,0,72
BRDA:11,1,1,9
BRDA:13,2,0,3
BRDA:13,2,1,63
BRDA:13,3,0,66
BRDA:13,3,1,3
BRDA:16,4,0,4
BRDA:16,4,1,59
BRDA:24,5,0,0
BRDA:24,5,1,72
BRDA:25,6,0,65
BRDA:25,6,1,7
BRDA:26,7,0,63
BRDA:26,7,1,2
BRDA:55,8,0,39
BRDA:55,8,1,1
BRDA:59,9,0,0
BRDA:59,9,1,222
BRDA:65,10,0,363
BRDA:65,10,1,14
BRDA:65,11,0,377
BRDA:65,11,1,371
BRDA:65,11,2,367
BRDA:66,12,0,13
BRDA:66,12,1,350
BRDA:67,13,0,67
BRDA:67,13,1,296
BRDA:75,14,0,166
BRDA:75,14,1,67
BRDA:95,15,0,25
BRDA:95,15,1,47
BRDA:99,16,0,7
BRDA:99,16,1,40
BRDA:111,17,0,90
BRDA:111,17,1,90
BRDA:112,18,0,90
BRDA:112,18,1,90
BRDA:118,19,0,2
BRDA:118,19,1,0
BRDA:119,20,0,2
BRDA:119,20,1,0
BRDA:120,21,0,2
BRDA:120,21,1,0
BRDA:129,22,0,0
BRDA:129,22,1,0
BRDA:130,23,0,0
BRDA:130,23,1,0
BRF:49
BRH:40
end_of_record
TN:
SF:src/sort.js
FN:1,(anonymous_0)
FN:4,(anonymous_1)
FN:10,(anonymous_2)
FN:22,(anonymous_3)
FN:30,(anonymous_4)
FN:48,(anonymous_5)
FN:75,(anonymous_6)
FN:79,(anonymous_7)
FNF:8
FNH:8
FNDA:90,(anonymous_0)
FNDA:174,(anonymous_1)
FNDA:10,(anonymous_2)
FNDA:10,(anonymous_3)
FNDA:33,(anonymous_4)
FNDA:33,(anonymous_5)
FNDA:32,(anonymous_6)
FNDA:191,(anonymous_7)
DA:1,17
DA:2,90
DA:5,174
DA:6,39
DA:7,39
DA:11,10
DA:12,10
DA:13,5
DA:14,5
DA:15,1
DA:16,4
DA:17,1
DA:19,3
DA:23,10
DA:24,10
DA:25,0
DA:27,10
DA:31,33
DA:32,33
DA:33,33
DA:34,0
DA:36,33
DA:37,33
DA:38,22
DA:39,11
DA:42,11
DA:48,90
DA:49,33
DA:50,33
DA:52,33
DA:54,33
DA:55,10
DA:56,10
DA:57,10
DA:59,23
DA:60,23
DA:61,23
DA:62,23
DA:65,33
DA:66,33
DA:70,33
DA:71,33
DA:74,33
DA:75,3
DA:76,32
DA:79,30
DA:80,191
DA:81,191
DA:82,191
DA:83,144
DA:85,191
DA:89,33
DA:90,33
DA:91,33
DA:95,90
DA:96,90
DA:98,90
DA:99,90
DA:100,90
DA:101,90
DA:103,90
LF:61
LH:59
BRDA:12,0,0,5
BRDA:12,0,1,5
BRDA:12,1,0,10
BRDA:12,1,1,7
BRDA:14,2,0,1
BRDA:14,2,1,4
BRDA:16,3,0,1
BRDA:16,3,1,3
BRDA:24,4,0,0
BRDA:24,4,1,10
BRDA:33,5,0,0
BRDA:33,5,1,33
BRDA:37,6,0,22
BRDA:37,6,1,11
BRDA:37,7,0,33
BRDA:37,7,1,22
BRDA:38,8,0,11
BRDA:38,8,1,11
BRDA:52,9,0,33
BRDA:52,9,1,23
BRDA:52,9,2,23
BRDA:54,10,0,10
BRDA:54,10,1,23
BRDA:59,11,0,23
BRDA:59,11,1,6
BRDA:61,12,0,23
BRDA:61,12,1,8
BRDA:62,13,0,22
BRDA:62,13,1,1
BRDA:70,14,0,33
BRDA:70,14,1,32
BRDA:70,14,2,30
BRDA:71,15,0,8
BRDA:71,15,1,25
BRDA:74,16,0,3
BRDA:74,16,1,30
BRDA:81,17,0,191
BRDA:81,17,1,155
BRDA:81,17,2,155
BRDA:82,18,0,144
BRDA:82,18,1,47
BRDA:82,19,0,191
BRDA:82,19,1,155
BRDA:95,20,0,90
BRDA:95,20,1,90
BRDA:96,21,0,90
BRDA:96,21,1,90
BRF:47
BRH:45
end_of_record
TN:
SF:src/templater.js
FN:1,(anonymous_0)
FN:5,(anonymous_1)
FN:9,(anonymous_2)
FN:34,(anonymous_3)
FN:39,(anonymous_4)
FN:65,(anonymous_5)
FN:77,(anonymous_6)
FN:91,(anonymous_7)
FN:109,(anonymous_8)
FN:128,(anonymous_9)
FN:149,(anonymous_10)
FN:159,(anonymous_11)
FN:167,(anonymous_12)
FN:172,(anonymous_13)
FN:176,(anonymous_14)
FN:181,(anonymous_15)
FN:193,(anonymous_16)
FNF:17
FNH:17
FNDA:91,(anonymous_0)
FNDA:91,(anonymous_1)
FNDA:3,(anonymous_2)
FNDA:680,(anonymous_3)
FNDA:89,(anonymous_4)
FNDA:16,(anonymous_5)
FNDA:76,(anonymous_6)
FNDA:1634,(anonymous_7)
FNDA:1634,(anonymous_8)
FNDA:190,(anonymous_9)
FNDA:1638,(anonymous_10)
FNDA:4291,(anonymous_11)
FNDA:10,(anonymous_12)
FNDA:2463,(anonymous_13)
FNDA:919,(anonymous_14)
FNDA:696,(anonymous_15)
FNDA:91,(anonymous_16)
DA:1,17
DA:3,91
DA:5,91
DA:8,91
DA:9,1
DA:10,3
DA:11,3
DA:13,1
DA:16,90
DA:17,74
DA:18,1
DA:20,73
DA:25,16
DA:28,90
DA:29,1
DA:32,89
DA:34,89
DA:35,680
DA:39,91
DA:40,89
DA:41,89
DA:43,89
DA:44,159
DA:45,159
DA:46,159
DA:47,2
DA:48,2
DA:50,157
DA:51,8
DA:52,8
DA:53,8
DA:56,149
DA:57,149
DA:58,100
DA:62,89
DA:65,91
DA:66,16
DA:68,16
DA:70,30
DA:71,15
DA:74,1
DA:77,91
DA:78,76
DA:79,76
DA:80,1
DA:81,1
DA:82,1
DA:83,75
DA:84,75
DA:85,75
DA:86,75
DA:88,0
DA:91,91
DA:92,1634
DA:93,2118
DA:94,2118
DA:95,25
DA:96,25
DA:97,25
DA:98,5
DA:101,2093
DA:102,20
DA:103,2073
DA:104,1359
DA:109,91
DA:110,1634
DA:111,1634
DA:112,1634
DA:113,1384
DA:114,5
DA:115,1379
DA:116,20
DA:117,20
DA:118,20
DA:121,1359
DA:122,1359
DA:123,1005
DA:128,91
DA:129,190
DA:130,190
DA:131,190
DA:132,236
DA:133,236
DA:134,236
DA:135,4
DA:136,4
DA:138,232
DA:139,16
DA:140,16
DA:142,216
DA:143,216
DA:146,190
DA:149,91
DA:150,1638
DA:151,981
DA:152,1634
DA:153,1634
DA:159,91
DA:160,4291
DA:161,3608
DA:163,683
DA:164,683
DA:165,683
DA:167,91
DA:168,10
DA:169,9
DA:172,91
DA:173,2463
DA:174,2463
DA:176,91
DA:177,919
DA:178,2
DA:181,91
DA:183,696
DA:184,493
DA:185,2311
DA:190,91
DA:193,17
DA:194,91
LF:119
LH:118
BRDA:8,0,0,1
BRDA:8,0,1,90
BRDA:16,1,0,74
BRDA:16,1,1,16
BRDA:17,2,0,1
BRDA:17,2,1,73
BRDA:28,3,0,1
BRDA:28,3,1,89
BRDA:46,4,0,2
BRDA:46,4,1,157
BRDA:50,5,0,8
BRDA:50,5,1,149
BRDA:50,6,0,157
BRDA:50,6,1,8
BRDA:52,7,0,8
BRDA:52,7,1,0
BRDA:57,8,0,100
BRDA:57,8,1,49
BRDA:70,9,0,15
BRDA:70,9,1,15
BRDA:78,10,0,0
BRDA:78,10,1,76
BRDA:79,11,0,1
BRDA:79,11,1,75
BRDA:83,12,0,75
BRDA:83,12,1,0
BRDA:94,13,0,25
BRDA:94,13,1,2093
BRDA:97,14,0,5
BRDA:97,14,1,20
BRDA:101,15,0,20
BRDA:101,15,1,2073
BRDA:101,16,0,2093
BRDA:101,16,1,50
BRDA:101,16,2,50
BRDA:103,17,0,1359
BRDA:103,17,1,714
BRDA:112,18,0,250
BRDA:112,18,1,1384
BRDA:113,19,0,5
BRDA:113,19,1,1379
BRDA:115,20,0,20
BRDA:115,20,1,1359
BRDA:115,21,0,1379
BRDA:115,21,1,20
BRDA:117,22,0,20
BRDA:117,22,1,0
BRDA:122,23,0,1005
BRDA:122,23,1,354
BRDA:134,24,0,4
BRDA:134,24,1,232
BRDA:138,25,0,16
BRDA:138,25,1,216
BRDA:138,26,0,232
BRDA:138,26,1,16
BRDA:140,27,0,16
BRDA:140,27,1,0
BRDA:143,28,0,216
BRDA:143,28,1,0
BRDA:150,29,0,981
BRDA:150,29,1,657
BRDA:152,30,0,1634
BRDA:152,30,1,0
BRDA:160,31,0,3608
BRDA:160,31,1,683
BRDA:168,32,0,9
BRDA:168,32,1,1
BRDA:177,33,0,2
BRDA:177,33,1,917
BRDA:177,34,0,919
BRDA:177,34,1,615
BRDA:183,35,0,493
BRDA:183,35,1,203
BRF:73
BRH:66
end_of_record
TN:
SF:src/utils/classes.js
FN:27,(anonymous_0)
FN:38,ClassList
FN:54,(anonymous_2)
FN:79,(anonymous_3)
FN:106,(anonymous_4)
FN:144,(anonymous_5)
FN:160,(anonymous_6)
FNF:7
FNH:7
FNDA:172,(anonymous_0)
FNDA:172,ClassList
FNDA:77,(anonymous_2)
FNDA:79,(anonymous_3)
FNDA:2,(anonymous_4)
FNDA:1,(anonymous_5)
FNDA:13,(anonymous_6)
DA:5,18
DA:11,18
DA:17,18
DA:27,18
DA:28,172
DA:39,172
DA:40,0
DA:42,172
DA:43,172
DA:54,18
DA:56,77
DA:57,77
DA:58,77
DA:62,0
DA:63,0
DA:64,0
DA:65,0
DA:66,0
DA:79,18
DA:81,79
DA:82,79
DA:83,79
DA:87,0
DA:88,0
DA:89,0
DA:90,0
DA:91,0
DA:106,18
DA:108,2
DA:109,2
DA:110,0
DA:111,0
DA:114,2
DA:116,2
DA:120,0
DA:121,0
DA:122,0
DA:124,0
DA:127,0
DA:128,0
DA:130,0
DA:134,0
DA:144,18
DA:145,1
DA:146,1
DA:147,1
DA:148,1
DA:149,1
DA:160,18
DA:161,13
LF:50
LH:29
BRDA:39,0,0,0
BRDA:39,0,1,172
BRDA:39,1,0,172
BRDA:39,1,1,172
BRDA:56,2,0,77
BRDA:56,2,1,0
BRDA:64,3,0,0
BRDA:64,3,1,0
BRDA:81,4,0,79
BRDA:81,4,1,0
BRDA:89,5,0,0
BRDA:89,5,1,0
BRDA:108,6,0,2
BRDA:108,6,1,0
BRDA:109,7,0,0
BRDA:109,7,1,2
BRDA:110,8,0,0
BRDA:110,8,1,0
BRDA:120,9,0,0
BRDA:120,9,1,0
BRDA:121,10,0,0
BRDA:121,10,1,0
BRDA:127,11,0,0
BRDA:127,11,1,0
BRDA:145,12,0,1
BRDA:145,12,1,0
BRDA:148,13,0,0
BRDA:148,13,1,1
BRDA:161,14,0,13
BRDA:161,14,1,0
BRF:30
BRH:10
end_of_record
TN:
SF:src/utils/events.js
FN:16,(anonymous_0)
FN:33,(anonymous_1)
FN:52,(anonymous_2)
FN:55,(anonymous_3)
FN:58,(anonymous_4)
FNF:5
FNH:2
FNDA:364,(anonymous_0)
FNDA:0,(anonymous_1)
FNDA:180,(anonymous_2)
FNDA:0,(anonymous_3)
FNDA:0,(anonymous_4)
DA:1,17
DA:2,17
DA:3,17
DA:4,17
DA:16,17
DA:17,364
DA:18,364
DA:19,45
DA:33,17
DA:34,0
DA:35,0
DA:36,0
DA:52,17
DA:54,180
DA:56,0
DA:57,0
DA:58,0
DA:59,0
DA:60,0
DA:62,0
DA:63,0
DA:64,0
DA:65,0
LF:23
LH:11
BRDA:1,0,0,17
BRDA:1,0,1,0
BRDA:2,1,0,17
BRDA:2,1,1,0
BRDA:3,2,0,0
BRDA:3,2,1,17
BRDA:19,3,0,45
BRDA:19,3,1,45
BRDA:36,4,0,0
BRDA:36,4,1,0
BRDA:54,5,0,0
BRDA:54,5,1,180
BRDA:60,6,0,0
BRDA:60,6,1,0
BRDA:62,7,0,0
BRDA:62,7,1,0
BRDA:65,8,0,0
BRDA:65,8,1,0
BRF:18
BRH:6
end_of_record
TN:
SF:src/utils/extend.js
FN:5,extend
FNF:1
FNH:1
FNDA:181,extend
DA:5,17
DA:7,181
DA:10,181
DA:11,181
DA:12,181
DA:13,188
DA:17,181
LF:7
LH:7
BRDA:11,0,0,0
BRDA:11,0,1,181
BRF:2
BRH:1
end_of_record
TN:
SF:src/utils/fuzzy.js
FN:1,(anonymous_0)
FN:16,(anonymous_1)
FN:34,match_bitapScore_
FNF:3
FNH:3
FNDA:60,(anonymous_0)
FNDA:60,(anonymous_1)
FNDA:698,match_bitapScore_
DA:1,17
DA:3,60
DA:6,60
DA:9,60
DA:11,60
DA:12,60
DA:15,60
DA:16,60
DA:17,60
DA:20,60
DA:21,330
DA:24,60
DA:25,330
DA:28,60
DA:35,698
DA:36,698
DA:38,698
DA:40,0
DA:42,698
DA:45,60
DA:46,60
DA:48,60
DA:49,9
DA:51,9
DA:53,9
DA:54,2
DA:59,60
DA:60,60
DA:63,60
DA:65,60
DA:69,161
DA:70,161
DA:71,161
DA:72,515
DA:73,277
DA:75,238
DA:77,515
DA:80,161
DA:81,161
DA:82,161
DA:84,161
DA:85,161
DA:86,161
DA:89,3104
DA:90,3104
DA:92,1225
DA:95,1879
DA:97,3104
DA:98,11
DA:101,11
DA:103,11
DA:104,11
DA:105,11
DA:107,9
DA:110,2
DA:116,161
DA:117,60
DA:119,101
DA:122,60
LF:59
LH:58
BRDA:3,0,0,60
BRDA:3,0,1,60
BRDA:6,1,0,60
BRDA:6,1,1,0
BRDA:9,2,0,60
BRDA:9,2,1,0
BRDA:11,3,0,0
BRDA:11,3,1,60
BRDA:12,4,0,0
BRDA:12,4,1,60
BRDA:38,5,0,0
BRDA:38,5,1,698
BRDA:40,6,0,0
BRDA:40,6,1,0
BRDA:48,7,0,9
BRDA:48,7,1,51
BRDA:53,8,0,2
BRDA:53,8,1,7
BRDA:72,9,0,277
BRDA:72,9,1,238
BRDA:90,10,0,1225
BRDA:90,10,1,1879
BRDA:97,11,0,11
BRDA:97,11,1,3093
BRDA:101,12,0,11
BRDA:101,12,1,0
BRDA:105,13,0,9
BRDA:105,13,1,2
BRDA:116,14,0,60
BRDA:116,14,1,101
BRDA:122,15,0,49
BRDA:122,15,1,11
BRF:32
BRH:24
end_of_record
TN:
SF:src/utils/get-attribute.js
FN:12,(anonymous_0)
FNF:1
FNH:1
FNDA:116,(anonymous_0)
DA:12,17
DA:13,116
DA:14,116
DA:15,26
DA:16,26
DA:17,26
DA:18,83
DA:19,83
DA:20,0
DA:25,116
LF:10
LH:9
BRDA:13,0,0,116
BRDA:13,0,1,116
BRDA:13,0,2,26
BRDA:14,1,0,26
BRDA:14,1,1,90
BRDA:18,2,0,83
BRDA:18,2,1,0
BRDA:19,3,0,0
BRDA:19,3,1,83
BRF:9
BRH:7
end_of_record
TN:
SF:src/utils/get-by-class.js
FN:15,(anonymous_0)
FN:23,(anonymous_1)
FN:32,(anonymous_2)
FN:52,(anonymous_3)
FN:53,(anonymous_4)
FNF:5
FNH:5
FNDA:2220,(anonymous_0)
FNDA:1,(anonymous_1)
FNDA:1,(anonymous_2)
FNDA:18,(anonymous_3)
FNDA:2222,(anonymous_4)
DA:15,18
DA:16,2220
DA:17,1859
DA:19,361
DA:23,18
DA:24,1
DA:25,1
DA:26,0
DA:28,1
DA:32,18
DA:33,1
DA:34,1
DA:36,1
DA:37,1
DA:38,1
DA:39,1
DA:40,1
DA:41,1
DA:42,0
DA:44,1
DA:45,1
DA:49,1
DA:52,18
DA:53,18
DA:54,2222
DA:55,2222
DA:56,2220
DA:57,2
DA:58,1
DA:60,1
LF:30
LH:28
BRDA:16,0,0,1859
BRDA:16,0,1,361
BRDA:25,1,0,0
BRDA:25,1,1,1
BRDA:40,2,0,1
BRDA:40,2,1,0
BRDA:41,3,0,0
BRDA:41,3,1,1
BRDA:54,4,0,2222
BRDA:54,4,1,2219
BRDA:55,5,0,2220
BRDA:55,5,1,2
BRDA:55,6,0,2222
BRDA:55,6,1,3
BRDA:55,6,2,2221
BRDA:55,6,3,2219
BRDA:57,7,0,1
BRDA:57,7,1,1
BRDA:57,8,0,2
BRDA:57,8,1,2
BRDA:57,8,2,1
BRDA:57,8,3,0
BRF:22
BRH:18
end_of_record
TN:
SF:src/utils/index-of.js
FN:3,(anonymous_0)
FNF:1
FNH:1
FNDA:3,(anonymous_0)
DA:1,18
DA:3,18
DA:4,3
DA:5,0
DA:6,0
DA:8,0
LF:6
LH:3
BRDA:4,0,0,3
BRDA:4,0,1,0
BRDA:6,1,0,0
BRDA:6,1,1,0
BRF:4
BRH:1
end_of_record
TN:
SF:src/utils/to-array.js
FN:12,toArray
FN:31,isArray
FNF:2
FNH:2
FNDA:364,toArray
FNDA:364,isArray
DA:12,17
DA:13,364
DA:14,364
DA:15,364
DA:16,364
DA:17,364
DA:18,364
DA:19,360
DA:21,360
DA:22,360
DA:23,41
DA:24,41
DA:27,360
DA:28,27
DA:32,364
LF:15
LH:15
BRDA:13,0,0,0
BRDA:13,0,1,364
BRDA:14,1,0,0
BRDA:14,1,1,364
BRDA:15,2,0,0
BRDA:15,2,1,364
BRDA:16,3,0,0
BRDA:16,3,1,364
BRDA:17,4,0,0
BRDA:17,4,1,364
BRDA:18,5,0,4
BRDA:18,5,1,360
BRDA:19,6,0,0
BRDA:19,6,1,360
BRDA:19,7,0,360
BRDA:19,7,1,0
BRDA:23,8,0,41
BRDA:23,8,1,0
BRDA:23,9,0,41
BRDA:23,9,1,0
BRDA:27,10,0,333
BRDA:27,10,1,27
BRF:22
BRH:13
end_of_record
TN:
SF:src/utils/to-string.js
FN:1,(anonymous_0)
FNF:1
FNH:1
FNDA:132,(anonymous_0)
DA:1,17
DA:2,132
DA:3,132
DA:4,132
DA:5,132
LF:5
LH:5
BRDA:2,0,0,23
BRDA:2,0,1,109
BRDA:3,1,0,2
BRDA:3,1,1,130
BRF:4
BRH:4
end_of_record
